 ***************************************************************************
 ALAMO version 2018.4.3. Built: LNX-64 Tue Apr 3 21:46:10 EDT 2018 
 
The options and data used in solving this problem are as follows:
 
NINPUTS           =             16
NOUTPUTS          =              1
NTRANS            =              0
NCVF              =              5
NPENL             =            100
NDATA             =            189
NPREDATA          =              0
NSAMPLE           =              0
NVALDATA          =              0
NVALSAMPLE        =              0
NVALSETS          =              0
PRFREQ            =              1
INITIALPOINTS     =            189
SAMPLER           =              1
MODELER           =              1
INITIALIZER       =              1
BUILDER           =              1
ENUM1             =             -1
ENUMALL           =              0
GREEDYBUILDER     =               T
NDGELS            =            120
REGULARIZER       =              0
TOLMAXERROR       = 0.500000007451E-001 
MAXSIM            =             10
MINPOINTS         =             16
MAXPOINTS         =             22
OBJFUN            =              1
SNOBFITP          = 0.5 
SNOBFITRESOLUTION = 0.100000000000E-004 
MAXTIME           = 1000 
DATALIMITTERMS    =               T
NUMLIMITBASIS     =               T
CONVPEN           = 0 
MONO              =              0
MULTI2            =              0
MULTI3            =              0
RATIOS            =              0
EXPFCNS           =               F
LINFCNS           =               T
LOGFCNS           =               F
SINFCNS           =               F
COSFCNS           =               F
CONSTANT          =               T
GRBFCNS           =               F
PRBF              =               F
LK                =               F
NCUSTOMBAS        =              0
OTHERBASIS        =              0
USEGPU            =               F
XSCALING          =               F
SCALEZ            =               F
MAXITER           =              1
TOLESTERROR       = 0.999999977648E-002 
TOLSSE            = 0 
FUNFORM           =              5
RBFPARAM          = 1 
PRESET            = -111111 
LINEARERROR       =               F
SOLVEMIP          =               F
DELTATERM         =               T
SHORTCUT          =               T
DIVE              =               T
FIRSTFEAS         =               F
MIPOPTCA          = 0.500000007451E-001 
MIPOPTCR          = 0.999999974738E-004 
CRTOL             = 0.100000000000E-002 
CRNINITIAL        =              0
CRMAXITER         =             10
CRNVIOL           =              5
CRNTRIALS         =            100
CRNCUSTOM         =              0
NGROUPS           =              8
SIMULATOR         =      mysim
SIMIN             =      input.txt
SIMOUT            =      output.txt
GAMS              =      gams
GAMSSOLVER        =      baron
GAMSNLPSOLVER     =      baron
SNOBFITTEST       =      test.mat
SNOBFITPATH       =      /usr/local/ALAMO/snobfit/
MINQPATH          =      /usr/local/ALAMO/minq5/
SCRATCH           =      almscr
===========================================================================

XLABELS           XMIN                  XMAX 
age1      -.127155745291        0.299536987619     
age2      -.572192584186E-001   0.659983137088     
age3      -.208005449794        0.618197133681     
lwt1      -.118809430662        0.286644314126     
lwt2      -.699772262746E-001   0.427098271755     
lwt3      -.256162883551        0.415747176167     
white      0.00000000000         1.00000000000     
black      0.00000000000         1.00000000000     
smoke      0.00000000000         1.00000000000     
ptl1       0.00000000000         1.00000000000     
ptl2m      0.00000000000         1.00000000000     
ht         0.00000000000         1.00000000000     
ui         0.00000000000         1.00000000000     
ftv1       0.00000000000         1.00000000000     
ftv2       0.00000000000         1.00000000000     
ftv3m      0.00000000000         1.00000000000     
ZLABELS   TOLMEANERROR          TOLRELMETRIC          TOLABSMETRIC            MAXTERMS                 ZISINT
Z1         0.00000000000        0.100000000000E-005   0.100000000000E-005           17    F

XDATA and ZDATA
  -.583343367574E-001 0.110462997599E-001 0.295618176563E-001 0.124462816211 -.213387110515E-001 -.130731102126 0 1 0 0 0 0 1 0 0 0 2.523 
  0.134365607138 0.552455294269E-001 -.969070455360E-001 0.600672214501E-001 -.692283139510E-001 -.333484133910E-001 0 0 0 0 0 0 0 0 0 1 2.551 
  -.445700550506E-001 -.941546880927E-002 0.450887738020E-001 -.591838799582E-001 0.374634908137E-001 0.461817812961E-002 1 0 1 0 0 0 0 1 0 0 2.557 
  -.308057733438E-001 -.262435671627E-001 0.524896404288E-001 -.520288138737E-001 0.239066443731E-001 0.190345789588E-001 1 0 1 0 0 0 1 0 1 0 2.594 
  -.720986184642E-001 0.351417385449E-001 0.482188216506E-002 -.544138359018E-001 0.283240990284E-001 0.145715383066E-001 1 0 1 0 0 0 1 0 0 0 2.6 
  -.308057733438E-001 -.262435671627E-001 0.524896404288E-001 -.138684614230E-001 -.329694245935E-001 0.495594719686E-001 0 0 0 0 0 0 0 0 0 0 2.622 
  -.170414916370E-001 -.394379953003E-001 0.528513073638E-001 -.281785935920E-001 -.146857234777E-001 0.464049318838E-001 1 0 0 0 0 0 0 1 0 0 2.637 
  -.858629001710E-001 0.628708475456E-001 -.302179224987E-001 -.639539240145E-001 0.470088592319E-001 -.674889818720E-002 0 0 0 0 0 0 0 1 0 0 2.637 
  0.793084803106E-001 -.300562262220E-001 -.504158700090E-001 -.162534834512E-001 -.301758764697E-001 0.496422192734E-001 1 0 1 0 0 0 0 1 0 0 2.663 
  0.380156351902E-001 -.558790056931E-001 0.564377472158E-002 -.401037037329E-001 0.334178346994E-002 0.364774537140E-001 1 0 1 0 0 0 0 0 0 0 2.665 
  -.583343367574E-001 0.110462997599E-001 0.295618176563E-001 -.830341002398E-001 0.892500992334E-001 -.674106282836E-001 0 0 0 0 0 0 0 0 0 0 2.722 
  -.583343367574E-001 0.110462997599E-001 0.295618176563E-001 0.481421113093E-001 -.699772262746E-001 -.133093532575E-001 0 0 0 0 0 0 0 1 0 0 2.733 
  -.170414916370E-001 -.394379953003E-001 0.528513073638E-001 -.830341002398E-001 0.892500992334E-001 -.674106282836E-001 0 0 0 0 0 1 0 0 0 0 2.751 
  0.930727620174E-001 -.141812926335E-001 -.672397668423E-001 -.544138359018E-001 0.283240990284E-001 0.145715383066E-001 0 0 0 1 0 0 1 0 1 0 2.75 
  -.720986184642E-001 0.351417385449E-001 0.482188216506E-002 -.711089900990E-001 0.620881180458E-001 -.265657592374E-001 1 0 1 0 0 0 0 0 0 0 2.769 
  -.720986184642E-001 0.351417385449E-001 0.482188216506E-002 -.711089900990E-001 0.620881180458E-001 -.265657592374E-001 1 0 1 0 0 0 0 0 0 0 2.769 
  -.113391463585 0.129230076194 -.135544698651 -.758790341553E-001 0.726484280462E-001 -.416981835292E-001 0 1 0 0 0 0 0 0 0 0 2.778 
  0.242513534834E-001 -.572192584186E-001 0.225700082857E-001 -.281785935920E-001 -.146857234777E-001 0.464049318838E-001 1 0 1 0 0 0 0 0 0 1 2.782 
  -.445700550506E-001 -.941546880927E-002 0.450887738020E-001 -.234085495357E-001 -.211862671492E-001 0.484564582082E-001 0 0 0 0 0 0 1 0 0 0 2.807 
  0.655441986038E-001 -.422974895948E-001 -.319360542526E-001 -.234085495357E-001 -.211862671492E-001 0.484564582082E-001 1 0 1 0 0 0 0 1 0 0 2.821 
  0.120601325431 0.284695851910E-001 -.915722444327E-001 -.210235275075E-001 -.242842977476E-001 0.490973140396E-001 0 0 0 0 0 0 0 0 1 0 2.835 
  0.106837043724 0.532731117088E-002 -.813208549259E-001 -.711089900990E-001 0.620881180458E-001 -.265657592374E-001 1 0 0 0 0 0 1 0 0 1 2.835 
  0.175658452258 0.157375383429 -.725430201557E-001 0.172163256774 0.618373232387E-001 -.13730429439 1 0 0 0 0 0 0 1 0 0 2.836 
  0.655441986038E-001 -.422974895948E-001 -.319360542526E-001 -.234085495357E-001 -.211862671492E-001 0.484564582082E-001 0 0 0 0 0 0 0 0 0 0 2.863 
  0.242513534834E-001 -.572192584186E-001 0.225700082857E-001 -.234085495357E-001 -.211862671492E-001 0.484564582082E-001 0 0 0 0 0 0 1 0 1 0 2.877 
  0.655441986038E-001 -.422974895948E-001 -.319360542526E-001 0.886874857881E-001 -.570785202357E-001 -.822523305670E-001 1 0 0 0 0 0 0 0 0 0 2.877 
  -.858629001710E-001 0.628708475456E-001 -.302179224987E-001 -.186385054794E-001 -.272808341878E-001 0.494903671793E-001 1 0 1 0 0 0 0 0 0 0 2.906 
  0.793084803106E-001 -.300562262220E-001 -.504158700090E-001 0.481421113093E-001 -.699772262746E-001 -.133093532575E-001 1 0 0 0 0 0 0 0 1 0 2.92 
  0.380156351902E-001 -.558790056931E-001 0.564377472158E-002 0.910725078162E-001 -.554063253977E-001 -.861218214494E-001 0 1 1 0 0 0 0 0 0 0 2.92 
  -.858629001710E-001 0.628708475456E-001 -.302179224987E-001 -.401037037329E-001 0.334178346994E-002 0.364774537140E-001 0 1 0 0 0 0 0 1 0 0 2.92 
  -.858629001710E-001 0.628708475456E-001 -.302179224987E-001 -.401037037329E-001 0.334178346994E-002 0.364774537140E-001 0 1 0 0 0 0 0 1 0 0 2.92 
  0.104870717766E-001 -.549258409283E-001 0.368046014653E-001 -.949592103807E-001 0.118949434377 -.118741634814 1 0 1 1 0 0 0 1 0 0 2.948 
  0.161894170551 0.119698428546 -.884793232243E-001 -.210235275075E-001 -.242842977476E-001 0.490973140396E-001 0 1 1 1 0 0 0 1 0 0 2.948 
  0.242513534834E-001 -.572192584186E-001 0.225700082857E-001 0.600672214501E-001 -.692283139510E-001 -.333484133910E-001 1 0 0 0 0 0 0 1 0 0 2.977 
  0.242513534834E-001 -.572192584186E-001 0.225700082857E-001 -.114834393949E-001 -.356614785590E-001 0.492487269112E-001 0 1 0 0 0 0 0 0 0 0 2.977 
  0.793084803106E-001 -.300562262220E-001 -.504158700090E-001 0.242918910276E-001 -.638629890550E-001 0.217169403256E-001 1 0 1 0 0 0 0 0 1 0 2.977 
  -.583343367574E-001 0.110462997599E-001 0.295618176563E-001 0.195218469713E-001 -.614222117125E-001 0.274649948147E-001 1 0 1 0 0 0 0 0 1 0 2.977 
  0.517799168970E-001 -.509050827519E-001 -.128872094001E-001 -.138684614230E-001 -.329694245935E-001 0.495594719686E-001 1 0 1 0 0 0 0 0 0 0 2.922 
  0.106837043724 0.532731117088E-002 -.813208549259E-001 0.20316854314 0.137672242466 -.833343646992E-001 1 0 1 0 0 0 0 0 1 0 3.005 
  0.134365607138 0.552455294269E-001 -.969070455360E-001 -.496437918455E-001 0.195906838760E-001 0.231639955153E-001 1 0 1 0 0 0 0 1 0 0 3.033 
  -.308057733438E-001 -.262435671627E-001 0.524896404288E-001 0.131617882295 -.114504069427E-001 -.136957595243 0 1 1 0 0 0 0 0 1 0 3.042 
  -.583343367574E-001 0.110462997599E-001 0.295618176563E-001 0.141157970408 0.315491675093E-002 -.142782940857 1 0 0 0 0 0 0 0 1 0 3.062 
  -.327720993019E-002 -.489987532222E-001 0.472606644337E-001 0.441670745957E-003 -.475993360132E-001 0.445060929616E-001 0 1 0 0 0 0 0 1 0 0 3.062 
  -.308057733438E-001 -.262435671627E-001 0.524896404288E-001 0.719923315909E-001 -.659420476719E-001 -.539711413453E-001 1 0 0 0 0 0 0 0 0 0 3.062 
  -.720986184642E-001 0.351417385449E-001 0.482188216506E-002 -.949592103807E-001 0.118949434377 -.118741634814 1 0 1 0 0 0 1 0 0 0 3.062 
  -.720986184642E-001 0.351417385449E-001 0.482188216506E-002 -.949592103807E-001 0.118949434377 -.118741634814 1 0 1 0 0 0 1 0 0 0 3.062 
  0.120601325431 0.284695851910E-001 -.915722444327E-001 0.521171480229E-002 -.516640198874E-001 0.412441127394E-001 1 0 0 0 0 0 0 0 0 1 3.08 
  -.583343367574E-001 0.110462997599E-001 0.295618176563E-001 0.521171480229E-002 -.516640198874E-001 0.412441127394E-001 0 0 0 0 0 0 0 0 0 0 3.09 
  0.104870717766E-001 -.549258409283E-001 0.368046014653E-001 -.353336596765E-001 -.417370178378E-002 0.413040810471E-001 1 0 0 0 0 0 0 0 1 0 3.09 
  -.170414916370E-001 -.394379953003E-001 0.528513073638E-001 -.106884320521 0.151186123475 -.181383984635 0 0 1 0 0 0 0 0 0 0 3.09 
  -.170414916370E-001 -.394379953003E-001 0.528513073638E-001 -.234085495357E-001 -.211862671492E-001 0.484564582082E-001 1 0 0 0 0 1 0 1 0 0 3.1 
  -.327720993019E-002 -.489987532222E-001 0.472606644337E-001 -.432837331037E-002 -.431286755062E-001 0.470145216883E-001 0 0 0 0 0 0 0 0 0 0 3.104 
  -.170414916370E-001 -.394379953003E-001 0.528513073638E-001 0.441670745957E-003 -.475993360132E-001 0.445060929616E-001 1 0 1 0 0 0 0 0 0 0 3.132 
  0.930727620174E-001 -.141812926335E-001 -.672397668423E-001 -.830341002398E-001 0.892500992334E-001 -.674106282836E-001 1 0 1 0 0 0 0 0 1 0 3.147 
  -.583343367574E-001 0.110462997599E-001 0.295618176563E-001 -.353336596765E-001 -.417370178378E-002 0.413040810471E-001 0 0 0 0 0 0 0 0 0 0 3.175 
  -.996271818777E-001 0.942336267622E-001 -.766444861619E-001 -.472587698173E-001 0.153762175372E-001 0.269663896226E-001 0 0 0 0 0 0 0 0 0 0 3.175 
  -.308057733438E-001 -.262435671627E-001 0.524896404288E-001 -.472587698173E-001 0.153762175372E-001 0.269663896226E-001 0 0 1 0 0 0 1 0 0 0 3.203 
  0.930727620174E-001 -.141812926335E-001 -.672397668423E-001 0.552971773938E-001 -.698323613551E-001 -.252165376740E-001 0 0 0 0 0 0 0 0 0 0 3.203 
  -.445700550506E-001 -.941546880927E-002 0.450887738020E-001 -.639539240145E-001 0.470088592319E-001 -.674889818720E-002 0 0 0 0 0 0 0 0 0 0 3.203 
  -.858629001710E-001 0.628708475456E-001 -.302179224987E-001 -.257935715639E-001 -.179867423925E-001 0.475611980383E-001 0 0 0 0 0 0 0 0 0 0 3.225 
  -.858629001710E-001 0.628708475456E-001 -.302179224987E-001 -.257935715639E-001 -.179867423925E-001 0.475611980383E-001 0 0 0 0 0 0 0 0 0 0 3.225 
  -.327720993019E-002 -.489987532222E-001 0.472606644337E-001 -.257935715639E-001 -.179867423925E-001 0.475611980383E-001 0 0 0 0 0 0 0 0 1 0 3.232 
  0.104870717766E-001 -.549258409283E-001 0.368046014653E-001 -.472587698173E-001 0.153762175372E-001 0.269663896226E-001 0 0 0 0 0 0 0 0 0 0 3.232 
  0.655441986038E-001 -.422974895948E-001 -.319360542526E-001 0.242918910276E-001 -.638629890550E-001 0.217169403256E-001 1 0 0 0 0 0 0 0 0 0 3.234 
  0.380156351902E-001 -.558790056931E-001 0.564377472158E-002 0.759673683045E-002 -.535441205871E-001 0.393470449336E-001 0 0 1 0 1 0 0 0 0 0 3.26 
  -.445700550506E-001 -.941546880927E-002 0.450887738020E-001 0.934575298444E-001 -.536326364014E-001 -.899288376409E-001 0 0 0 1 0 0 1 1 0 0 3.274 
  0.104870717766E-001 -.549258409283E-001 0.368046014653E-001 -.353336596765E-001 -.417370178378E-002 0.413040810471E-001 0 0 0 0 0 0 0 0 1 0 3.274 
  0.655441986038E-001 -.422974895948E-001 -.319360542526E-001 0.286644314126 0.427098271755 0.415747176167 0 0 1 0 0 0 0 0 0 1 3.303 
  -.445700550506E-001 -.941546880927E-002 0.450887738020E-001 0.266769130558E-001 -.649311364890E-001 0.186560551436E-001 1 0 0 0 1 0 1 1 0 0 3.317 
  -.170414916370E-001 -.394379953003E-001 0.528513073638E-001 0.672222875346E-001 -.675610366582E-001 -.457048231966E-001 0 1 0 1 0 0 0 0 1 0 3.317 
  -.170414916370E-001 -.394379953003E-001 0.528513073638E-001 -.424887257610E-001 0.725176733413E-002 0.336165170755E-001 1 0 1 0 1 0 0 0 0 0 3.317 
  0.106837043724 0.532731117088E-002 -.813208549259E-001 0.481421113093E-001 -.699772262746E-001 -.133093532575E-001 0 0 1 0 0 0 0 0 1 0 3.321 
  -.327720993019E-002 -.489987532222E-001 0.472606644337E-001 -.353336596765E-001 -.417370178378E-002 0.413040810471E-001 0 0 1 0 0 0 0 1 0 0 3.331 
  -.996271818777E-001 0.942336267622E-001 -.766444861619E-001 -.424887257610E-001 0.725176733413E-002 0.336165170755E-001 0 1 0 0 0 0 0 0 0 0 3.374 
  -.996271818777E-001 0.942336267622E-001 -.766444861619E-001 0.123667808868E-001 -.569998395119E-001 0.350537621646E-001 1 0 1 0 0 0 0 0 0 0 3.374 
  -.720986184642E-001 0.351417385449E-001 0.482188216506E-002 0.236558851534 0.238523012923 0.456531437028E-001 0 1 0 0 0 0 0 0 0 0 3.402 
  0.242513534834E-001 -.572192584186E-001 0.225700082857E-001 0.242918910276E-001 -.638629890550E-001 0.217169403256E-001 1 0 0 0 0 0 0 1 0 0 3.416 
  0.120601325431 0.284695851910E-001 -.915722444327E-001 0.998175885862E-002 -.553227271286E-001 0.372813941932E-001 1 0 1 1 0 0 0 0 0 1 3.43 
  -.445700550506E-001 -.941546880927E-002 0.450887738020E-001 -.210235275075E-001 -.242842977476E-001 0.490973140396E-001 0 1 1 0 0 0 0 0 0 0 3.444 
  -.327720993019E-002 -.489987532222E-001 0.472606644337E-001 0.143542992436 0.705998306989E-002 -.143753008211 1 0 0 0 0 0 0 0 0 0 3.459 
  -.170414916370E-001 -.394379953003E-001 0.528513073638E-001 0.282669277412E-002 -.496824250294E-001 0.429659959643E-001 1 0 0 0 0 0 0 1 0 0 3.46 
  0.120601325431 0.284695851910E-001 -.915722444327E-001 0.958425518726E-001 -.517574532469E-001 -.936667774951E-001 1 0 0 0 0 0 0 0 0 0 3.473 
  0.930727620174E-001 -.141812926335E-001 -.672397668423E-001 -.472587698173E-001 0.153762175372E-001 0.269663896226E-001 0 0 0 0 0 0 0 0 0 0 3.544 
  -.445700550506E-001 -.941546880927E-002 0.450887738020E-001 -.671339533854E-002 -.407411040154E-001 0.479696501246E-001 0 0 0 0 0 0 0 0 0 0 3.487 
  -.327720993019E-002 -.489987532222E-001 0.472606644337E-001 -.162534834512E-001 -.301758764697E-001 0.496422192734E-001 0 0 0 0 0 0 0 0 0 0 3.544 
  -.858629001710E-001 0.628708475456E-001 -.302179224987E-001 -.234085495357E-001 -.211862671492E-001 0.484564582082E-001 0 0 1 0 0 0 0 0 0 0 3.572 
  -.583343367574E-001 0.110462997599E-001 0.295618176563E-001 -.591838799582E-001 0.374634908137E-001 0.461817812961E-002 0 0 0 0 0 0 0 0 0 0 3.572 
  -.327720993019E-002 -.489987532222E-001 0.472606644337E-001 0.441670745957E-003 -.475993360132E-001 0.445060929616E-001 1 0 0 0 0 0 0 0 0 0 3.586 
  0.175658452258 0.157375383429 -.725430201557E-001 0.107767662013 -.408591251010E-001 -.11108927408 1 0 0 0 0 0 0 0 0 0 3.6 
  -.170414916370E-001 -.394379953003E-001 0.528513073638E-001 -.114834393949E-001 -.356614785590E-001 0.492487269112E-001 1 0 0 0 0 0 0 1 0 0 3.614 
  0.104870717766E-001 -.549258409283E-001 0.368046014653E-001 0.759673683045E-002 -.535441205871E-001 0.393470449336E-001 1 0 0 0 0 0 0 0 0 0 3.614 
  -.308057733438E-001 -.262435671627E-001 0.524896404288E-001 0.998175885862E-002 -.553227271286E-001 0.372813941932E-001 0 0 0 0 0 0 0 0 1 0 3.629 
  -.583343367574E-001 0.110462997599E-001 0.295618176563E-001 0.250868983703 0.287834421183 0.12778774845 1 0 1 0 0 1 0 0 0 0 3.629 
  0.242513534834E-001 -.572192584186E-001 0.225700082857E-001 -.830341002398E-001 0.892500992334E-001 -.674106282836E-001 1 0 1 0 1 0 1 0 0 0 3.637 
  -.996271818777E-001 0.942336267622E-001 -.766444861619E-001 0.123667808868E-001 -.569998395119E-001 0.350537621646E-001 1 0 1 0 0 0 0 0 0 0 3.643 
  0.793084803106E-001 -.300562262220E-001 -.504158700090E-001 0.123667808868E-001 -.569998395119E-001 0.350537621646E-001 1 0 0 0 0 0 0 1 0 0 3.651 
  0.793084803106E-001 -.300562262220E-001 -.504158700090E-001 0.576821994219E-001 -.695810847322E-001 -.292675013529E-001 1 0 0 0 0 0 0 1 0 0 3.651 
  -.583343367574E-001 0.110462997599E-001 0.295618176563E-001 0.409870452248E-001 -.692086437701E-001 -.190936334649E-002 1 0 1 0 0 0 0 0 0 0 3.651 
  -.583343367574E-001 0.110462997599E-001 0.295618176563E-001 0.409870452248E-001 -.692086437701E-001 -.190936334649E-002 1 0 1 0 0 0 0 0 0 0 3.651 
  0.930727620174E-001 -.141812926335E-001 -.672397668423E-001 0.171368249431E-001 -.600495818038E-001 0.301389608290E-001 1 0 0 0 0 0 0 1 0 0 3.699 
  0.104870717766E-001 -.549258409283E-001 0.368046014653E-001 -.472587698173E-001 0.153762175372E-001 0.269663896226E-001 1 0 0 0 0 0 0 1 0 0 3.728 
  -.583343367574E-001 0.110462997599E-001 0.295618176563E-001 0.129232860267 -.148480024705E-001 -.135047998023 1 0 1 0 0 1 0 0 0 0 3.756 
  0.104870717766E-001 -.549258409283E-001 0.368046014653E-001 -.472587698173E-001 0.153762175372E-001 0.269663896226E-001 0 0 0 1 0 0 0 0 0 0 3.77 
  -.327720993019E-002 -.489987532222E-001 0.472606644337E-001 -.472587698173E-001 0.153762175372E-001 0.269663896226E-001 1 0 0 0 0 0 0 1 0 0 3.77 
  -.445700550506E-001 -.941546880927E-002 0.450887738020E-001 -.234085495357E-001 -.211862671492E-001 0.484564582082E-001 0 0 0 0 0 0 0 0 0 0 3.77 
  0.242513534834E-001 -.572192584186E-001 0.225700082857E-001 0.265179115872 0.34079961914 0.22809461329 0 1 0 0 0 1 0 0 0 0 3.79 
  0.930727620174E-001 -.141812926335E-001 -.672397668423E-001 -.424887257610E-001 0.725176733413E-002 0.336165170755E-001 1 0 0 0 0 0 0 1 0 0 3.799 
  -.170414916370E-001 -.394379953003E-001 0.528513073638E-001 0.934575298444E-001 -.536326364014E-001 -.899288376409E-001 1 0 0 0 0 0 0 0 0 0 3.827 
  -.720986184642E-001 0.351417385449E-001 0.482188216506E-002 -.234085495357E-001 -.211862671492E-001 0.484564582082E-001 1 0 1 0 0 0 0 0 1 0 3.856 
  -.996271818777E-001 0.942336267622E-001 -.766444861619E-001 0.958425518726E-001 -.517574532469E-001 -.936667774951E-001 0 1 0 0 0 0 0 0 0 1 3.86 
  0.120601325431 0.284695851910E-001 -.915722444327E-001 0.134002904323 -.795131725659E-002 -.138692489784 1 0 0 0 0 0 0 0 1 0 3.86 
  -.720986184642E-001 0.351417385449E-001 0.482188216506E-002 -.234085495357E-001 -.211862671492E-001 0.484564582082E-001 0 0 0 0 0 0 0 1 0 0 3.884 
  0.793084803106E-001 -.300562262220E-001 -.504158700090E-001 0.441670745957E-003 -.475993360132E-001 0.445060929616E-001 1 0 1 0 0 0 0 0 1 0 3.884 
  0.134365607138 0.552455294269E-001 -.969070455360E-001 -.305636156202E-001 -.112832104046E-001 0.449810580980E-001 1 0 0 0 0 0 1 1 0 0 3.912 
  -.445700550506E-001 -.941546880927E-002 0.450887738020E-001 0.958425518726E-001 -.517574532469E-001 -.936667774951E-001 1 0 1 0 0 0 0 0 0 0 3.94 
  0.655441986038E-001 -.422974895948E-001 -.319360542526E-001 0.998175885862E-002 -.553227271286E-001 0.372813941932E-001 0 0 0 0 0 0 0 1 0 0 3.941 
  -.127155745291 0.167860195843 -.208005449794 0.123667808868E-001 -.569998395119E-001 0.350537621646E-001 1 0 0 0 0 0 0 0 0 0 3.941 
  0.655441986038E-001 -.422974895948E-001 -.319360542526E-001 0.441670745957E-003 -.475993360132E-001 0.445060929616E-001 0 0 0 0 0 0 0 0 0 0 3.969 
  0.242513534834E-001 -.572192584186E-001 0.225700082857E-001 -.234085495357E-001 -.211862671492E-001 0.484564582082E-001 1 0 0 0 0 0 0 0 1 0 3.983 
  -.996271818777E-001 0.942336267622E-001 -.766444861619E-001 -.830341002398E-001 0.892500992334E-001 -.674106282836E-001 0 0 0 0 0 0 0 1 0 0 3.997 
  -.445700550506E-001 -.941546880927E-002 0.450887738020E-001 0.672222875346E-001 -.675610366582E-001 -.457048231966E-001 1 0 0 0 0 0 0 1 0 0 3.997 
  0.380156351902E-001 -.558790056931E-001 0.564377472158E-002 0.719923315909E-001 -.659420476719E-001 -.539711413453E-001 0 0 0 0 0 0 0 0 0 0 4.054 
  -.308057733438E-001 -.262435671627E-001 0.524896404288E-001 -.353336596765E-001 -.417370178378E-002 0.413040810471E-001 1 0 0 0 0 0 0 1 0 0 4.054 
  -.170414916370E-001 -.394379953003E-001 0.528513073638E-001 -.194335128221E-002 -.454147528388E-001 0.458578020851E-001 1 0 0 0 0 0 0 0 0 0 4.111 
  0.242513534834E-001 -.572192584186E-001 0.225700082857E-001 0.441670745957E-003 -.475993360132E-001 0.445060929616E-001 1 0 0 0 0 0 0 0 1 0 4.153 
  0.106837043724 0.532731117088E-002 -.813208549259E-001 -.234085495357E-001 -.211862671492E-001 0.484564582082E-001 1 0 0 0 0 0 0 0 1 0 4.167 
  0.161894170551 0.119698428546 -.884793232243E-001 0.958425518726E-001 -.517574532469E-001 -.936667774951E-001 1 0 0 1 0 0 0 1 0 0 4.174 
  -.583343367574E-001 0.110462997599E-001 0.295618176563E-001 -.234085495357E-001 -.211862671492E-001 0.484564582082E-001 1 0 1 0 0 0 0 0 0 0 4.238 
  0.104870717766E-001 -.549258409283E-001 0.368046014653E-001 -.329486376484E-001 -.777920317330E-002 0.432829750346E-001 1 0 0 0 0 0 0 1 0 0 4.593 
  0.299536987619 0.659983137088 0.618197133681 -.162534834512E-001 -.301758764697E-001 0.496422192734E-001 1 0 0 0 0 0 0 1 0 0 4.99 
  0.655441986038E-001 -.422974895948E-001 -.319360542526E-001 -.234085495357E-001 -.211862671492E-001 0.484564582082E-001 0 0 1 1 0 0 1 0 0 0 0.709 
  0.793084803106E-001 -.300562262220E-001 -.504158700090E-001 0.441670745957E-003 -.475993360132E-001 0.445060929616E-001 1 0 0 0 0 0 1 0 1 0 1.021 
  0.148129888845 0.856551438786E-001 -.962383684088E-001 0.136387926351 -.435073341231E-002 -.140246079997 0 1 1 0 0 1 0 0 0 0 1.135 
  0.242513534834E-001 -.572192584186E-001 0.225700082857E-001 -.591838799582E-001 0.374634908137E-001 0.461817812961E-002 0 0 0 1 0 1 0 0 0 0 1.33 
  0.242513534834E-001 -.572192584186E-001 0.225700082857E-001 -.106884320521 0.151186123475 -.181383984635 0 0 0 0 0 0 1 0 0 0 1.474 
  0.517799168970E-001 -.509050827519E-001 -.128872094001E-001 0.481421113093E-001 -.699772262746E-001 -.133093532575E-001 0 0 0 0 0 0 0 0 0 0 1.588 
  -.327720993019E-002 -.489987532222E-001 0.472606644337E-001 -.782640561835E-001 0.780808242837E-001 -.498605556920E-001 0 0 0 0 0 0 1 1 0 0 1.588 
  0.104870717766E-001 -.549258409283E-001 0.368046014653E-001 -.432837331037E-002 -.431286755062E-001 0.470145216883E-001 0 1 0 1 0 0 0 1 0 0 1.701 
  0.104870717766E-001 -.549258409283E-001 0.368046014653E-001 0.521171480229E-002 -.516640198874E-001 0.412441127394E-001 0 0 0 0 0 1 0 0 0 0 1.729 
  -.308057733438E-001 -.262435671627E-001 0.524896404288E-001 0.839174417317E-001 -.601184274372E-001 -.743523313151E-001 1 0 1 0 0 1 0 1 0 0 1.79 
  0.120601325431 0.284695851910E-001 -.915722444327E-001 -.591838799582E-001 0.374634908137E-001 0.461817812961E-002 1 0 1 0 0 0 0 0 0 0 1.818 
  -.583343367574E-001 0.110462997599E-001 0.295618176563E-001 -.925741883525E-001 0.112806579032 -.107596932631 1 0 1 0 1 0 1 0 0 0 1.885 
  0.242513534834E-001 -.572192584186E-001 0.225700082857E-001 -.353336596765E-001 -.417370178378E-002 0.413040810471E-001 0 0 0 0 0 0 0 0 0 0 1.893 
  -.996271818777E-001 0.942336267622E-001 -.766444861619E-001 0.441670745957E-003 -.475993360132E-001 0.445060929616E-001 0 0 0 0 0 0 0 1 0 0 1.899 
  0.242513534834E-001 -.572192584186E-001 0.225700082857E-001 -.901891663243E-001 0.106765217845 -.968980825323E-001 1 0 1 0 0 0 0 0 0 0 1.928 
  -.445700550506E-001 -.941546880927E-002 0.450887738020E-001 0.481421113093E-001 -.699772262746E-001 -.133093532575E-001 1 0 1 0 0 0 0 0 1 0 1.928 
  -.308057733438E-001 -.262435671627E-001 0.524896404288E-001 0.167393212718 0.516928249617E-001 -.140940309893 0 1 0 0 0 0 1 0 1 0 1.928 
  0.104870717766E-001 -.549258409283E-001 0.368046014653E-001 0.600672214501E-001 -.692283139510E-001 -.333484133910E-001 1 0 1 1 0 0 0 0 0 0 1.936 
  -.308057733438E-001 -.262435671627E-001 0.524896404288E-001 -.639539240145E-001 0.470088592319E-001 -.674889818720E-002 0 0 0 0 0 0 0 0 0 0 1.97 
  -.445700550506E-001 -.941546880927E-002 0.450887738020E-001 -.114834393949E-001 -.356614785590E-001 0.492487269112E-001 0 0 0 0 0 0 1 0 0 0 2.055 
  0.242513534834E-001 -.572192584186E-001 0.225700082857E-001 -.973442324088E-001 0.12519378388 -.130338790729 0 0 0 0 1 0 0 1 0 0 2.055 
  -.583343367574E-001 0.110462997599E-001 0.295618176563E-001 -.663389460427E-001 0.519337846783E-001 -.129790840142E-001 1 0 0 0 0 0 0 0 1 0 2.082 
  -.583343367574E-001 0.110462997599E-001 0.295618176563E-001 -.424887257610E-001 0.725176733413E-002 0.336165170755E-001 1 0 1 0 0 0 1 0 0 0 2.084 
  0.380156351902E-001 -.558790056931E-001 0.564377472158E-002 -.305636156202E-001 -.112832104046E-001 0.449810580980E-001 1 0 1 1 0 0 0 0 0 0 2.084 
  0.104870717766E-001 -.549258409283E-001 0.368046014653E-001 0.195218469713E-001 -.614222117125E-001 0.274649948147E-001 1 0 0 0 0 0 0 0 0 0 2.1 
  -.858629001710E-001 0.628708475456E-001 -.302179224987E-001 0.441670745957E-003 -.475993360132E-001 0.445060929616E-001 0 0 1 1 0 0 1 0 0 0 2.125 
  -.445700550506E-001 -.941546880927E-002 0.450887738020E-001 -.234085495357E-001 -.211862671492E-001 0.484564582082E-001 0 1 1 0 0 0 0 0 0 1 2.126 
  -.170414916370E-001 -.394379953003E-001 0.528513073638E-001 0.441670745957E-003 -.475993360132E-001 0.445060929616E-001 1 0 1 1 0 0 1 1 0 0 2.187 
  0.517799168970E-001 -.509050827519E-001 -.128872094001E-001 0.441670745957E-003 -.475993360132E-001 0.445060929616E-001 0 1 0 0 0 0 1 0 0 0 2.187 
  -.445700550506E-001 -.941546880927E-002 0.450887738020E-001 -.118809430662 0.18596016653 -.256162883551 0 0 1 0 0 0 1 0 0 0 2.211 
  -.858629001710E-001 0.628708475456E-001 -.302179224987E-001 -.472587698173E-001 0.153762175372E-001 0.269663896226E-001 1 0 1 0 0 0 0 0 0 0 2.225 
  0.242513534834E-001 -.572192584186E-001 0.225700082857E-001 -.591838799582E-001 0.374634908137E-001 0.461817812961E-002 0 0 0 1 0 0 0 1 0 0 2.24 
  -.445700550506E-001 -.941546880927E-002 0.450887738020E-001 -.496437918455E-001 0.195906838760E-001 0.231639955153E-001 0 0 0 0 0 0 0 0 0 0 2.24 
  -.720986184642E-001 0.351417385449E-001 0.482188216506E-002 0.433720672529E-001 -.695663320965E-001 -.564200229439E-002 0 0 0 0 0 0 0 0 0 0 2.282 
  -.720986184642E-001 0.351417385449E-001 0.482188216506E-002 -.472587698173E-001 0.153762175372E-001 0.269663896226E-001 0 1 1 1 0 0 0 0 0 0 2.296 
  -.445700550506E-001 -.941546880927E-002 0.450887738020E-001 -.210235275075E-001 -.242842977476E-001 0.490973140396E-001 1 0 1 1 0 0 1 0 0 0 2.296 
  -.308057733438E-001 -.262435671627E-001 0.524896404288E-001 -.711089900990E-001 0.620881180458E-001 -.265657592374E-001 0 0 0 1 0 0 0 0 0 1 2.301 
  0.380156351902E-001 -.558790056931E-001 0.564377472158E-002 -.806490782117E-001 0.836147146795E-001 -.584291700613E-001 0 0 0 0 0 0 0 0 0 0 2.325 
  0.106837043724 0.532731117088E-002 -.813208549259E-001 -.663389460427E-001 0.519337846783E-001 -.129790840142E-001 1 0 1 1 0 0 0 1 0 0 2.353 
  -.113391463585 0.129230076194 -.135544698651 -.472587698173E-001 0.153762175372E-001 0.269663896226E-001 1 0 0 0 0 0 0 0 0 0 2.353 
  -.327720993019E-002 -.489987532222E-001 0.472606644337E-001 0.136387926351 -.435073341231E-002 -.140246079997 0 1 1 0 0 0 0 1 0 0 2.367 
  -.445700550506E-001 -.941546880927E-002 0.450887738020E-001 -.186385054794E-001 -.272808341878E-001 0.494903671793E-001 0 1 1 0 0 0 0 0 0 0 2.381 
  0.104870717766E-001 -.549258409283E-001 0.368046014653E-001 -.591838799582E-001 0.374634908137E-001 0.461817812961E-002 0 1 1 0 0 0 0 0 0 0 2.381 
  -.113391463585 0.129230076194 -.135544698651 -.353336596765E-001 -.417370178378E-002 0.413040810471E-001 0 0 0 0 0 0 1 0 0 0 2.381 
  -.327720993019E-002 -.489987532222E-001 0.472606644337E-001 -.234085495357E-001 -.211862671492E-001 0.484564582082E-001 0 0 0 0 0 0 0 0 0 0 2.41 
  0.930727620174E-001 -.141812926335E-001 -.672397668423E-001 0.290619350839E-001 -.658977897647E-001 0.154794001986E-001 1 0 1 1 0 0 0 0 0 0 2.41 
  -.170414916370E-001 -.394379953003E-001 0.528513073638E-001 0.441670745957E-003 -.475993360132E-001 0.445060929616E-001 1 0 1 0 0 0 0 1 0 0 2.41 
  -.858629001710E-001 0.628708475456E-001 -.302179224987E-001 -.234085495357E-001 -.211862671492E-001 0.484564582082E-001 1 0 1 0 0 0 0 0 0 1 2.414 
  -.327720993019E-002 -.489987532222E-001 0.472606644337E-001 -.472587698173E-001 0.153762175372E-001 0.269663896226E-001 1 0 1 1 0 0 0 0 0 0 2.424 
  -.858629001710E-001 0.628708475456E-001 -.302179224987E-001 -.234085495357E-001 -.211862671492E-001 0.484564582082E-001 0 1 0 0 0 0 0 0 1 0 2.438 
  0.380156351902E-001 -.558790056931E-001 0.564377472158E-002 0.576821994219E-001 -.695810847322E-001 -.292675013529E-001 0 0 0 1 0 1 0 1 0 0 2.442 
  -.445700550506E-001 -.941546880927E-002 0.450887738020E-001 -.591838799582E-001 0.374634908137E-001 0.461817812961E-002 0 0 0 0 0 0 0 0 0 1 2.45 
  0.380156351902E-001 -.558790056931E-001 0.564377472158E-002 0.143542992436 0.705998306989E-002 -.143753008211 1 0 1 0 0 0 0 0 0 0 2.466 
  -.127155745291 0.167860195843 -.208005449794 -.687239680708E-001 0.569602042829E-001 -.195825038154E-001 0 0 1 1 0 0 0 0 0 0 2.466 
  0.655441986038E-001 -.422974895948E-001 -.319360542526E-001 -.830341002398E-001 0.892500992334E-001 -.674106282836E-001 1 0 1 0 0 0 0 0 1 0 2.466 
  -.127155745291 0.167860195843 -.208005449794 -.711089900990E-001 0.620881180458E-001 -.265657592374E-001 0 0 0 0 0 0 0 0 1 0 2.495 
  -.327720993019E-002 -.489987532222E-001 0.472606644337E-001 -.854191222680E-001 0.949869779456E-001 -.768115320052E-001 0 0 1 0 0 0 0 0 0 0 2.495 
  -.858629001710E-001 0.628708475456E-001 -.302179224987E-001 0.290619350839E-001 -.658977897647E-001 0.154794001986E-001 0 1 0 0 0 1 0 0 0 0 2.495 
  -.308057733438E-001 -.262435671627E-001 0.524896404288E-001 0.441670745957E-003 -.475993360132E-001 0.445060929616E-001 1 0 1 0 0 1 0 0 0 1 2.495 
===========================================================================
Total number of bases considered =        17

BASES considered
 age1
 age2
 age3
 lwt1
 lwt2
 lwt3
 white
 black
 smoke
 ptl1
 ptl2m
 ht
 ui
 ftv1
 ftv2
 ftv3m
 1.00
===========================================================================
 BEGIN_GROUPS
 1 lin 1 2 3 -1111
 2 lin 4 5 6 -1111
 3 lin 7 8 -1111
 4 lin 9 -1111
 5 lin 10 11 -1111
 6 lin 12 -1111
 7 lin 13 -1111
 8 lin 14 15 16 -1111
 end_groups
 
 Step 0: Initializing data set
 User provided an initial data set of 189 data points
 We will sample no more data points at this stage
 ***************************************************************************
 Iteration 1 (Approx. elapsed time 0.18E-01 s)
 
 Step 1: Model building using BIC
 
 Model building for variable Z1
 sigma in almsurr1 =   0.600461832799567
 ----
 BIC = -115. with Z1 = 2.9445873015873011979693
 ----
 BIC = -126. with Z1 =  - 0.58127329192546517422358 * ui + 3.0307018633540367957835
 ----
 BIC = -130. with Z1 = 0.30673091734966306809440 * white - 0.56555571386251579646398 * ui + 2.8725735022358866999070
 ----
 BIC = -139. with Z1 = 0.42899912174298121536609 * white - 0.39732916008915097894061 * smoke - 0.52535702667325789860797 * ui + 2.9600816873339801382770
 ----
 BIC = -140. with Z1 = 0.41413652669746942036610 * white - 0.38773131059518023411314 * smoke - 0.47357356696159425002435 * ht - 0.56223572010932154618956 * ui + 2.9994047269189740845263
 ----
 BIC = -140. with Z1 = 1.6208809523673939345656 * lwt1 + 0.38969492447342546359579 * white - 0.37028936754463581682018 * smoke - 0.58442655024259759777294 * ht - 0.52254001440270536615884 * ui + 3.0061478278044493350762
 ----
 BIC = -140. with Z1 = 1.4756882500213732711813 * age2 + 1.6114499049903103777837 * lwt1 + 0.38351191699946834967605 * white - 0.36190087692013728215557 * smoke - 0.55868855946026796388537 * ht - 0.51319418663380012013420 * ui + 3.0029852952349775918606
 
 Calculating quality metrics on observed data set.
 Errors on observed data points 
 (for each data point: x, z, zmodel, square error, absolute error):
  -.583343367574E-001 0.110462997599E-001 0.295618176563E-001 0.124462816211 -.213387110515E-001 -.130731102126 0 1 0 0 0 0 1 0 0 0 2.523 2.70665759672 0.337301128331E-001 7.27933399605 
  0.134365607138 0.552455294269E-001 -.969070455360E-001 0.600672214501E-001 -.692283139510E-001 -.333484133910E-001 0 0 0 0 0 0 0 0 0 1 2.551 3.18130579218 0.39728539165 24.7081847187 
  -.445700550506E-001 -.941546880927E-002 0.450887738020E-001 -.591838799582E-001 0.374634908137E-001 0.461817812961E-002 1 0 1 0 0 0 0 1 0 0 2.557 2.91533018089 0.128400518536 14.0136949898 
  -.308057733438E-001 -.262435671627E-001 0.524896404288E-001 -.520288138737E-001 0.239066443731E-001 0.190345789588E-001 1 0 1 0 0 0 1 0 1 0 2.594 2.38883299781 0.420934987891E-001 7.90929075534 
  -.720986184642E-001 0.351417385449E-001 0.482188216506E-002 -.544138359018E-001 0.283240990284E-001 0.145715383066E-001 1 0 1 0 0 0 1 0 0 0 2.6 2.47557522864 0.154815237274E-001 4.78556812914 
  -.308057733438E-001 -.262435671627E-001 0.524896404288E-001 -.138684614230E-001 -.329694245935E-001 0.495594719686E-001 0 0 0 0 0 0 0 0 0 0 2.622 2.94190964069 0.102342178208 12.2009779059 
  -.170414916370E-001 -.394379953003E-001 0.528513073638E-001 -.281785935920E-001 -.146857234777E-001 0.464049318838E-001 1 0 0 0 0 0 0 1 0 0 2.637 3.282890634 0.417174711087 24.4933877133 
  -.858629001710E-001 0.628708475456E-001 -.302179224987E-001 -.639539240145E-001 0.470088592319E-001 -.674889818720E-002 0 0 0 0 0 0 0 1 0 0 2.637 2.99270452145 0.12652570658 13.488984507 
  0.793084803106E-001 -.300562262220E-001 -.504158700090E-001 -.162534834512E-001 -.301758764697E-001 0.496422192734E-001 1 0 1 0 0 0 0 1 0 0 2.663 2.95405104108 0.847107085110E-001 10.9294420231 
  0.380156351902E-001 -.558790056931E-001 0.564377472158E-002 -.401037037329E-001 0.334178346994E-002 0.364774537140E-001 1 0 1 0 0 0 0 0 0 0 2.665 2.87751123362 0.451610244147E-001 7.97415510769 
  -.583343367574E-001 0.110462997599E-001 0.295618176563E-001 -.830341002398E-001 0.892500992334E-001 -.674106282836E-001 0 0 0 0 0 0 0 0 0 0 2.722 2.88548089705 0.267260037017E-001 6.00591098657 
  -.583343367574E-001 0.110462997599E-001 0.295618176563E-001 0.481421113093E-001 -.699772262746E-001 -.133093532575E-001 0 0 0 0 0 0 0 1 0 0 2.733 3.09686479069 0.132397585906 13.3137501168 
  -.170414916370E-001 -.394379953003E-001 0.528513073638E-001 -.830341002398E-001 0.892500992334E-001 -.674106282836E-001 0 0 0 0 0 1 0 0 0 0 2.751 2.25229325656 0.248708415949 18.1281985982 
  0.930727620174E-001 -.141812926335E-001 -.672397668423E-001 -.544138359018E-001 0.283240990284E-001 0.145715383066E-001 0 0 0 1 0 0 1 0 1 0 2.75 2.381178771 0.136029098963 13.4116810546 
  -.720986184642E-001 0.351417385449E-001 0.482188216506E-002 -.711089900990E-001 0.620881180458E-001 -.265657592374E-001 1 0 1 0 0 0 0 0 0 0 2.769 2.96186601063 0.371972980568E-001 6.96518637166 
  -.720986184642E-001 0.351417385449E-001 0.482188216506E-002 -.711089900990E-001 0.620881180458E-001 -.265657592374E-001 1 0 1 0 0 0 0 0 0 0 2.769 2.96186601063 0.371972980568E-001 6.96518637166 
  -.113391463585 0.129230076194 -.135544698651 -.758790341553E-001 0.726484280462E-001 -.416981835292E-001 0 1 0 0 0 0 0 0 0 0 2.778 3.07141333784 0.860913868248E-001 10.5620351996 
  0.242513534834E-001 -.572192584186E-001 0.225700082857E-001 -.281785935920E-001 -.146857234777E-001 0.464049318838E-001 1 0 1 0 0 0 0 0 0 1 2.782 2.89475015602 0.127125976835E-001 4.05284529204 
  -.445700550506E-001 -.941546880927E-002 0.450887738020E-001 -.234085495357E-001 -.211862671492E-001 0.484564582082E-001 0 0 0 0 0 0 1 0 0 0 2.807 2.43817510699 0.136031801707 13.1394689353 
  0.655441986038E-001 -.422974895948E-001 -.319360542526E-001 -.234085495357E-001 -.211862671492E-001 0.484564582082E-001 1 0 1 0 0 0 0 1 0 0 2.821 2.92445672199 0.107032933246E-001 3.66737759619 
  0.120601325431 0.284695851910E-001 -.915722444327E-001 -.210235275075E-001 -.242842977476E-001 0.490973140396E-001 0 0 0 0 0 0 0 0 1 0 2.835 3.01111916618 0.310179606959E-001 6.21231626736 
  0.106837043724 0.532731117088E-002 -.813208549259E-001 -.711089900990E-001 0.620881180458E-001 -.265657592374E-001 1 0 0 0 0 0 1 0 0 1 2.835 2.76657590076 0.468185735670E-002 2.41354847405 
  0.175658452258 0.157375383429 -.725430201557E-001 0.172163256774 0.618373232387E-001 -.13730429439 1 0 0 0 0 0 0 1 0 0 2.836 3.89616668017 1.12395338975 37.38246404 
  0.655441986038E-001 -.422974895948E-001 -.319360542526E-001 -.234085495357E-001 -.211862671492E-001 0.484564582082E-001 0 0 0 0 0 0 0 0 0 0 2.863 2.90284568191 0.158767836681E-002 1.39174578796 
  0.242513534834E-001 -.572192584186E-001 0.225700082857E-001 -.234085495357E-001 -.211862671492E-001 0.484564582082E-001 0 0 0 0 0 0 1 0 1 0 2.877 2.36763161635 0.259456150259 17.7048447566 
  0.655441986038E-001 -.422974895948E-001 -.319360542526E-001 0.886874857881E-001 -.570785202357E-001 -.822523305670E-001 1 0 0 0 0 0 0 0 0 0 2.877 3.46699474438 0.348093798397 20.5072903852 
  -.858629001710E-001 0.628708475456E-001 -.302179224987E-001 -.186385054794E-001 -.272808341878E-001 0.494903671793E-001 1 0 1 0 0 0 0 0 0 0 2.906 3.08733908842 0.328838649899E-001 6.24016133594 
  0.793084803106E-001 -.300562262220E-001 -.504158700090E-001 0.481421113093E-001 -.699772262746E-001 -.133093532575E-001 1 0 0 0 0 0 0 0 1 0 2.92 3.41972219305 0.249722270231 17.1137737347 
  0.380156351902E-001 -.558790056931E-001 0.564377472158E-002 0.910725078162E-001 -.554063253977E-001 -.861218214494E-001 0 1 1 0 0 0 0 0 0 0 2.92 2.70538321026 0.460603664390E-001 7.34989005965 
  -.858629001710E-001 0.628708475456E-001 -.302179224987E-001 -.401037037329E-001 0.334178346994E-002 0.364774537140E-001 0 1 0 0 0 0 0 1 0 0 2.92 3.03113795666 0.123516454099E-001 3.80609440606 
  -.858629001710E-001 0.628708475456E-001 -.302179224987E-001 -.401037037329E-001 0.334178346994E-002 0.364774537140E-001 0 1 0 0 0 0 0 1 0 0 2.92 3.03113795666 0.123516454099E-001 3.80609440606 
  0.104870717766E-001 -.549258409283E-001 0.368046014653E-001 -.949592103807E-001 0.118949434377 -.118741634814 1 0 1 1 0 0 0 1 0 0 2.948 2.79052090669 0.247996648303E-001 5.34189597395 
  0.161894170551 0.119698428546 -.884793232243E-001 -.210235275075E-001 -.242842977476E-001 0.490973140396E-001 0 1 1 1 0 0 0 1 0 0 2.948 2.78384362146 0.269473166148E-001 5.56839818651 
  0.242513534834E-001 -.572192584186E-001 0.225700082857E-001 0.600672214501E-001 -.692283139510E-001 -.333484133910E-001 1 0 0 0 0 0 0 1 0 0 2.977 3.39885474321 0.177961424369 14.1704650054 
  0.242513534834E-001 -.572192584186E-001 0.225700082857E-001 -.114834393949E-001 -.356614785590E-001 0.492487269112E-001 0 1 0 0 0 0 0 0 0 0 2.977 2.90004252059 0.592245363715E-002 2.58506816964 
  0.793084803106E-001 -.300562262220E-001 -.504158700090E-001 0.242918910276E-001 -.638629890550E-001 0.217169403256E-001 1 0 1 0 0 0 0 0 1 0 2.977 3.01938788093 0.179673244948E-002 1.42384551317 
  -.583343367574E-001 0.110462997599E-001 0.295618176563E-001 0.195218469713E-001 -.614222117125E-001 0.274649948147E-001 1 0 1 0 0 0 0 0 1 0 2.977 3.07235570852 0.909271114799E-002 3.20308056847 
  0.517799168970E-001 -.509050827519E-001 -.128872094001E-001 -.138684614230E-001 -.329694245935E-001 0.495594719686E-001 1 0 1 0 0 0 0 0 0 0 2.922 2.92712797199 0.262960967149E-004 0.175495276814 
  0.106837043724 0.532731117088E-002 -.813208549259E-001 0.20316854314 0.137672242466 -.833343646992E-001 1 0 1 0 0 0 0 0 1 0 3.005 3.35985371535 0.1259211593 11.8087758853 
  0.134365607138 0.552455294269E-001 -.969070455360E-001 -.496437918455E-001 0.195906838760E-001 0.231639955153E-001 1 0 1 0 0 0 0 1 0 0 3.033 3.0261230303 0.472927122133E-004 0.226738203 
  -.308057733438E-001 -.262435671627E-001 0.524896404288E-001 0.131617882295 -.114504069427E-001 -.136957595243 0 1 1 0 0 0 0 0 1 0 3.042 2.81445271853 0.517777653028E-001 7.48018676747 
  -.583343367574E-001 0.110462997599E-001 0.295618176563E-001 0.141157970408 0.315491675093E-002 -.142782940857 1 0 0 0 0 0 0 0 1 0 3.062 3.630267105 0.322927502623 18.5586905617 
  -.327720993019E-002 -.489987532222E-001 0.472606644337E-001 0.441670745957E-003 -.475993360132E-001 0.445060929616E-001 0 1 0 0 0 0 0 1 0 0 3.062 2.93139014112 0.170589352364E-001 4.26550812799 
  -.308057733438E-001 -.262435671627E-001 0.524896404288E-001 0.719923315909E-001 -.659420476719E-001 -.539711413453E-001 1 0 0 0 0 0 0 0 0 0 3.062 3.46378192444 0.161428714804 13.1215520717 
  -.720986184642E-001 0.351417385449E-001 0.482188216506E-002 -.949592103807E-001 0.118949434377 -.118741634814 1 0 1 0 0 0 1 0 0 0 3.062 2.41023838879 0.424793197846 21.2854869761 
  -.720986184642E-001 0.351417385449E-001 0.482188216506E-002 -.949592103807E-001 0.118949434377 -.118741634814 1 0 1 0 0 0 1 0 0 0 3.062 2.41023838879 0.424793197846 21.2854869761 
  0.120601325431 0.284695851910E-001 -.915722444327E-001 0.521171480229E-002 -.516640198874E-001 0.412441127394E-001 1 0 0 0 0 0 0 0 0 1 3.08 3.43690786191 0.127383221891 11.5879175944 
  -.583343367574E-001 0.110462997599E-001 0.295618176563E-001 0.521171480229E-002 -.516640198874E-001 0.412441127394E-001 0 0 0 0 0 0 0 0 0 0 3.09 3.02768460732 0.388320816488E-002 2.01667937476 
  0.104870717766E-001 -.549258409283E-001 0.368046014653E-001 -.353336596765E-001 -.417370178378E-002 0.413040810471E-001 1 0 0 0 0 0 0 0 1 0 3.09 3.24850537163 0.251239528341E-001 5.1296236772 
  -.170414916370E-001 -.394379953003E-001 0.528513073638E-001 -.106884320521 0.151186123475 -.181383984635 0 0 1 0 0 0 0 0 0 0 3.09 2.4106475039 0.461519813962 21.9855176733 
  -.170414916370E-001 -.394379953003E-001 0.528513073638E-001 -.234085495357E-001 -.211862671492E-001 0.484564582082E-001 1 0 0 0 0 1 0 1 0 0 3.1 2.73188876158 0.135505883851 11.8745560781 
  -.327720993019E-002 -.489987532222E-001 0.472606644337E-001 -.432837331037E-002 -.431286755062E-001 0.470145216883E-001 0 0 0 0 0 0 0 0 0 0 3.104 2.92370345408 0.325068444708E-001 5.80852274228 
  -.170414916370E-001 -.394379953003E-001 0.528513073638E-001 0.441670745957E-003 -.475993360132E-001 0.445060929616E-001 1 0 1 0 0 0 0 0 0 0 3.132 2.96710987933 0.271887518956E-001 5.2646909538 
  0.930727620174E-001 -.141812926335E-001 -.672397668423E-001 -.830341002398E-001 0.892500992334E-001 -.674106282836E-001 1 0 1 0 0 0 0 0 1 0 3.147 2.86986387546 0.768044315236E-001 8.80635921632 
  -.583343367574E-001 0.110462997599E-001 0.295618176563E-001 -.353336596765E-001 -.417370178378E-002 0.413040810471E-001 0 0 0 0 0 0 0 0 0 0 3.175 2.96234776747 0.452209720008E-001 6.69770811124 
  -.996271818777E-001 0.942336267622E-001 -.766444861619E-001 -.472587698173E-001 0.153762175372E-001 0.269663896226E-001 0 0 0 0 0 0 0 0 0 0 3.175 3.06588961087 0.119050770155E-001 3.43654768905 
  -.308057733438E-001 -.262435671627E-001 0.524896404288E-001 -.472587698173E-001 0.153762175372E-001 0.269663896226E-001 0 0 1 0 0 0 1 0 0 0 3.203 2.01300776785 1.41608151258 37.1524268546 
  0.930727620174E-001 -.141812926335E-001 -.672397668423E-001 0.552971773938E-001 -.698323613551E-001 -.252165376740E-001 0 0 0 0 0 0 0 0 0 0 3.203 3.07116675958 0.173800032788E-001 4.11593007858 
  -.445700550506E-001 -.941546880927E-002 0.450887738020E-001 -.639539240145E-001 0.470088592319E-001 -.674889818720E-002 0 0 0 0 0 0 0 0 0 0 3.203 2.88603245377 0.100468425364 9.8959583588 
  -.858629001710E-001 0.628708475456E-001 -.302179224987E-001 -.257935715639E-001 -.179867423925E-001 0.475611980383E-001 0 0 0 0 0 0 0 0 0 0 3.225 3.05419801778 0.291733171299E-001 5.29618549516 
  -.858629001710E-001 0.628708475456E-001 -.302179224987E-001 -.257935715639E-001 -.179867423925E-001 0.475611980383E-001 0 0 0 0 0 0 0 0 0 0 3.225 3.05419801778 0.291733171299E-001 5.29618549516 
  -.327720993019E-002 -.489987532222E-001 0.472606644337E-001 -.257935715639E-001 -.179867423925E-001 0.475611980383E-001 0 0 0 0 0 0 0 0 1 0 3.232 2.88911336239 0.117571246249 10.6091162626 
  0.104870717766E-001 -.549258409283E-001 0.368046014653E-001 -.472587698173E-001 0.153762175372E-001 0.269663896226E-001 0 0 0 0 0 0 0 0 0 0 3.232 2.84577673702 0.149168408865 11.9499771961 
  0.655441986038E-001 -.422974895948E-001 -.319360542526E-001 0.242918910276E-001 -.638629890550E-001 0.217169403256E-001 1 0 0 0 0 0 0 0 0 0 3.234 3.36322446932 0.166989634717E-001 3.99580919364 
  0.380156351902E-001 -.558790056931E-001 0.564377472158E-002 0.759673683045E-002 -.535441205871E-001 0.393470449336E-001 0 0 1 0 1 0 0 0 0 0 3.26 2.57086618703 0.474905412173 21.1390740174 
  -.445700550506E-001 -.941546880927E-002 0.450887738020E-001 0.934575298444E-001 -.536326364014E-001 -.899288376409E-001 0 0 0 1 0 0 1 1 0 0 3.274 2.6264989395 0.41925762335 19.7770635461 
  0.104870717766E-001 -.549258409283E-001 0.368046014653E-001 -.353336596765E-001 -.417370178378E-002 0.413040810471E-001 0 0 0 0 0 0 0 0 1 0 3.274 2.86499345463 0.167286354159 12.4925640004 
  0.655441986038E-001 -.422974895948E-001 -.319360542526E-001 0.286644314126 0.427098271755 0.415747176167 0 0 1 0 0 0 0 0 0 1 3.303 3.04057946268 0.688645384082E-001 7.94491484474 
  -.445700550506E-001 -.941546880927E-002 0.450887738020E-001 0.266769130558E-001 -.649311364890E-001 0.186560551436E-001 1 0 0 0 1 0 1 1 0 0 3.317 2.90239723792 0.171895450325 12.4993295773 
  -.170414916370E-001 -.394379953003E-001 0.528513073638E-001 0.672222875346E-001 -.675610366582E-001 -.457048231966E-001 0 1 0 1 0 0 0 0 1 0 3.317 3.05311245783 0.696366349142E-001 7.95560874806 
  -.170414916370E-001 -.394379953003E-001 0.528513073638E-001 -.424887257610E-001 0.725176733413E-002 0.336165170755E-001 1 0 1 0 1 0 0 0 0 0 3.317 2.89792969595 0.175619919733 12.6340157988 
  0.106837043724 0.532731117088E-002 -.813208549259E-001 0.481421113093E-001 -.699772262746E-001 -.133093532575E-001 0 0 1 0 0 0 0 0 1 0 3.321 2.72652446951 0.353401156352 17.9004977564 
  -.327720993019E-002 -.489987532222E-001 0.472606644337E-001 -.353336596765E-001 -.417370178378E-002 0.413040810471E-001 0 0 1 0 0 0 0 1 0 0 3.331 2.51183911139 0.671024561428 24.592041087 
  -.996271818777E-001 0.942336267622E-001 -.766444861619E-001 -.424887257610E-001 0.725176733413E-002 0.336165170755E-001 0 1 0 0 0 0 0 0 0 0 3.374 3.07357629791 0.902544007750E-001 8.90408127107 
  -.996271818777E-001 0.942336267622E-001 -.766444861619E-001 0.123667808868E-001 -.569998395119E-001 0.350537621646E-001 1 0 1 0 0 0 0 0 0 0 3.374 3.18358423897 0.362581620490E-001 5.64362065889 
  -.720986184642E-001 0.351417385449E-001 0.482188216506E-002 0.236558851534 0.238523012923 0.456531437028E-001 0 1 0 0 0 0 0 0 0 0 3.402 3.43604628472 0.115914950327E-002 1.00077262553 
  0.242513534834E-001 -.572192584186E-001 0.225700082857E-001 0.242918910276E-001 -.638629890550E-001 0.217169403256E-001 1 0 0 0 0 0 0 1 0 0 3.416 3.3412045904 0.559435329728E-002 2.18956117097 
  0.120601325431 0.284695851910E-001 -.915722444327E-001 0.998175885862E-002 -.553227271286E-001 0.372813941932E-001 1 0 1 1 0 0 0 0 0 1 3.43 3.08269367203 0.120621685449 10.1255489205 
  -.445700550506E-001 -.941546880927E-002 0.450887738020E-001 -.210235275075E-001 -.242842977476E-001 0.490973140396E-001 0 1 1 0 0 0 0 0 0 0 3.444 2.59331176022 0.7236704813 24.7005876823 
  -.327720993019E-002 -.489987532222E-001 0.472606644337E-001 0.143542992436 0.705998306989E-002 -.143753008211 1 0 0 0 0 0 0 0 0 0 3.459 3.54550266936 0.748271180668E-002 2.50079992372 
  -.170414916370E-001 -.394379953003E-001 0.528513073638E-001 0.282669277412E-002 -.496824250294E-001 0.429659959643E-001 1 0 0 0 0 0 0 1 0 0 3.46 3.33285409977 0.161660799459E-001 3.67473700093 
  0.120601325431 0.284695851910E-001 -.915722444327E-001 0.958425518726E-001 -.517574532469E-001 -.936667774951E-001 1 0 0 0 0 0 0 0 0 0 3.473 3.58295491569 0.120900834850E-001 3.16599238966 
  0.930727620174E-001 -.141812926335E-001 -.672397668423E-001 -.472587698173E-001 0.153762175372E-001 0.269663896226E-001 0 0 0 0 0 0 0 0 0 0 3.544 2.90590298819 0.407167796476 18.0049946898 
  -.445700550506E-001 -.941546880927E-002 0.450887738020E-001 -.671339533854E-002 -.407411040154E-001 0.479696501246E-001 0 0 0 0 0 0 0 0 0 0 3.487 2.97827269826 0.258803467531 14.5892544232 
  -.327720993019E-002 -.489987532222E-001 0.472606644337E-001 -.162534834512E-001 -.301758764697E-001 0.496422192734E-001 0 0 0 0 0 0 0 0 0 0 3.544 2.90448673648 0.408977214223 18.0449566457 
  -.858629001710E-001 0.628708475456E-001 -.302179224987E-001 -.234085495357E-001 -.211862671492E-001 0.484564582082E-001 0 0 1 0 0 0 0 0 0 0 3.572 2.69614048438 0.767129891099 24.5201432144 
  -.583343367574E-001 0.110462997599E-001 0.295618176563E-001 -.591838799582E-001 0.374634908137E-001 0.461817812961E-002 0 0 0 0 0 0 0 0 0 0 3.572 2.92391433226 0.420015032728 18.1434957374 
  -.327720993019E-002 -.489987532222E-001 0.472606644337E-001 0.441670745957E-003 -.475993360132E-001 0.445060929616E-001 1 0 0 0 0 0 0 0 0 0 3.586 3.31490205812 0.734940940914E-001 7.55989798883 
  0.175658452258 0.157375383429 -.725430201557E-001 0.107767662013 -.408591251010E-001 -.11108927408 1 0 0 0 0 0 0 0 0 0 3.6 3.79239640512 0.370163767016E-001 5.34434458656 
  -.170414916370E-001 -.394379953003E-001 0.528513073638E-001 -.114834393949E-001 -.356614785590E-001 0.492487269112E-001 1 0 0 0 0 0 0 1 0 0 3.614 3.30979403864 0.925412669248E-001 8.41743113881 
  0.104870717766E-001 -.549258409283E-001 0.368046014653E-001 0.759673683045E-002 -.535441205871E-001 0.393470449336E-001 1 0 0 0 0 0 0 0 0 0 3.614 3.317685555 0.878022503170E-001 8.19907152746 
  -.308057733438E-001 -.262435671627E-001 0.524896404288E-001 0.998175885862E-002 -.553227271286E-001 0.372813941932E-001 0 0 0 0 0 0 0 0 1 0 3.629 2.9803430759 0.420755805185 17.8742607909 
  -.583343367574E-001 0.110462997599E-001 0.295618176563E-001 0.250868983703 0.287834421183 0.12778774845 1 0 1 0 0 1 0 0 0 0 3.629 2.88647147057 0.551348617018 20.4609680196 
  0.242513534834E-001 -.572192584186E-001 0.225700082857E-001 -.830341002398E-001 0.892500992334E-001 -.674106282836E-001 1 0 1 0 1 0 1 0 0 0 3.637 2.29315906841 1.8059084494 36.9491595157 
  -.996271818777E-001 0.942336267622E-001 -.766444861619E-001 0.123667808868E-001 -.569998395119E-001 0.350537621646E-001 1 0 1 0 0 0 0 0 0 0 3.643 3.18358423897 0.211062841484 12.6109185021 
  0.793084803106E-001 -.300562262220E-001 -.504158700090E-001 0.123667808868E-001 -.569998395119E-001 0.350537621646E-001 1 0 0 0 0 0 0 1 0 0 3.651 3.36207204024 0.834793659290E-001 7.9136663861 
  0.793084803106E-001 -.300562262220E-001 -.504158700090E-001 0.576821994219E-001 -.695810847322E-001 -.292675013529E-001 1 0 0 0 0 0 0 1 0 0 3.651 3.43509556714 0.466147241300E-001 5.91356978536 
  -.583343367574E-001 0.110462997599E-001 0.295618176563E-001 0.409870452248E-001 -.692086437701E-001 -.190936334649E-002 1 0 1 0 0 0 0 0 0 0 3.651 3.10694580021 0.29599497231 14.9015119088 
  -.583343367574E-001 0.110462997599E-001 0.295618176563E-001 0.409870452248E-001 -.692086437701E-001 -.190936334649E-002 1 0 1 0 0 0 0 0 0 0 3.651 3.10694580021 0.29599497231 14.9015119088 
  0.930727620174E-001 -.141812926335E-001 -.672397668423E-001 0.171368249431E-001 -.600495818038E-001 0.301389608290E-001 1 0 0 0 0 0 0 1 0 0 3.699 3.39318518025 0.935227039778E-001 8.26749985803 
  0.104870717766E-001 -.549258409283E-001 0.368046014653E-001 -.472587698173E-001 0.153762175372E-001 0.269663896226E-001 1 0 0 0 0 0 0 1 0 0 3.728 3.22928865402 0.248713006607 13.3774502677 
  -.583343367574E-001 0.110462997599E-001 0.295618176563E-001 0.129232860267 -.148480024705E-001 -.135047998023 1 0 1 0 0 1 0 0 0 0 3.756 2.69046095101 1.13537346491 28.3689842648 
  0.104870717766E-001 -.549258409283E-001 0.368046014653E-001 -.472587698173E-001 0.153762175372E-001 0.269663896226E-001 0 0 0 1 0 0 0 0 0 0 3.77 2.84577673702 0.854188639829 24.5152059145 
  -.327720993019E-002 -.489987532222E-001 0.472606644337E-001 -.472587698173E-001 0.153762175372E-001 0.269663896226E-001 1 0 0 0 0 0 0 1 0 0 3.77 3.23803518771 0.282986561518 14.1104724746 
  -.445700550506E-001 -.941546880927E-002 0.450887738020E-001 -.234085495357E-001 -.211862671492E-001 0.484564582082E-001 0 0 0 0 0 0 0 0 0 0 3.77 2.95136929362 0.670156233429 21.7143423443 
  0.242513534834E-001 -.572192584186E-001 0.225700082857E-001 0.265179115872 0.34079961914 0.22809461329 0 1 0 0 0 1 0 0 0 0 3.79 2.78718180953 1.00564432314 26.459582862 
  0.930727620174E-001 -.141812926335E-001 -.672397668423E-001 -.424887257610E-001 0.725176733413E-002 0.336165170755E-001 1 0 0 0 0 0 0 1 0 0 3.799 3.29710159223 0.251902011718 13.2113295016 
  -.170414916370E-001 -.394379953003E-001 0.528513073638E-001 0.934575298444E-001 -.536326364014E-001 -.899288376409E-001 1 0 0 0 0 0 0 0 0 0 3.827 3.47890115355 0.121172806897 9.09586742739 
  -.720986184642E-001 0.351417385449E-001 0.482188216506E-002 -.234085495357E-001 -.211862671492E-001 0.484564582082E-001 1 0 1 0 0 0 0 0 1 0 3.856 3.03873288105 0.667925543725 21.1946866949 
  -.996271818777E-001 0.942336267622E-001 -.766444861619E-001 0.958425518726E-001 -.517574532469E-001 -.936667774951E-001 0 1 0 0 0 0 0 0 0 1 3.86 3.29649022211 0.317543269773 14.598698909 
  0.120601325431 0.284695851910E-001 -.915722444327E-001 0.134002904323 -.795131725659E-002 -.138692489784 1 0 0 0 0 0 0 0 1 0 3.86 3.64444841202 0.464624870790E-001 5.58423803047 
  -.720986184642E-001 0.351417385449E-001 0.482188216506E-002 -.234085495357E-001 -.211862671492E-001 0.484564582082E-001 0 0 0 0 0 0 0 1 0 0 3.884 3.01712184097 0.751477742611 22.3192110977 
  0.793084803106E-001 -.300562262220E-001 -.504158700090E-001 0.441670745957E-003 -.475993360132E-001 0.445060929616E-001 1 0 1 0 0 0 0 0 1 0 3.884 2.98095444572 0.815491273105 23.2504004706 
  0.134365607138 0.552455294269E-001 -.969070455360E-001 -.305636156202E-001 -.112832104046E-001 0.449810580980E-001 1 0 0 0 0 0 1 1 0 0 3.912 2.90557646875 1.01288832424 25.7265728846 
  -.445700550506E-001 -.941546880927E-002 0.450887738020E-001 0.958425518726E-001 -.517574532469E-001 -.936667774951E-001 1 0 1 0 0 0 0 0 0 0 3.94 3.16514750973 0.600396381673 19.6663068596 
  0.655441986038E-001 -.422974895948E-001 -.319360542526E-001 0.998175885862E-002 -.553227271286E-001 0.372813941932E-001 0 0 0 0 0 0 0 1 0 0 3.941 2.9566524912 0.968940018083 24.9770999442 
  -.127155745291 0.167860195843 -.208005449794 0.123667808868E-001 -.569998395119E-001 0.350537621646E-001 1 0 0 0 0 0 0 0 0 0 3.941 3.65413497877 0.822915404049E-001 7.27899064272 
  0.655441986038E-001 -.422974895948E-001 -.319360542526E-001 0.441670745957E-003 -.475993360132E-001 0.445060929616E-001 0 0 0 0 0 0 0 0 0 0 3.969 2.94127911712 1.05621021312 25.8936982334 
  0.242513534834E-001 -.572192584186E-001 0.225700082857E-001 -.234085495357E-001 -.211862671492E-001 0.484564582082E-001 1 0 0 0 0 0 0 0 1 0 3.983 3.26433771999 0.516475472715 18.0432407736 
  -.996271818777E-001 0.942336267622E-001 -.766444861619E-001 -.830341002398E-001 0.892500992334E-001 -.674106282836E-001 0 0 0 0 0 0 0 1 0 0 3.997 3.00823945806 0.977647409293 24.7375667235 
  -.445700550506E-001 -.941546880927E-002 0.450887738020E-001 0.672222875346E-001 -.675610366582E-001 -.457048231966E-001 1 0 0 0 0 0 0 1 0 0 3.997 3.4809282644 0.26633003628 12.9114769976 
  0.380156351902E-001 -.558790056931E-001 0.564377472158E-002 0.719923315909E-001 -.659420476719E-001 -.539711413453E-001 0 0 0 0 0 0 0 0 0 0 4.054 3.03653733901 1.0352302665 25.097746941 
  -.308057733438E-001 -.262435671627E-001 0.524896404288E-001 -.353336596765E-001 -.417370178378E-002 0.413040810471E-001 1 0 0 0 0 0 0 1 0 0 4.054 3.29083146601 0.58242621128 18.8250748395 
  -.170414916370E-001 -.394379953003E-001 0.528513073638E-001 -.194335128221E-002 -.454147528388E-001 0.458578020851E-001 1 0 0 0 0 0 0 0 0 0 4.111 3.32516741273 0.617532855221 19.1153633489 
  0.242513534834E-001 -.572192584186E-001 0.225700082857E-001 0.441670745957E-003 -.475993360132E-001 0.445060929616E-001 1 0 0 0 0 0 0 0 1 0 4.153 3.30277115519 0.722889088542 20.4726425429 
  0.106837043724 0.532731117088E-002 -.813208549259E-001 -.234085495357E-001 -.211862671492E-001 0.484564582082E-001 1 0 0 0 0 0 0 0 1 0 4.167 3.35663695781 0.65668826015 19.44715724 
  0.161894170551 0.119698428546 -.884793232243E-001 0.958425518726E-001 -.517574532469E-001 -.936667774951E-001 1 0 0 1 0 0 0 1 0 0 4.174 3.71758024789 0.208318990112 10.9348287519 
  -.583343367574E-001 0.110462997599E-001 0.295618176563E-001 -.234085495357E-001 -.211862671492E-001 0.484564582082E-001 1 0 1 0 0 0 0 0 0 0 4.238 3.00317552515 1.52479148369 29.1369625967 
  0.104870717766E-001 -.549258409283E-001 0.368046014653E-001 -.329486376484E-001 -.777920317330E-002 0.432829750346E-001 1 0 0 0 0 0 0 1 0 0 4.593 3.25234871515 1.79734586758 29.1890112095 
  0.299536987619 0.659983137088 0.618197133681 -.162534834512E-001 -.301758764697E-001 0.496422192734E-001 1 0 0 0 0 0 0 1 0 0 4.99 4.33423489848 0.430027868365 13.1415852007 
  0.655441986038E-001 -.422974895948E-001 -.319360542526E-001 -.234085495357E-001 -.211862671492E-001 0.484564582082E-001 0 0 1 1 0 0 1 0 0 0 0.709 2.02775061836 1.73910319341 186.001497652 
  0.793084803106E-001 -.300562262220E-001 -.504158700090E-001 0.441670745957E-003 -.475993360132E-001 0.445060929616E-001 1 0 0 0 0 0 1 0 1 0 1.021 2.82966113601 3.2712551049 177.146046622 
  0.148129888845 0.856551438786E-001 -.962383684088E-001 0.136387926351 -.435073341231E-002 -.140246079997 0 1 1 0 0 1 0 0 0 0 1.135 2.42857845919 1.67334523008 113.971670413 
  0.242513534834E-001 -.572192584186E-001 0.225700082857E-001 -.591838799582E-001 0.374634908137E-001 0.461817812961E-002 0 0 0 1 0 1 0 0 0 0 1.33 2.26448709072 0.873266122715 70.2621872719 
  0.242513534834E-001 -.572192584186E-001 0.225700082857E-001 -.106884320521 0.151186123475 -.181383984635 0 0 0 0 0 0 1 0 0 0 1.474 2.23311459313 0.576254965501 51.5003116098 
  0.517799168970E-001 -.509050827519E-001 -.128872094001E-001 0.481421113093E-001 -.699772262746E-001 -.133093532575E-001 0 0 0 0 0 0 0 0 0 0 1.588 3.00544386345 2.00914710602 89.2596891339 
  -.327720993019E-002 -.489987532222E-001 0.472606644337E-001 -.782640561835E-001 0.780808242837E-001 -.498605556920E-001 0 0 0 0 0 0 1 1 0 0 1.588 2.2913656183 0.494723193013 44.2925452333 
  0.104870717766E-001 -.549258409283E-001 0.368046014653E-001 -.432837331037E-002 -.431286755062E-001 0.470145216883E-001 0 1 0 1 0 0 0 1 0 0 1.701 2.91495692039 1.47369140457 71.3672498762 
  0.104870717766E-001 -.549258409283E-001 0.368046014653E-001 0.521171480229E-002 -.516640198874E-001 0.412441127394E-001 0 0 0 0 0 1 0 0 0 0 1.729 2.37164173502 0.412988399586 37.1684057269 
  -.308057733438E-001 -.262435671627E-001 0.524896404288E-001 0.839174417317E-001 -.601184274372E-001 -.743523313151E-001 1 0 1 0 0 1 0 1 0 0 1.79 2.56240920566 0.596615980987 43.1513522715 
  0.120601325431 0.284695851910E-001 -.915722444327E-001 -.591838799582E-001 0.374634908137E-001 0.461817812961E-002 1 0 1 0 0 0 0 0 0 0 1.818 2.97123670993 1.32995490913 63.4343624823 
  -.583343367574E-001 0.110462997599E-001 0.295618176563E-001 -.925741883525E-001 0.112806579032 -.107596932631 1 0 1 0 1 0 1 0 0 0 1.885 2.37852437642 0.243566310118 26.1816645314 
  0.242513534834E-001 -.572192584186E-001 0.225700082857E-001 -.353336596765E-001 -.417370178378E-002 0.413040810471E-001 0 0 0 0 0 0 0 0 0 0 1.893 2.86160908538 0.938203560287 51.167939006 
  -.996271818777E-001 0.942336267622E-001 -.766444861619E-001 0.441670745957E-003 -.475993360132E-001 0.445060929616E-001 0 0 0 0 0 0 0 1 0 0 1.899 3.14275648129 1.54693018474 65.495338667 
  0.242513534834E-001 -.572192584186E-001 0.225700082857E-001 -.901891663243E-001 0.106765217845 -.968980825323E-001 1 0 1 0 0 0 0 0 0 0 1.928 2.79482322449 0.751382502509 44.9597108136 
  -.445700550506E-001 -.941546880927E-002 0.450887738020E-001 0.481421113093E-001 -.699772262746E-001 -.133093532575E-001 1 0 1 0 0 0 0 0 1 0 1.928 3.08828063932 1.34625116198 60.180531085 
  -.308057733438E-001 -.262435671627E-001 0.524896404288E-001 0.167393212718 0.516928249617E-001 -.140940309893 0 1 0 0 0 0 1 0 1 0 1.928 2.72080956163 0.628547001012 41.1208278854 
  0.104870717766E-001 -.549258409283E-001 0.368046014653E-001 0.600672214501E-001 -.692283139510E-001 -.333484133910E-001 1 0 1 1 0 0 0 0 0 0 1.936 3.04033823553 1.21956293846 57.0422642321 
  -.308057733438E-001 -.262435671627E-001 0.524896404288E-001 -.639539240145E-001 0.470088592319E-001 -.674889818720E-002 0 0 0 0 0 0 0 0 0 0 1.97 2.86119942676 0.794236418253 45.2385495816 
  -.445700550506E-001 -.941546880927E-002 0.450887738020E-001 -.114834393949E-001 -.356614785590E-001 0.492487269112E-001 0 0 0 0 0 0 1 0 0 0 2.055 2.45739182459 0.161919180496 19.5811106856 
  0.242513534834E-001 -.572192584186E-001 0.225700082857E-001 -.973442324088E-001 0.12519378388 -.130338790729 0 0 0 0 1 0 0 1 0 0 2.055 2.76168215385 0.499399666563 34.3884259779 
  -.583343367574E-001 0.110462997599E-001 0.295618176563E-001 -.663389460427E-001 0.519337846783E-001 -.129790840142E-001 1 0 0 0 0 0 0 0 1 0 2.082 3.2958962187 1.47354402977 58.3043332708 
  -.583343367574E-001 0.110462997599E-001 0.295618176563E-001 -.424887257610E-001 0.725176733413E-002 0.336165170755E-001 1 0 1 0 0 0 1 0 0 0 2.084 2.45923459035 0.140800997796 18.0054985773 
  0.380156351902E-001 -.558790056931E-001 0.564377472158E-002 -.305636156202E-001 -.112832104046E-001 0.449810580980E-001 1 0 1 1 0 0 0 0 0 0 2.084 2.8928846077 0.654294308579 38.8140406767 
  0.104870717766E-001 -.549258409283E-001 0.368046014653E-001 0.195218469713E-001 -.614222117125E-001 0.274649948147E-001 1 0 0 0 0 0 0 0 0 0 2.1 3.3369022726 1.52992723197 58.9001082191 
  -.858629001710E-001 0.628708475456E-001 -.302179224987E-001 0.441670745957E-003 -.475993360132E-001 0.445060929616E-001 0 0 1 1 0 0 1 0 0 0 2.125 2.22137973295 0.928905292441E-002 4.53551684492 
  -.445700550506E-001 -.941546880927E-002 0.450887738020E-001 -.234085495357E-001 -.211862671492E-001 0.484564582082E-001 0 1 1 0 0 0 0 0 0 1 2.126 2.5894684167 0.214802973278 21.8000196002 
  -.170414916370E-001 -.394379953003E-001 0.528513073638E-001 0.441670745957E-003 -.475993360132E-001 0.445060929616E-001 1 0 1 1 0 0 1 1 0 0 2.187 2.45391569269 0.712439870058E-001 12.2046498717 
  0.517799168970E-001 -.509050827519E-001 -.128872094001E-001 0.441670745957E-003 -.475993360132E-001 0.445060929616E-001 0 1 0 0 0 0 1 0 0 0 2.187 2.4153828064 0.521587062589E-001 10.4427437768 
  -.445700550506E-001 -.941546880927E-002 0.450887738020E-001 -.118809430662 0.18596016653 -.256162883551 0 0 1 0 0 0 1 0 0 0 2.211 1.92254048924 0.832088893490E-001 13.0465631281 
  -.858629001710E-001 0.628708475456E-001 -.302179224987E-001 -.472587698173E-001 0.153762175372E-001 0.269663896226E-001 1 0 1 0 0 0 0 0 0 0 2.225 3.04121896617 0.666213400742 36.6839984797 
  0.242513534834E-001 -.572192584186E-001 0.225700082857E-001 -.591838799582E-001 0.374634908137E-001 0.461817812961E-002 0 0 0 1 0 0 0 1 0 0 2.24 2.82317565018 0.340093838958 26.03462724 
  -.445700550506E-001 -.941546880927E-002 0.450887738020E-001 -.496437918455E-001 0.195906838760E-001 0.231639955153E-001 0 0 0 0 0 0 0 0 0 0 2.24 2.90909251489 0.447684793484 29.8702015577 
  -.720986184642E-001 0.351417385449E-001 0.482188216506E-002 0.433720672529E-001 -.695663320965E-001 -.564200229439E-002 0 0 0 0 0 0 0 0 0 0 2.282 3.12473545954 0.710203054774 36.9296870966 
  -.720986184642E-001 0.351417385449E-001 0.482188216506E-002 -.472587698173E-001 0.153762175372E-001 0.269663896226E-001 0 1 1 1 0 0 0 0 0 0 2.296 2.61678752884 0.102904638658 13.9715822665 
  -.445700550506E-001 -.941546880927E-002 0.450887738020E-001 -.210235275075E-001 -.242842977476E-001 0.490973140396E-001 1 0 1 1 0 0 1 0 0 0 2.296 2.46362949059 0.280996461140E-001 7.30093600112 
  -.308057733438E-001 -.262435671627E-001 0.524896404288E-001 -.711089900990E-001 0.620881180458E-001 -.265657592374E-001 0 0 0 1 0 0 0 0 0 1 2.301 2.8496693962 0.301038106321 23.8448238242 
  0.380156351902E-001 -.558790056931E-001 0.564377472158E-002 -.806490782117E-001 0.836147146795E-001 -.584291700613E-001 0 0 0 0 0 0 0 0 0 0 2.325 2.79056335369 0.216749236298 20.0242302662 
  0.106837043724 0.532731117088E-002 -.813208549259E-001 -.663389460427E-001 0.519337846783E-001 -.129790840142E-001 1 0 1 1 0 0 0 1 0 0 2.353 2.92555589752 0.32782025578 24.333017319 
  -.113391463585 0.129230076194 -.135544698651 -.472587698173E-001 0.153762175372E-001 0.269663896226E-001 1 0 0 0 0 0 0 0 0 0 2.353 3.50104537709 1.31800818786 48.7907087587 
  -.327720993019E-002 -.489987532222E-001 0.472606644337E-001 0.136387926351 -.435073341231E-002 -.140246079997 0 1 1 0 0 0 0 1 0 0 2.367 2.78855984488 0.177712702815 17.8098793781 
  -.445700550506E-001 -.941546880927E-002 0.450887738020E-001 -.186385054794E-001 -.272808341878E-001 0.494903671793E-001 0 1 1 0 0 0 0 0 0 0 2.381 2.59715510374 0.467230288731E-001 9.07833279045 
  0.104870717766E-001 -.549258409283E-001 0.368046014653E-001 -.591838799582E-001 0.374634908137E-001 0.461817812961E-002 0 1 1 0 0 0 0 0 0 0 2.381 2.4646591425 0.699885212365E-002 3.51361371268 
  -.113391463585 0.129230076194 -.135544698651 -.353336596765E-001 -.417370178378E-002 0.413040810471E-001 0 0 0 0 0 0 1 0 0 0 2.381 2.62355599106 0.588334088001E-001 10.1871478816 
  -.327720993019E-002 -.489987532222E-001 0.472606644337E-001 -.234085495357E-001 -.211862671492E-001 0.484564582082E-001 0 0 0 0 0 0 0 0 0 0 2.41 2.89295670591 0.233247179787 20.0396973408 
  0.930727620174E-001 -.141812926335E-001 -.672397668423E-001 0.290619350839E-001 -.658977897647E-001 0.154794001986E-001 1 0 1 1 0 0 0 0 0 0 2.41 3.05050102093 0.410241557819 26.5768058479 
  -.170414916370E-001 -.394379953003E-001 0.528513073638E-001 0.441670745957E-003 -.475993360132E-001 0.445060929616E-001 1 0 1 0 0 0 0 1 0 0 2.41 2.96710987933 0.310371417644 23.1165925032 
  -.858629001710E-001 0.628708475456E-001 -.302179224987E-001 -.234085495357E-001 -.211862671492E-001 0.484564582082E-001 1 0 1 0 0 0 0 0 0 1 2.414 3.07965240138 0.443093119464 27.5746645145 
  -.327720993019E-002 -.489987532222E-001 0.472606644337E-001 -.472587698173E-001 0.153762175372E-001 0.269663896226E-001 1 0 1 1 0 0 0 0 0 0 2.424 2.87613431079 0.20442543499 18.6524055605 
  -.858629001710E-001 0.628708475456E-001 -.302179224987E-001 -.234085495357E-001 -.211862671492E-001 0.484564582082E-001 0 1 0 0 0 0 0 0 1 0 2.438 3.0580413613 0.384451289725 25.4323774119 
  0.380156351902E-001 -.558790056931E-001 0.564377472158E-002 0.576821994219E-001 -.695810847322E-001 -.292675013529E-001 0 0 0 1 0 1 0 1 0 0 2.442 2.45478871843 0.163551319046E-003 0.52369854335 
  -.445700550506E-001 -.941546880927E-002 0.450887738020E-001 -.591838799582E-001 0.374634908137E-001 0.461817812961E-002 0 0 0 0 0 0 0 0 0 1 2.45 2.89371914081 0.19688667592 18.1109853391 
  0.380156351902E-001 -.558790056931E-001 0.564377472158E-002 0.143542992436 0.705998306989E-002 -.143753008211 1 0 1 0 0 0 0 0 0 0 2.466 3.17344868471 0.500483641502 28.688105625 
  -.127155745291 0.167860195843 -.208005449794 -.687239680708E-001 0.569602042829E-001 -.195825038154E-001 0 0 1 1 0 0 0 0 0 0 2.466 2.77804850515 0.973742695649E-001 12.654035083 
  0.655441986038E-001 -.422974895948E-001 -.319360542526E-001 -.830341002398E-001 0.892500992334E-001 -.674106282836E-001 1 0 1 0 0 0 0 0 1 0 2.466 2.82837313397 0.131314288224 14.6947742892 
  -.127155745291 0.167860195843 -.208005449794 -.711089900990E-001 0.620881180458E-001 -.265657592374E-001 0 0 0 0 0 0 0 0 1 0 2.495 3.13610603855 0.411016952662 25.6956328075 
  -.327720993019E-002 -.489987532222E-001 0.472606644337E-001 -.854191222680E-001 0.949869779456E-001 -.768115320052E-001 0 0 1 0 0 0 0 0 0 0 2.495 2.43112889746 0.407951774018E-002 2.55996402982 
  -.858629001710E-001 0.628708475456E-001 -.302179224987E-001 0.290619350839E-001 -.658977897647E-001 0.154794001986E-001 0 1 0 0 0 1 0 0 0 0 2.495 2.5839063593 0.790434072336E-002 3.56338113413 
  -.308057733438E-001 -.262435671627E-001 0.524896404288E-001 0.441670745957E-003 -.475993360132E-001 0.445060929616E-001 1 0 1 0 0 1 0 0 0 1 2.495 2.42789218244 0.450345917833E-002 2.68969208677 
 Maximum absolute errors (%) on observed data points 
  186.001497652 
 
 
 Quality metrics for output Z1
 -----------------------------
 SSE OLR:           68.1
 SSE:               74.0
 RMSE:              0.626
 R2:                0.259
 R2 adjusted:       0.231
 Model size:        7
 BIC:               -140.
 Cp:                -51.7
 AICc:              -162.
 HQC:               -154.
 MSE:               0.409
 SSEp:              74.0
 RIC:               163.
 MADp:              186.

 BETAS and BASES chosen for this output
   1.47568825002137      age2
   1.61144990499031      lwt1
  0.383511916999468      white
 -0.361900876920137      smoke
 -0.558688559460268      ht
 -0.513194186633800      ui
   3.00298529523498      1.00
 
 
 Total execution time 1.4 s
 Times breakdown
     OLR time:        0.94 s in 65536 ordinary linear regression problem(s)
     MIP time:        0.0 s in 0 quadratic integer problem(s)
     Simulation time: 0.0 s to simulate 0 point(s)
     All other time:  0.45 s in 1 iteration(s)
 
 Normal termination
 ***************************************************************************
