 ***************************************************************************
 ALAMO version 2018.6.20. Built: LNX-64 Wed Jun 20 04:36:16 EDT 2018
 
The options and data used in solving this problem are as follows:
 
NINPUTS           =             16
NOUTPUTS          =              1
NTRANS            =              0
NCVF              =              5
NPENL             =            100
NDATA             =            189
NPREDATA          =              0
NSAMPLE           =              0
NVALDATA          =              0
NVALSAMPLE        =              0
NVALSETS          =              0
PRFREQ            =              1
INITIALPOINTS     =            189
SAMPLER           =              1
MODELER           =              2
INITIALIZER       =              1
BUILDER           =              1
ENUM1             =             -1
ENUMALL           =              0
GREEDYBUILDER     =               T
NDGELS            =            120
REGULARIZER       =              0
TOLMAXERROR       = 0.500000007451E-001 
MAXSIM            =             10
MINPOINTS         =             16
MAXPOINTS         =             22
OBJFUN            =              1
SNOBFITP          = 0.5 
SNOBFITRESOLUTION = 0.100000000000E-004 
MAXTIME           = 1000 
DATALIMITTERMS    =               T
NUMLIMITBASIS     =               T
CONVPEN           = 0 
MONO              =              0
MULTI2            =              0
MULTI3            =              0
RATIOS            =              0
EXPFCNS           =               F
LINFCNS           =               T
LOGFCNS           =               F
SINFCNS           =               F
COSFCNS           =               F
CONSTANT          =               T
GRBFCNS           =               F
PRBF              =               F
LK                =               F
NCUSTOMBAS        =              0
OTHERBASIS        =              0
USEGPU            =               F
XSCALING          =               F
SCALEZ            =               F
MAXITER           =              1
TOLESTERROR       = 0.999999977648E-002 
TOLSSE            = 0 
FUNFORM           =              5
RBFPARAM          = 1 
PRESET            = -111111 
LINEARERROR       =               F
SOLVEMIP          =               F
DELTATERM         =               T
SHORTCUT          =               T
DIVE              =               T
FIRSTFEAS         =               F
MIPOPTCA          = 0.500000007451E-001 
MIPOPTCR          = 0.999999974738E-004 
CRTOL             = 0.100000000000E-002 
CRNINITIAL        =              0
CRMAXITER         =             10
CRNVIOL           =              5
CRNTRIALS         =            100
CRNCUSTOM         =              0
NGROUPS           =             16
SIMULATOR         =      mysim
SIMIN             =      input.txt
SIMOUT            =      output.txt
GAMS              =      gams
GAMSSOLVER        =      baron
GAMSNLPSOLVER     =      baron
SNOBFITTEST       =      test.mat
SNOBFITPATH       =      /usr/local/ALAMO/snobfit/
MINQPATH          =      /usr/local/ALAMO/minq5/
SCRATCH           =      almscr
===========================================================================

XLABELS           XMIN                  XMAX 
age1      -.127155745291        0.299536987619     
age2      -.572192584186E-001   0.659983137088     
age3      -.208005449794        0.618197133681     
lwt1      -.118809430662        0.286644314126     
lwt2      -.699772262746E-001   0.427098271755     
lwt3      -.256162883551        0.415747176167     
white      0.00000000000         1.00000000000     
black      0.00000000000         1.00000000000     
smoke      0.00000000000         1.00000000000     
ptl1       0.00000000000         1.00000000000     
ptl2m      0.00000000000         1.00000000000     
ht         0.00000000000         1.00000000000     
ui         0.00000000000         1.00000000000     
ftv1       0.00000000000         1.00000000000     
ftv2       0.00000000000         1.00000000000     
ftv3m      0.00000000000         1.00000000000     
ZLABELS   TOLMEANERROR          TOLRELMETRIC          TOLABSMETRIC            MAXTERMS                 ZISINT
Z1         0.00000000000        0.100000000000E-005   0.100000000000E-005           17    F

XDATA and ZDATA
  -.583343367574E-001 0.110462997599E-001 0.295618176563E-001 0.124462816211 -.213387110515E-001 -.130731102126 0 1 0 0 0 0 1 0 0 0 2.523 
  0.134365607138 0.552455294269E-001 -.969070455360E-001 0.600672214501E-001 -.692283139510E-001 -.333484133910E-001 0 0 0 0 0 0 0 0 0 1 2.551 
  -.445700550506E-001 -.941546880927E-002 0.450887738020E-001 -.591838799582E-001 0.374634908137E-001 0.461817812961E-002 1 0 1 0 0 0 0 1 0 0 2.557 
  -.308057733438E-001 -.262435671627E-001 0.524896404288E-001 -.520288138737E-001 0.239066443731E-001 0.190345789588E-001 1 0 1 0 0 0 1 0 1 0 2.594 
  -.720986184642E-001 0.351417385449E-001 0.482188216506E-002 -.544138359018E-001 0.283240990284E-001 0.145715383066E-001 1 0 1 0 0 0 1 0 0 0 2.6 
  -.308057733438E-001 -.262435671627E-001 0.524896404288E-001 -.138684614230E-001 -.329694245935E-001 0.495594719686E-001 0 0 0 0 0 0 0 0 0 0 2.622 
  -.170414916370E-001 -.394379953003E-001 0.528513073638E-001 -.281785935920E-001 -.146857234777E-001 0.464049318838E-001 1 0 0 0 0 0 0 1 0 0 2.637 
  -.858629001710E-001 0.628708475456E-001 -.302179224987E-001 -.639539240145E-001 0.470088592319E-001 -.674889818720E-002 0 0 0 0 0 0 0 1 0 0 2.637 
  0.793084803106E-001 -.300562262220E-001 -.504158700090E-001 -.162534834512E-001 -.301758764697E-001 0.496422192734E-001 1 0 1 0 0 0 0 1 0 0 2.663 
  0.380156351902E-001 -.558790056931E-001 0.564377472158E-002 -.401037037329E-001 0.334178346994E-002 0.364774537140E-001 1 0 1 0 0 0 0 0 0 0 2.665 
  -.583343367574E-001 0.110462997599E-001 0.295618176563E-001 -.830341002398E-001 0.892500992334E-001 -.674106282836E-001 0 0 0 0 0 0 0 0 0 0 2.722 
  -.583343367574E-001 0.110462997599E-001 0.295618176563E-001 0.481421113093E-001 -.699772262746E-001 -.133093532575E-001 0 0 0 0 0 0 0 1 0 0 2.733 
  -.170414916370E-001 -.394379953003E-001 0.528513073638E-001 -.830341002398E-001 0.892500992334E-001 -.674106282836E-001 0 0 0 0 0 1 0 0 0 0 2.751 
  0.930727620174E-001 -.141812926335E-001 -.672397668423E-001 -.544138359018E-001 0.283240990284E-001 0.145715383066E-001 0 0 0 1 0 0 1 0 1 0 2.75 
  -.720986184642E-001 0.351417385449E-001 0.482188216506E-002 -.711089900990E-001 0.620881180458E-001 -.265657592374E-001 1 0 1 0 0 0 0 0 0 0 2.769 
  -.720986184642E-001 0.351417385449E-001 0.482188216506E-002 -.711089900990E-001 0.620881180458E-001 -.265657592374E-001 1 0 1 0 0 0 0 0 0 0 2.769 
  -.113391463585 0.129230076194 -.135544698651 -.758790341553E-001 0.726484280462E-001 -.416981835292E-001 0 1 0 0 0 0 0 0 0 0 2.778 
  0.242513534834E-001 -.572192584186E-001 0.225700082857E-001 -.281785935920E-001 -.146857234777E-001 0.464049318838E-001 1 0 1 0 0 0 0 0 0 1 2.782 
  -.445700550506E-001 -.941546880927E-002 0.450887738020E-001 -.234085495357E-001 -.211862671492E-001 0.484564582082E-001 0 0 0 0 0 0 1 0 0 0 2.807 
  0.655441986038E-001 -.422974895948E-001 -.319360542526E-001 -.234085495357E-001 -.211862671492E-001 0.484564582082E-001 1 0 1 0 0 0 0 1 0 0 2.821 
  0.120601325431 0.284695851910E-001 -.915722444327E-001 -.210235275075E-001 -.242842977476E-001 0.490973140396E-001 0 0 0 0 0 0 0 0 1 0 2.835 
  0.106837043724 0.532731117088E-002 -.813208549259E-001 -.711089900990E-001 0.620881180458E-001 -.265657592374E-001 1 0 0 0 0 0 1 0 0 1 2.835 
  0.175658452258 0.157375383429 -.725430201557E-001 0.172163256774 0.618373232387E-001 -.13730429439 1 0 0 0 0 0 0 1 0 0 2.836 
  0.655441986038E-001 -.422974895948E-001 -.319360542526E-001 -.234085495357E-001 -.211862671492E-001 0.484564582082E-001 0 0 0 0 0 0 0 0 0 0 2.863 
  0.242513534834E-001 -.572192584186E-001 0.225700082857E-001 -.234085495357E-001 -.211862671492E-001 0.484564582082E-001 0 0 0 0 0 0 1 0 1 0 2.877 
  0.655441986038E-001 -.422974895948E-001 -.319360542526E-001 0.886874857881E-001 -.570785202357E-001 -.822523305670E-001 1 0 0 0 0 0 0 0 0 0 2.877 
  -.858629001710E-001 0.628708475456E-001 -.302179224987E-001 -.186385054794E-001 -.272808341878E-001 0.494903671793E-001 1 0 1 0 0 0 0 0 0 0 2.906 
  0.793084803106E-001 -.300562262220E-001 -.504158700090E-001 0.481421113093E-001 -.699772262746E-001 -.133093532575E-001 1 0 0 0 0 0 0 0 1 0 2.92 
  0.380156351902E-001 -.558790056931E-001 0.564377472158E-002 0.910725078162E-001 -.554063253977E-001 -.861218214494E-001 0 1 1 0 0 0 0 0 0 0 2.92 
  -.858629001710E-001 0.628708475456E-001 -.302179224987E-001 -.401037037329E-001 0.334178346994E-002 0.364774537140E-001 0 1 0 0 0 0 0 1 0 0 2.92 
  -.858629001710E-001 0.628708475456E-001 -.302179224987E-001 -.401037037329E-001 0.334178346994E-002 0.364774537140E-001 0 1 0 0 0 0 0 1 0 0 2.92 
  0.104870717766E-001 -.549258409283E-001 0.368046014653E-001 -.949592103807E-001 0.118949434377 -.118741634814 1 0 1 1 0 0 0 1 0 0 2.948 
  0.161894170551 0.119698428546 -.884793232243E-001 -.210235275075E-001 -.242842977476E-001 0.490973140396E-001 0 1 1 1 0 0 0 1 0 0 2.948 
  0.242513534834E-001 -.572192584186E-001 0.225700082857E-001 0.600672214501E-001 -.692283139510E-001 -.333484133910E-001 1 0 0 0 0 0 0 1 0 0 2.977 
  0.242513534834E-001 -.572192584186E-001 0.225700082857E-001 -.114834393949E-001 -.356614785590E-001 0.492487269112E-001 0 1 0 0 0 0 0 0 0 0 2.977 
  0.793084803106E-001 -.300562262220E-001 -.504158700090E-001 0.242918910276E-001 -.638629890550E-001 0.217169403256E-001 1 0 1 0 0 0 0 0 1 0 2.977 
  -.583343367574E-001 0.110462997599E-001 0.295618176563E-001 0.195218469713E-001 -.614222117125E-001 0.274649948147E-001 1 0 1 0 0 0 0 0 1 0 2.977 
  0.517799168970E-001 -.509050827519E-001 -.128872094001E-001 -.138684614230E-001 -.329694245935E-001 0.495594719686E-001 1 0 1 0 0 0 0 0 0 0 2.922 
  0.106837043724 0.532731117088E-002 -.813208549259E-001 0.20316854314 0.137672242466 -.833343646992E-001 1 0 1 0 0 0 0 0 1 0 3.005 
  0.134365607138 0.552455294269E-001 -.969070455360E-001 -.496437918455E-001 0.195906838760E-001 0.231639955153E-001 1 0 1 0 0 0 0 1 0 0 3.033 
  -.308057733438E-001 -.262435671627E-001 0.524896404288E-001 0.131617882295 -.114504069427E-001 -.136957595243 0 1 1 0 0 0 0 0 1 0 3.042 
  -.583343367574E-001 0.110462997599E-001 0.295618176563E-001 0.141157970408 0.315491675093E-002 -.142782940857 1 0 0 0 0 0 0 0 1 0 3.062 
  -.327720993019E-002 -.489987532222E-001 0.472606644337E-001 0.441670745957E-003 -.475993360132E-001 0.445060929616E-001 0 1 0 0 0 0 0 1 0 0 3.062 
  -.308057733438E-001 -.262435671627E-001 0.524896404288E-001 0.719923315909E-001 -.659420476719E-001 -.539711413453E-001 1 0 0 0 0 0 0 0 0 0 3.062 
  -.720986184642E-001 0.351417385449E-001 0.482188216506E-002 -.949592103807E-001 0.118949434377 -.118741634814 1 0 1 0 0 0 1 0 0 0 3.062 
  -.720986184642E-001 0.351417385449E-001 0.482188216506E-002 -.949592103807E-001 0.118949434377 -.118741634814 1 0 1 0 0 0 1 0 0 0 3.062 
  0.120601325431 0.284695851910E-001 -.915722444327E-001 0.521171480229E-002 -.516640198874E-001 0.412441127394E-001 1 0 0 0 0 0 0 0 0 1 3.08 
  -.583343367574E-001 0.110462997599E-001 0.295618176563E-001 0.521171480229E-002 -.516640198874E-001 0.412441127394E-001 0 0 0 0 0 0 0 0 0 0 3.09 
  0.104870717766E-001 -.549258409283E-001 0.368046014653E-001 -.353336596765E-001 -.417370178378E-002 0.413040810471E-001 1 0 0 0 0 0 0 0 1 0 3.09 
  -.170414916370E-001 -.394379953003E-001 0.528513073638E-001 -.106884320521 0.151186123475 -.181383984635 0 0 1 0 0 0 0 0 0 0 3.09 
  -.170414916370E-001 -.394379953003E-001 0.528513073638E-001 -.234085495357E-001 -.211862671492E-001 0.484564582082E-001 1 0 0 0 0 1 0 1 0 0 3.1 
  -.327720993019E-002 -.489987532222E-001 0.472606644337E-001 -.432837331037E-002 -.431286755062E-001 0.470145216883E-001 0 0 0 0 0 0 0 0 0 0 3.104 
  -.170414916370E-001 -.394379953003E-001 0.528513073638E-001 0.441670745957E-003 -.475993360132E-001 0.445060929616E-001 1 0 1 0 0 0 0 0 0 0 3.132 
  0.930727620174E-001 -.141812926335E-001 -.672397668423E-001 -.830341002398E-001 0.892500992334E-001 -.674106282836E-001 1 0 1 0 0 0 0 0 1 0 3.147 
  -.583343367574E-001 0.110462997599E-001 0.295618176563E-001 -.353336596765E-001 -.417370178378E-002 0.413040810471E-001 0 0 0 0 0 0 0 0 0 0 3.175 
  -.996271818777E-001 0.942336267622E-001 -.766444861619E-001 -.472587698173E-001 0.153762175372E-001 0.269663896226E-001 0 0 0 0 0 0 0 0 0 0 3.175 
  -.308057733438E-001 -.262435671627E-001 0.524896404288E-001 -.472587698173E-001 0.153762175372E-001 0.269663896226E-001 0 0 1 0 0 0 1 0 0 0 3.203 
  0.930727620174E-001 -.141812926335E-001 -.672397668423E-001 0.552971773938E-001 -.698323613551E-001 -.252165376740E-001 0 0 0 0 0 0 0 0 0 0 3.203 
  -.445700550506E-001 -.941546880927E-002 0.450887738020E-001 -.639539240145E-001 0.470088592319E-001 -.674889818720E-002 0 0 0 0 0 0 0 0 0 0 3.203 
  -.858629001710E-001 0.628708475456E-001 -.302179224987E-001 -.257935715639E-001 -.179867423925E-001 0.475611980383E-001 0 0 0 0 0 0 0 0 0 0 3.225 
  -.858629001710E-001 0.628708475456E-001 -.302179224987E-001 -.257935715639E-001 -.179867423925E-001 0.475611980383E-001 0 0 0 0 0 0 0 0 0 0 3.225 
  -.327720993019E-002 -.489987532222E-001 0.472606644337E-001 -.257935715639E-001 -.179867423925E-001 0.475611980383E-001 0 0 0 0 0 0 0 0 1 0 3.232 
  0.104870717766E-001 -.549258409283E-001 0.368046014653E-001 -.472587698173E-001 0.153762175372E-001 0.269663896226E-001 0 0 0 0 0 0 0 0 0 0 3.232 
  0.655441986038E-001 -.422974895948E-001 -.319360542526E-001 0.242918910276E-001 -.638629890550E-001 0.217169403256E-001 1 0 0 0 0 0 0 0 0 0 3.234 
  0.380156351902E-001 -.558790056931E-001 0.564377472158E-002 0.759673683045E-002 -.535441205871E-001 0.393470449336E-001 0 0 1 0 1 0 0 0 0 0 3.26 
  -.445700550506E-001 -.941546880927E-002 0.450887738020E-001 0.934575298444E-001 -.536326364014E-001 -.899288376409E-001 0 0 0 1 0 0 1 1 0 0 3.274 
  0.104870717766E-001 -.549258409283E-001 0.368046014653E-001 -.353336596765E-001 -.417370178378E-002 0.413040810471E-001 0 0 0 0 0 0 0 0 1 0 3.274 
  0.655441986038E-001 -.422974895948E-001 -.319360542526E-001 0.286644314126 0.427098271755 0.415747176167 0 0 1 0 0 0 0 0 0 1 3.303 
  -.445700550506E-001 -.941546880927E-002 0.450887738020E-001 0.266769130558E-001 -.649311364890E-001 0.186560551436E-001 1 0 0 0 1 0 1 1 0 0 3.317 
  -.170414916370E-001 -.394379953003E-001 0.528513073638E-001 0.672222875346E-001 -.675610366582E-001 -.457048231966E-001 0 1 0 1 0 0 0 0 1 0 3.317 
  -.170414916370E-001 -.394379953003E-001 0.528513073638E-001 -.424887257610E-001 0.725176733413E-002 0.336165170755E-001 1 0 1 0 1 0 0 0 0 0 3.317 
  0.106837043724 0.532731117088E-002 -.813208549259E-001 0.481421113093E-001 -.699772262746E-001 -.133093532575E-001 0 0 1 0 0 0 0 0 1 0 3.321 
  -.327720993019E-002 -.489987532222E-001 0.472606644337E-001 -.353336596765E-001 -.417370178378E-002 0.413040810471E-001 0 0 1 0 0 0 0 1 0 0 3.331 
  -.996271818777E-001 0.942336267622E-001 -.766444861619E-001 -.424887257610E-001 0.725176733413E-002 0.336165170755E-001 0 1 0 0 0 0 0 0 0 0 3.374 
  -.996271818777E-001 0.942336267622E-001 -.766444861619E-001 0.123667808868E-001 -.569998395119E-001 0.350537621646E-001 1 0 1 0 0 0 0 0 0 0 3.374 
  -.720986184642E-001 0.351417385449E-001 0.482188216506E-002 0.236558851534 0.238523012923 0.456531437028E-001 0 1 0 0 0 0 0 0 0 0 3.402 
  0.242513534834E-001 -.572192584186E-001 0.225700082857E-001 0.242918910276E-001 -.638629890550E-001 0.217169403256E-001 1 0 0 0 0 0 0 1 0 0 3.416 
  0.120601325431 0.284695851910E-001 -.915722444327E-001 0.998175885862E-002 -.553227271286E-001 0.372813941932E-001 1 0 1 1 0 0 0 0 0 1 3.43 
  -.445700550506E-001 -.941546880927E-002 0.450887738020E-001 -.210235275075E-001 -.242842977476E-001 0.490973140396E-001 0 1 1 0 0 0 0 0 0 0 3.444 
  -.327720993019E-002 -.489987532222E-001 0.472606644337E-001 0.143542992436 0.705998306989E-002 -.143753008211 1 0 0 0 0 0 0 0 0 0 3.459 
  -.170414916370E-001 -.394379953003E-001 0.528513073638E-001 0.282669277412E-002 -.496824250294E-001 0.429659959643E-001 1 0 0 0 0 0 0 1 0 0 3.46 
  0.120601325431 0.284695851910E-001 -.915722444327E-001 0.958425518726E-001 -.517574532469E-001 -.936667774951E-001 1 0 0 0 0 0 0 0 0 0 3.473 
  0.930727620174E-001 -.141812926335E-001 -.672397668423E-001 -.472587698173E-001 0.153762175372E-001 0.269663896226E-001 0 0 0 0 0 0 0 0 0 0 3.544 
  -.445700550506E-001 -.941546880927E-002 0.450887738020E-001 -.671339533854E-002 -.407411040154E-001 0.479696501246E-001 0 0 0 0 0 0 0 0 0 0 3.487 
  -.327720993019E-002 -.489987532222E-001 0.472606644337E-001 -.162534834512E-001 -.301758764697E-001 0.496422192734E-001 0 0 0 0 0 0 0 0 0 0 3.544 
  -.858629001710E-001 0.628708475456E-001 -.302179224987E-001 -.234085495357E-001 -.211862671492E-001 0.484564582082E-001 0 0 1 0 0 0 0 0 0 0 3.572 
  -.583343367574E-001 0.110462997599E-001 0.295618176563E-001 -.591838799582E-001 0.374634908137E-001 0.461817812961E-002 0 0 0 0 0 0 0 0 0 0 3.572 
  -.327720993019E-002 -.489987532222E-001 0.472606644337E-001 0.441670745957E-003 -.475993360132E-001 0.445060929616E-001 1 0 0 0 0 0 0 0 0 0 3.586 
  0.175658452258 0.157375383429 -.725430201557E-001 0.107767662013 -.408591251010E-001 -.11108927408 1 0 0 0 0 0 0 0 0 0 3.6 
  -.170414916370E-001 -.394379953003E-001 0.528513073638E-001 -.114834393949E-001 -.356614785590E-001 0.492487269112E-001 1 0 0 0 0 0 0 1 0 0 3.614 
  0.104870717766E-001 -.549258409283E-001 0.368046014653E-001 0.759673683045E-002 -.535441205871E-001 0.393470449336E-001 1 0 0 0 0 0 0 0 0 0 3.614 
  -.308057733438E-001 -.262435671627E-001 0.524896404288E-001 0.998175885862E-002 -.553227271286E-001 0.372813941932E-001 0 0 0 0 0 0 0 0 1 0 3.629 
  -.583343367574E-001 0.110462997599E-001 0.295618176563E-001 0.250868983703 0.287834421183 0.12778774845 1 0 1 0 0 1 0 0 0 0 3.629 
  0.242513534834E-001 -.572192584186E-001 0.225700082857E-001 -.830341002398E-001 0.892500992334E-001 -.674106282836E-001 1 0 1 0 1 0 1 0 0 0 3.637 
  -.996271818777E-001 0.942336267622E-001 -.766444861619E-001 0.123667808868E-001 -.569998395119E-001 0.350537621646E-001 1 0 1 0 0 0 0 0 0 0 3.643 
  0.793084803106E-001 -.300562262220E-001 -.504158700090E-001 0.123667808868E-001 -.569998395119E-001 0.350537621646E-001 1 0 0 0 0 0 0 1 0 0 3.651 
  0.793084803106E-001 -.300562262220E-001 -.504158700090E-001 0.576821994219E-001 -.695810847322E-001 -.292675013529E-001 1 0 0 0 0 0 0 1 0 0 3.651 
  -.583343367574E-001 0.110462997599E-001 0.295618176563E-001 0.409870452248E-001 -.692086437701E-001 -.190936334649E-002 1 0 1 0 0 0 0 0 0 0 3.651 
  -.583343367574E-001 0.110462997599E-001 0.295618176563E-001 0.409870452248E-001 -.692086437701E-001 -.190936334649E-002 1 0 1 0 0 0 0 0 0 0 3.651 
  0.930727620174E-001 -.141812926335E-001 -.672397668423E-001 0.171368249431E-001 -.600495818038E-001 0.301389608290E-001 1 0 0 0 0 0 0 1 0 0 3.699 
  0.104870717766E-001 -.549258409283E-001 0.368046014653E-001 -.472587698173E-001 0.153762175372E-001 0.269663896226E-001 1 0 0 0 0 0 0 1 0 0 3.728 
  -.583343367574E-001 0.110462997599E-001 0.295618176563E-001 0.129232860267 -.148480024705E-001 -.135047998023 1 0 1 0 0 1 0 0 0 0 3.756 
  0.104870717766E-001 -.549258409283E-001 0.368046014653E-001 -.472587698173E-001 0.153762175372E-001 0.269663896226E-001 0 0 0 1 0 0 0 0 0 0 3.77 
  -.327720993019E-002 -.489987532222E-001 0.472606644337E-001 -.472587698173E-001 0.153762175372E-001 0.269663896226E-001 1 0 0 0 0 0 0 1 0 0 3.77 
  -.445700550506E-001 -.941546880927E-002 0.450887738020E-001 -.234085495357E-001 -.211862671492E-001 0.484564582082E-001 0 0 0 0 0 0 0 0 0 0 3.77 
  0.242513534834E-001 -.572192584186E-001 0.225700082857E-001 0.265179115872 0.34079961914 0.22809461329 0 1 0 0 0 1 0 0 0 0 3.79 
  0.930727620174E-001 -.141812926335E-001 -.672397668423E-001 -.424887257610E-001 0.725176733413E-002 0.336165170755E-001 1 0 0 0 0 0 0 1 0 0 3.799 
  -.170414916370E-001 -.394379953003E-001 0.528513073638E-001 0.934575298444E-001 -.536326364014E-001 -.899288376409E-001 1 0 0 0 0 0 0 0 0 0 3.827 
  -.720986184642E-001 0.351417385449E-001 0.482188216506E-002 -.234085495357E-001 -.211862671492E-001 0.484564582082E-001 1 0 1 0 0 0 0 0 1 0 3.856 
  -.996271818777E-001 0.942336267622E-001 -.766444861619E-001 0.958425518726E-001 -.517574532469E-001 -.936667774951E-001 0 1 0 0 0 0 0 0 0 1 3.86 
  0.120601325431 0.284695851910E-001 -.915722444327E-001 0.134002904323 -.795131725659E-002 -.138692489784 1 0 0 0 0 0 0 0 1 0 3.86 
  -.720986184642E-001 0.351417385449E-001 0.482188216506E-002 -.234085495357E-001 -.211862671492E-001 0.484564582082E-001 0 0 0 0 0 0 0 1 0 0 3.884 
  0.793084803106E-001 -.300562262220E-001 -.504158700090E-001 0.441670745957E-003 -.475993360132E-001 0.445060929616E-001 1 0 1 0 0 0 0 0 1 0 3.884 
  0.134365607138 0.552455294269E-001 -.969070455360E-001 -.305636156202E-001 -.112832104046E-001 0.449810580980E-001 1 0 0 0 0 0 1 1 0 0 3.912 
  -.445700550506E-001 -.941546880927E-002 0.450887738020E-001 0.958425518726E-001 -.517574532469E-001 -.936667774951E-001 1 0 1 0 0 0 0 0 0 0 3.94 
  0.655441986038E-001 -.422974895948E-001 -.319360542526E-001 0.998175885862E-002 -.553227271286E-001 0.372813941932E-001 0 0 0 0 0 0 0 1 0 0 3.941 
  -.127155745291 0.167860195843 -.208005449794 0.123667808868E-001 -.569998395119E-001 0.350537621646E-001 1 0 0 0 0 0 0 0 0 0 3.941 
  0.655441986038E-001 -.422974895948E-001 -.319360542526E-001 0.441670745957E-003 -.475993360132E-001 0.445060929616E-001 0 0 0 0 0 0 0 0 0 0 3.969 
  0.242513534834E-001 -.572192584186E-001 0.225700082857E-001 -.234085495357E-001 -.211862671492E-001 0.484564582082E-001 1 0 0 0 0 0 0 0 1 0 3.983 
  -.996271818777E-001 0.942336267622E-001 -.766444861619E-001 -.830341002398E-001 0.892500992334E-001 -.674106282836E-001 0 0 0 0 0 0 0 1 0 0 3.997 
  -.445700550506E-001 -.941546880927E-002 0.450887738020E-001 0.672222875346E-001 -.675610366582E-001 -.457048231966E-001 1 0 0 0 0 0 0 1 0 0 3.997 
  0.380156351902E-001 -.558790056931E-001 0.564377472158E-002 0.719923315909E-001 -.659420476719E-001 -.539711413453E-001 0 0 0 0 0 0 0 0 0 0 4.054 
  -.308057733438E-001 -.262435671627E-001 0.524896404288E-001 -.353336596765E-001 -.417370178378E-002 0.413040810471E-001 1 0 0 0 0 0 0 1 0 0 4.054 
  -.170414916370E-001 -.394379953003E-001 0.528513073638E-001 -.194335128221E-002 -.454147528388E-001 0.458578020851E-001 1 0 0 0 0 0 0 0 0 0 4.111 
  0.242513534834E-001 -.572192584186E-001 0.225700082857E-001 0.441670745957E-003 -.475993360132E-001 0.445060929616E-001 1 0 0 0 0 0 0 0 1 0 4.153 
  0.106837043724 0.532731117088E-002 -.813208549259E-001 -.234085495357E-001 -.211862671492E-001 0.484564582082E-001 1 0 0 0 0 0 0 0 1 0 4.167 
  0.161894170551 0.119698428546 -.884793232243E-001 0.958425518726E-001 -.517574532469E-001 -.936667774951E-001 1 0 0 1 0 0 0 1 0 0 4.174 
  -.583343367574E-001 0.110462997599E-001 0.295618176563E-001 -.234085495357E-001 -.211862671492E-001 0.484564582082E-001 1 0 1 0 0 0 0 0 0 0 4.238 
  0.104870717766E-001 -.549258409283E-001 0.368046014653E-001 -.329486376484E-001 -.777920317330E-002 0.432829750346E-001 1 0 0 0 0 0 0 1 0 0 4.593 
  0.299536987619 0.659983137088 0.618197133681 -.162534834512E-001 -.301758764697E-001 0.496422192734E-001 1 0 0 0 0 0 0 1 0 0 4.99 
  0.655441986038E-001 -.422974895948E-001 -.319360542526E-001 -.234085495357E-001 -.211862671492E-001 0.484564582082E-001 0 0 1 1 0 0 1 0 0 0 0.709 
  0.793084803106E-001 -.300562262220E-001 -.504158700090E-001 0.441670745957E-003 -.475993360132E-001 0.445060929616E-001 1 0 0 0 0 0 1 0 1 0 1.021 
  0.148129888845 0.856551438786E-001 -.962383684088E-001 0.136387926351 -.435073341231E-002 -.140246079997 0 1 1 0 0 1 0 0 0 0 1.135 
  0.242513534834E-001 -.572192584186E-001 0.225700082857E-001 -.591838799582E-001 0.374634908137E-001 0.461817812961E-002 0 0 0 1 0 1 0 0 0 0 1.33 
  0.242513534834E-001 -.572192584186E-001 0.225700082857E-001 -.106884320521 0.151186123475 -.181383984635 0 0 0 0 0 0 1 0 0 0 1.474 
  0.517799168970E-001 -.509050827519E-001 -.128872094001E-001 0.481421113093E-001 -.699772262746E-001 -.133093532575E-001 0 0 0 0 0 0 0 0 0 0 1.588 
  -.327720993019E-002 -.489987532222E-001 0.472606644337E-001 -.782640561835E-001 0.780808242837E-001 -.498605556920E-001 0 0 0 0 0 0 1 1 0 0 1.588 
  0.104870717766E-001 -.549258409283E-001 0.368046014653E-001 -.432837331037E-002 -.431286755062E-001 0.470145216883E-001 0 1 0 1 0 0 0 1 0 0 1.701 
  0.104870717766E-001 -.549258409283E-001 0.368046014653E-001 0.521171480229E-002 -.516640198874E-001 0.412441127394E-001 0 0 0 0 0 1 0 0 0 0 1.729 
  -.308057733438E-001 -.262435671627E-001 0.524896404288E-001 0.839174417317E-001 -.601184274372E-001 -.743523313151E-001 1 0 1 0 0 1 0 1 0 0 1.79 
  0.120601325431 0.284695851910E-001 -.915722444327E-001 -.591838799582E-001 0.374634908137E-001 0.461817812961E-002 1 0 1 0 0 0 0 0 0 0 1.818 
  -.583343367574E-001 0.110462997599E-001 0.295618176563E-001 -.925741883525E-001 0.112806579032 -.107596932631 1 0 1 0 1 0 1 0 0 0 1.885 
  0.242513534834E-001 -.572192584186E-001 0.225700082857E-001 -.353336596765E-001 -.417370178378E-002 0.413040810471E-001 0 0 0 0 0 0 0 0 0 0 1.893 
  -.996271818777E-001 0.942336267622E-001 -.766444861619E-001 0.441670745957E-003 -.475993360132E-001 0.445060929616E-001 0 0 0 0 0 0 0 1 0 0 1.899 
  0.242513534834E-001 -.572192584186E-001 0.225700082857E-001 -.901891663243E-001 0.106765217845 -.968980825323E-001 1 0 1 0 0 0 0 0 0 0 1.928 
  -.445700550506E-001 -.941546880927E-002 0.450887738020E-001 0.481421113093E-001 -.699772262746E-001 -.133093532575E-001 1 0 1 0 0 0 0 0 1 0 1.928 
  -.308057733438E-001 -.262435671627E-001 0.524896404288E-001 0.167393212718 0.516928249617E-001 -.140940309893 0 1 0 0 0 0 1 0 1 0 1.928 
  0.104870717766E-001 -.549258409283E-001 0.368046014653E-001 0.600672214501E-001 -.692283139510E-001 -.333484133910E-001 1 0 1 1 0 0 0 0 0 0 1.936 
  -.308057733438E-001 -.262435671627E-001 0.524896404288E-001 -.639539240145E-001 0.470088592319E-001 -.674889818720E-002 0 0 0 0 0 0 0 0 0 0 1.97 
  -.445700550506E-001 -.941546880927E-002 0.450887738020E-001 -.114834393949E-001 -.356614785590E-001 0.492487269112E-001 0 0 0 0 0 0 1 0 0 0 2.055 
  0.242513534834E-001 -.572192584186E-001 0.225700082857E-001 -.973442324088E-001 0.12519378388 -.130338790729 0 0 0 0 1 0 0 1 0 0 2.055 
  -.583343367574E-001 0.110462997599E-001 0.295618176563E-001 -.663389460427E-001 0.519337846783E-001 -.129790840142E-001 1 0 0 0 0 0 0 0 1 0 2.082 
  -.583343367574E-001 0.110462997599E-001 0.295618176563E-001 -.424887257610E-001 0.725176733413E-002 0.336165170755E-001 1 0 1 0 0 0 1 0 0 0 2.084 
  0.380156351902E-001 -.558790056931E-001 0.564377472158E-002 -.305636156202E-001 -.112832104046E-001 0.449810580980E-001 1 0 1 1 0 0 0 0 0 0 2.084 
  0.104870717766E-001 -.549258409283E-001 0.368046014653E-001 0.195218469713E-001 -.614222117125E-001 0.274649948147E-001 1 0 0 0 0 0 0 0 0 0 2.1 
  -.858629001710E-001 0.628708475456E-001 -.302179224987E-001 0.441670745957E-003 -.475993360132E-001 0.445060929616E-001 0 0 1 1 0 0 1 0 0 0 2.125 
  -.445700550506E-001 -.941546880927E-002 0.450887738020E-001 -.234085495357E-001 -.211862671492E-001 0.484564582082E-001 0 1 1 0 0 0 0 0 0 1 2.126 
  -.170414916370E-001 -.394379953003E-001 0.528513073638E-001 0.441670745957E-003 -.475993360132E-001 0.445060929616E-001 1 0 1 1 0 0 1 1 0 0 2.187 
  0.517799168970E-001 -.509050827519E-001 -.128872094001E-001 0.441670745957E-003 -.475993360132E-001 0.445060929616E-001 0 1 0 0 0 0 1 0 0 0 2.187 
  -.445700550506E-001 -.941546880927E-002 0.450887738020E-001 -.118809430662 0.18596016653 -.256162883551 0 0 1 0 0 0 1 0 0 0 2.211 
  -.858629001710E-001 0.628708475456E-001 -.302179224987E-001 -.472587698173E-001 0.153762175372E-001 0.269663896226E-001 1 0 1 0 0 0 0 0 0 0 2.225 
  0.242513534834E-001 -.572192584186E-001 0.225700082857E-001 -.591838799582E-001 0.374634908137E-001 0.461817812961E-002 0 0 0 1 0 0 0 1 0 0 2.24 
  -.445700550506E-001 -.941546880927E-002 0.450887738020E-001 -.496437918455E-001 0.195906838760E-001 0.231639955153E-001 0 0 0 0 0 0 0 0 0 0 2.24 
  -.720986184642E-001 0.351417385449E-001 0.482188216506E-002 0.433720672529E-001 -.695663320965E-001 -.564200229439E-002 0 0 0 0 0 0 0 0 0 0 2.282 
  -.720986184642E-001 0.351417385449E-001 0.482188216506E-002 -.472587698173E-001 0.153762175372E-001 0.269663896226E-001 0 1 1 1 0 0 0 0 0 0 2.296 
  -.445700550506E-001 -.941546880927E-002 0.450887738020E-001 -.210235275075E-001 -.242842977476E-001 0.490973140396E-001 1 0 1 1 0 0 1 0 0 0 2.296 
  -.308057733438E-001 -.262435671627E-001 0.524896404288E-001 -.711089900990E-001 0.620881180458E-001 -.265657592374E-001 0 0 0 1 0 0 0 0 0 1 2.301 
  0.380156351902E-001 -.558790056931E-001 0.564377472158E-002 -.806490782117E-001 0.836147146795E-001 -.584291700613E-001 0 0 0 0 0 0 0 0 0 0 2.325 
  0.106837043724 0.532731117088E-002 -.813208549259E-001 -.663389460427E-001 0.519337846783E-001 -.129790840142E-001 1 0 1 1 0 0 0 1 0 0 2.353 
  -.113391463585 0.129230076194 -.135544698651 -.472587698173E-001 0.153762175372E-001 0.269663896226E-001 1 0 0 0 0 0 0 0 0 0 2.353 
  -.327720993019E-002 -.489987532222E-001 0.472606644337E-001 0.136387926351 -.435073341231E-002 -.140246079997 0 1 1 0 0 0 0 1 0 0 2.367 
  -.445700550506E-001 -.941546880927E-002 0.450887738020E-001 -.186385054794E-001 -.272808341878E-001 0.494903671793E-001 0 1 1 0 0 0 0 0 0 0 2.381 
  0.104870717766E-001 -.549258409283E-001 0.368046014653E-001 -.591838799582E-001 0.374634908137E-001 0.461817812961E-002 0 1 1 0 0 0 0 0 0 0 2.381 
  -.113391463585 0.129230076194 -.135544698651 -.353336596765E-001 -.417370178378E-002 0.413040810471E-001 0 0 0 0 0 0 1 0 0 0 2.381 
  -.327720993019E-002 -.489987532222E-001 0.472606644337E-001 -.234085495357E-001 -.211862671492E-001 0.484564582082E-001 0 0 0 0 0 0 0 0 0 0 2.41 
  0.930727620174E-001 -.141812926335E-001 -.672397668423E-001 0.290619350839E-001 -.658977897647E-001 0.154794001986E-001 1 0 1 1 0 0 0 0 0 0 2.41 
  -.170414916370E-001 -.394379953003E-001 0.528513073638E-001 0.441670745957E-003 -.475993360132E-001 0.445060929616E-001 1 0 1 0 0 0 0 1 0 0 2.41 
  -.858629001710E-001 0.628708475456E-001 -.302179224987E-001 -.234085495357E-001 -.211862671492E-001 0.484564582082E-001 1 0 1 0 0 0 0 0 0 1 2.414 
  -.327720993019E-002 -.489987532222E-001 0.472606644337E-001 -.472587698173E-001 0.153762175372E-001 0.269663896226E-001 1 0 1 1 0 0 0 0 0 0 2.424 
  -.858629001710E-001 0.628708475456E-001 -.302179224987E-001 -.234085495357E-001 -.211862671492E-001 0.484564582082E-001 0 1 0 0 0 0 0 0 1 0 2.438 
  0.380156351902E-001 -.558790056931E-001 0.564377472158E-002 0.576821994219E-001 -.695810847322E-001 -.292675013529E-001 0 0 0 1 0 1 0 1 0 0 2.442 
  -.445700550506E-001 -.941546880927E-002 0.450887738020E-001 -.591838799582E-001 0.374634908137E-001 0.461817812961E-002 0 0 0 0 0 0 0 0 0 1 2.45 
  0.380156351902E-001 -.558790056931E-001 0.564377472158E-002 0.143542992436 0.705998306989E-002 -.143753008211 1 0 1 0 0 0 0 0 0 0 2.466 
  -.127155745291 0.167860195843 -.208005449794 -.687239680708E-001 0.569602042829E-001 -.195825038154E-001 0 0 1 1 0 0 0 0 0 0 2.466 
  0.655441986038E-001 -.422974895948E-001 -.319360542526E-001 -.830341002398E-001 0.892500992334E-001 -.674106282836E-001 1 0 1 0 0 0 0 0 1 0 2.466 
  -.127155745291 0.167860195843 -.208005449794 -.711089900990E-001 0.620881180458E-001 -.265657592374E-001 0 0 0 0 0 0 0 0 1 0 2.495 
  -.327720993019E-002 -.489987532222E-001 0.472606644337E-001 -.854191222680E-001 0.949869779456E-001 -.768115320052E-001 0 0 1 0 0 0 0 0 0 0 2.495 
  -.858629001710E-001 0.628708475456E-001 -.302179224987E-001 0.290619350839E-001 -.658977897647E-001 0.154794001986E-001 0 1 0 0 0 1 0 0 0 0 2.495 
  -.308057733438E-001 -.262435671627E-001 0.524896404288E-001 0.441670745957E-003 -.475993360132E-001 0.445060929616E-001 1 0 1 0 0 1 0 0 0 1 2.495 
===========================================================================
Total number of bases considered =        17

BASES considered
 age1
 age2
 age3
 lwt1
 lwt2
 lwt3
 white
 black
 smoke
 ptl1
 ptl2m
 ht
 ui
 ftv1
 ftv2
 ftv3m
 1.00
===========================================================================
 BEGIN_GROUPS
 1 lin 1
 2 lin 2
 3 lin 3
 4 lin 4
 5 lin 5
 6 lin 6
 7 lin 7
 8 lin 8
 9 lin 9
 10 lin 10
 11 lin 11
 12 lin 12
 13 lin 13
 14 lin 14
 15 lin 15
 16 lin 16
 end_groups
 BEGIN_GROUPCON
 1 1 atl 1
 1 1 req 2
 1 1 req 3
 2 1 req 1
 2 1 req 3
 3 1 req 1
 3 1 req 2
 4 1 atl 1
 4 1 req 5
 4 1 req 6
 5 1 req 4
 5 1 req 6
 6 1 req 4
 6 1 req 5
 7 1 atl 1
 7 1 xcl 8
 8 1 xcl 7
 10 1 req 11
 11 1 req 10
 14 1 atl 1
 14 1 req 15 16
 15 1 req 14 16
 16 1 req 14 15
 end_groupcon
 
 Step 0: Initializing data set
 User provided an initial data set of 189 data points
 We will sample no more data points at this stage
 ***************************************************************************
 Iteration 1 (Approx. elapsed time 0.20E-01 s)
 
 Step 1: Model building using Mallow's Cp
 
 Model building for variable Z1
 sigma in almsurr1 =   0.600461832799567
 ----
 Cp = 868. with Z1 =  - 5.0377074571236546418618 * age1 + 1.4931389279609461606668 * age2 + 0.43714579219535720788770 * age3 + 1.2476290198975075185217 * lwt1 + 2.1692789718016407540802 * lwt2 + 2.4399705618392495409807 * lwt3 + 2.3271394577510018386590 * white + 1.7883272716148943537462 * ftv1 + 1.7515655313167368678506 * ftv2
 ----
 Cp = -29.1 with Z1 =  - 0.74677598629762980894653E-002 * age1 + 1.7621554453257488592754 * age2 + 0.86324265940928635032492 * age3 + 1.7313215239383896726366 * lwt1 - 0.65213183739305313757484 * lwt2 + 1.6455047251318026813038 * lwt3 + 0.27167527316588641062012 * white + 0.16610822176910150504980 * ftv1 + 0.11526779727833613709009 * ftv2 + 2.7469897007120462895102
 ----
 Cp = -35.2 with Z1 =  - 0.95535226112421975375177E-001 * age1 + 1.7017169653657946426506 * age2 + 0.96721529044366028049495 * age3 + 1.3936098049691245659432 * lwt1 - 0.38707931560105385271342 * lwt2 + 1.3379805938604989457019 * lwt3 + 0.26973206541243471834335 * white - 0.46747764162056393288935 * ui + 0.14780103217325146758299 * ftv1 + 0.12856065812954453608796 * ftv2 + 2.8196752774060986901361
 ----
 Cp = -40.9 with Z1 =  - 0.22524839713319186329521 * age1 + 1.6228538134191130559714 * age2 + 0.95266256935194215671459 * age3 + 1.2531541510471269074145 * lwt1 + 0.12566218992160978901174E-001 * lwt2 + 1.2653059505353443370268 * lwt3 + 0.40228352795097016558756 * white - 0.35526589605738989607886 * smoke - 0.45486162205311908568461 * ui + 0.66775597361943911378646E-001 * ftv1 + 0.86444926513419451108433E-001 * ftv2 + 2.9164115458784491963229
 ----
 Cp = -44.8 with Z1 =  - 0.29398886658740497335174 * age1 + 1.4973736075090893216100 * age2 + 1.0959666385918358511020 * age3 + 1.7410852088758947964209 * lwt1 + 0.25234227407867126924401 * lwt2 + 1.2572452814609182958350 * lwt3 + 0.38985934212684320021580 * white - 0.34947913504438343768044 * smoke - 0.59781247142769033953158 * ht - 0.49355886710622920432456 * ui + 0.65516684985431519749888E-001 * ftv1 + 0.40393941563135325745204E-001 * ftv2 + 2.9717685430899707377250
 
 Calculating quality metrics on observed data set.
 Errors on observed data points 
 (for each data point: x, z, zmodel, square error, absolute error):
  -.583343367574E-001 0.110462997599E-001 0.295618176563E-001 0.124462816211 -.213387110515E-001 -.130731102126 0 1 0 0 0 0 1 0 0 0 2.523 2.59125317338 0.465849567608E-002 2.7052387387 
  0.134365607138 0.552455294269E-001 -.969070455360E-001 0.600672214501E-001 -.692283139510E-001 -.333484133910E-001 0 0 0 0 0 0 0 0 0 1 2.551 2.95396864454 0.162383728479 15.7964972378 
  -.445700550506E-001 -.941546880927E-002 0.450887738020E-001 -.591838799582E-001 0.374634908137E-001 0.461817812961E-002 1 0 1 0 0 0 0 1 0 0 2.557 3.03830147962 0.231651114285 18.8228971303 
  -.308057733438E-001 -.262435671627E-001 0.524896404288E-001 -.520288138737E-001 0.239066443731E-001 0.190345789588E-001 1 0 1 0 0 0 1 0 1 0 2.594 2.52564804228 0.467199012405E-002 2.6350022251 
  -.720986184642E-001 0.351417385449E-001 0.482188216506E-002 -.544138359018E-001 0.283240990284E-001 0.145715383066E-001 1 0 1 0 0 0 1 0 0 0 2.6 2.52841924849 0.512380398659E-002 2.75310582727 
  -.308057733438E-001 -.262435671627E-001 0.524896404288E-001 -.138684614230E-001 -.329694245935E-001 0.495594719686E-001 0 0 0 0 0 0 0 0 0 0 2.622 3.02889822708 0.1655661672 15.5186204073 
  -.170414916370E-001 -.394379953003E-001 0.528513073638E-001 -.281785935920E-001 -.146857234777E-001 0.464049318838E-001 1 0 0 0 0 0 0 1 0 0 2.637 3.43659965567 0.639359609352 30.3223229303 
  -.858629001710E-001 0.628708475456E-001 -.302179224987E-001 -.639539240145E-001 0.470088592319E-001 -.674889818720E-002 0 0 0 0 0 0 0 1 0 0 2.637 3.01557934852 0.143322323124 14.3564409752 
  0.793084803106E-001 -.300562262220E-001 -.504158700090E-001 -.162534834512E-001 -.301758764697E-001 0.496422192734E-001 1 0 1 0 0 0 0 1 0 0 2.663 2.98058921047 0.100862906608 11.9259936339 
  0.380156351902E-001 -.558790056931E-001 0.564377472158E-002 -.401037037329E-001 0.334178346994E-002 0.364774537140E-001 1 0 1 0 0 0 0 0 0 0 2.665 2.90036663155 0.553974512489E-001 8.8317685386 
  -.583343367574E-001 0.110462997599E-001 0.295618176563E-001 -.830341002398E-001 0.892500992334E-001 -.674106282836E-001 0 0 0 0 0 0 0 0 0 0 2.722 2.8310578272 0.118936096731E-001 4.00653296097 
  -.583343367574E-001 0.110462997599E-001 0.295618176563E-001 0.481421113093E-001 -.699772262746E-001 -.133093532575E-001 0 0 0 0 0 0 0 1 0 0 2.733 3.1528022612 0.176233938509 15.360492543 
  -.170414916370E-001 -.394379953003E-001 0.528513073638E-001 -.830341002398E-001 0.892500992334E-001 -.674106282836E-001 0 0 0 0 0 1 0 0 0 0 2.751 2.17103637177 0.336357810073 21.0819203283 
  0.930727620174E-001 -.141812926335E-001 -.672397668423E-001 -.544138359018E-001 0.283240990284E-001 0.145715383066E-001 0 0 0 1 0 0 1 0 1 0 2.75 2.32704226767 0.178893243339 15.3802811757 
  -.720986184642E-001 0.351417385449E-001 0.482188216506E-002 -.711089900990E-001 0.620881180458E-001 -.265657592374E-001 1 0 1 0 0 0 0 0 0 0 2.769 2.94971084568 0.326564097451E-001 6.52621327831 
  -.720986184642E-001 0.351417385449E-001 0.482188216506E-002 -.711089900990E-001 0.620881180458E-001 -.265657592374E-001 1 0 1 0 0 0 0 0 0 0 2.769 2.94971084568 0.326564097451E-001 6.52621327831 
  -.113391463585 0.129230076194 -.135544698651 -.758790341553E-001 0.726484280462E-001 -.416981835292E-001 0 1 0 0 0 0 0 0 0 0 2.778 2.8838531696 0.112048935148E-001 3.81040927294 
  0.242513534834E-001 -.572192584186E-001 0.225700082857E-001 -.281785935920E-001 -.146857234777E-001 0.464049318838E-001 1 0 1 0 0 0 0 0 0 1 2.782 2.94965171124 0.281070962830E-001 6.02630162631 
  -.445700550506E-001 -.941546880927E-002 0.450887738020E-001 -.234085495357E-001 -.211862671492E-001 0.484564582082E-001 0 0 0 0 0 0 1 0 0 0 2.807 2.54144927657 0.705171867166E-001 9.46030364925 
  0.655441986038E-001 -.422974895948E-001 -.319360542526E-001 -.234085495357E-001 -.211862671492E-001 0.484564582082E-001 1 0 1 0 0 0 0 1 0 0 2.821 2.97487935914 0.236788571680E-001 5.45478054362 
  0.120601325431 0.284695851910E-001 -.915722444327E-001 -.210235275075E-001 -.242842977476E-001 0.490973140396E-001 0 0 0 0 0 0 0 0 1 0 2.835 2.93797217695 0.106032692263E-001 3.63217555387 
  0.106837043724 0.532731117088E-002 -.813208549259E-001 -.711089900990E-001 0.620881180458E-001 -.265657592374E-001 1 0 0 0 0 0 1 0 0 1 2.835 2.61397311841 0.488528823835E-001 7.79636266617 
  0.175658452258 0.157375383429 -.725430201557E-001 0.172163256774 0.618373232387E-001 -.13730429439 1 0 0 0 0 0 0 1 0 0 2.836 3.67437785099 0.702877421023 29.5619834621 
  0.655441986038E-001 -.422974895948E-001 -.319360542526E-001 -.234085495357E-001 -.211862671492E-001 0.484564582082E-001 0 0 0 0 0 0 0 0 0 0 2.863 2.86898246707 0.357899122167E-004 0.208957983505 
  0.242513534834E-001 -.572192584186E-001 0.225700082857E-001 -.234085495357E-001 -.211862671492E-001 0.484564582082E-001 0 0 0 0 0 0 1 0 1 0 2.877 2.46535054159 0.16945527661 14.3082884397 
  0.655441986038E-001 -.422974895948E-001 -.319360542526E-001 0.886874857881E-001 -.570785202357E-001 -.822523305670E-001 1 0 0 0 0 0 0 0 0 0 2.877 3.28062041757 0.162909441481 14.0292115944 
  -.858629001710E-001 0.628708475456E-001 -.302179224987E-001 -.186385054794E-001 -.272808341878E-001 0.494903671793E-001 1 0 1 0 0 0 0 0 0 0 2.906 3.1213009964 0.463545190493E-001 7.40884364751 
  0.793084803106E-001 -.300562262220E-001 -.504158700090E-001 0.481421113093E-001 -.699772262746E-001 -.133093532575E-001 1 0 0 0 0 0 0 0 1 0 2.92 3.327874689 0.166361761928 13.9683112672 
  0.380156351902E-001 -.558790056931E-001 0.564377472158E-002 0.910725078162E-001 -.554063253977E-001 -.861218214494E-001 0 1 1 0 0 0 0 0 0 0 2.92 2.56993425951 0.122546022663 11.9885527564 
  -.858629001710E-001 0.628708475456E-001 -.302179224987E-001 -.401037037329E-001 0.334178346994E-002 0.364774537140E-001 0 1 0 0 0 0 0 1 0 0 2.92 3.10043169204 0.325555954926E-001 6.17916753563 
  -.858629001710E-001 0.628708475456E-001 -.302179224987E-001 -.401037037329E-001 0.334178346994E-002 0.364774537140E-001 0 1 0 0 0 0 0 1 0 0 2.92 3.10043169204 0.325555954926E-001 6.17916753563 
  0.104870717766E-001 -.549258409283E-001 0.368046014653E-001 -.949592103807E-001 0.118949434377 -.118741634814 1 0 1 1 0 0 0 1 0 0 2.948 2.74807099764 0.399716059861E-001 6.7818521833 
  0.161894170551 0.119698428546 -.884793232243E-001 -.210235275075E-001 -.242842977476E-001 0.490973140396E-001 0 1 1 1 0 0 0 1 0 0 2.948 2.74146954934 0.426548270504E-001 7.00578190846 
  0.242513534834E-001 -.572192584186E-001 0.225700082857E-001 0.600672214501E-001 -.692283139510E-001 -.333484133910E-001 1 0 0 0 0 0 0 1 0 0 2.977 3.40425809625 0.182549480809 14.3519682985 
  0.242513534834E-001 -.572192584186E-001 0.225700082857E-001 -.114834393949E-001 -.356614785590E-001 0.492487269112E-001 0 1 0 0 0 0 0 0 0 0 2.977 2.93662146834 0.163042581935E-002 1.35634973678 
  0.793084803106E-001 -.300562262220E-001 -.504158700090E-001 0.242918910276E-001 -.638629890550E-001 0.217169403256E-001 1 0 1 0 0 0 0 0 1 0 2.977 2.98244981105 0.297004405347E-004 0.183063858077 
  -.583343367574E-001 0.110462997599E-001 0.295618176563E-001 0.195218469713E-001 -.614222117125E-001 0.274649948147E-001 1 0 1 0 0 0 0 0 1 0 2.977 3.1716515545 0.378892276677E-001 6.53851375532 
  0.517799168970E-001 -.509050827519E-001 -.128872094001E-001 -.138684614230E-001 -.329694245935E-001 0.495594719686E-001 1 0 1 0 0 0 0 0 0 0 2.922 2.93642081178 0.207959812331E-003 0.493525385962 
  0.106837043724 0.532731117088E-002 -.813208549259E-001 0.20316854314 0.137672242466 -.833343646992E-001 1 0 1 0 0 0 0 0 1 0 3.005 3.22368835678 0.478245973898E-001 7.27748275464 
  0.134365607138 0.552455294269E-001 -.969070455360E-001 -.496437918455E-001 0.195906838760E-001 0.231639955153E-001 1 0 1 0 0 0 0 1 0 0 3.033 2.96231206144 0.499678465806E-002 2.33062771386 
  -.308057733438E-001 -.262435671627E-001 0.524896404288E-001 0.131617882295 -.114504069427E-001 -.136957595243 0 1 1 0 0 0 0 0 1 0 3.042 2.74404960992 0.887744349463E-001 9.79455588678 
  -.583343367574E-001 0.110462997599E-001 0.295618176563E-001 0.141157970408 0.315491675093E-002 -.142782940857 1 0 0 0 0 0 0 0 1 0 3.062 3.53516167057 0.223881966495 15.4526998879 
  -.327720993019E-002 -.489987532222E-001 0.472606644337E-001 0.441670745957E-003 -.475993360132E-001 0.445060929616E-001 0 1 0 0 0 0 0 1 0 0 3.062 3.06138810005 0 0.199836691505E-001 
  -.308057733438E-001 -.262435671627E-001 0.524896404288E-001 0.719923315909E-001 -.659420476719E-001 -.539711413453E-001 1 0 0 0 0 0 0 0 0 0 3.062 3.42976476418 0.135250921772 12.0106062763 
  -.720986184642E-001 0.351417385449E-001 0.482188216506E-002 -.949592103807E-001 0.118949434377 -.118741634814 1 0 1 0 0 0 1 0 0 0 3.062 2.31308754205 0.560869869679 24.4582775295 
  -.720986184642E-001 0.351417385449E-001 0.482188216506E-002 -.949592103807E-001 0.118949434377 -.118741634814 1 0 1 0 0 0 1 0 0 0 3.062 2.31308754205 0.560869869679 24.4582775295 
  0.120601325431 0.284695851910E-001 -.915722444327E-001 0.521171480229E-002 -.516640198874E-001 0.412441127394E-001 1 0 0 0 0 0 0 0 0 1 3.08 3.31633290823 0.558532435103E-001 7.67314637095 
  -.583343367574E-001 0.110462997599E-001 0.295618176563E-001 0.521171480229E-002 -.516640198874E-001 0.412441127394E-001 0 0 0 0 0 0 0 0 0 0 3.09 3.0857483817 0.180762581397E-004 0.137592825132 
  0.104870717766E-001 -.549258409283E-001 0.368046014653E-001 -.353336596765E-001 -.417370178378E-002 0.413040810471E-001 1 0 0 0 0 0 0 0 1 0 3.09 3.34638810257 0.657348591419E-001 8.29734959789 
  -.170414916370E-001 -.394379953003E-001 0.528513073638E-001 -.106884320521 0.151186123475 -.181383984635 0 0 1 0 0 0 0 0 0 0 3.09 2.25018105511 0.705295860198 27.1786066308 
  -.170414916370E-001 -.394379953003E-001 0.528513073638E-001 -.234085495357E-001 -.211862671492E-001 0.484564582082E-001 1 0 0 0 0 1 0 1 0 0 3.1 2.84803114722 0.634883027734E-001 8.12802750917 
  -.327720993019E-002 -.489987532222E-001 0.472606644337E-001 -.432837331037E-002 -.431286755062E-001 0.470145216883E-001 0 0 0 0 0 0 0 0 0 0 3.104 2.99184820873 0.125780242845E-001 3.61313760527 
  -.170414916370E-001 -.394379953003E-001 0.528513073638E-001 0.441670745957E-003 -.475993360132E-001 0.445060929616E-001 1 0 1 0 0 0 0 0 0 0 3.132 3.06074135245 0.507779485127E-002 2.27518031783 
  0.930727620174E-001 -.141812926335E-001 -.672397668423E-001 -.830341002398E-001 0.892500992334E-001 -.674106282836E-001 1 0 1 0 0 0 0 0 1 0 3.147 2.72345353628 0.179391606932 13.4587373283 
  -.583343367574E-001 0.110462997599E-001 0.295618176563E-001 -.353336596765E-001 -.417370178378E-002 0.413040810471E-001 0 0 0 0 0 0 0 0 0 0 3.175 3.02721463965 0.218405127341E-001 4.65465701893 
  -.996271818777E-001 0.942336267622E-001 -.766444861619E-001 -.472587698173E-001 0.153762175372E-001 0.269663896226E-001 0 0 0 0 0 0 0 0 0 0 3.175 3.01366286185 0.260296721458E-001 5.08148466608 
  -.308057733438E-001 -.262435671627E-001 0.524896404288E-001 -.472587698173E-001 0.153762175372E-001 0.269663896226E-001 0 0 1 0 0 0 1 0 0 0 3.203 2.11151945597 1.191329778 34.0768199823 
  0.930727620174E-001 -.141812926335E-001 -.672397668423E-001 0.552971773938E-001 -.698323613551E-001 -.252165376740E-001 0 0 0 0 0 0 0 0 0 0 3.203 2.8964310205 0.939845391932E-001 9.57130750866 
  -.445700550506E-001 -.941546880927E-002 0.450887738020E-001 -.639539240145E-001 0.470088592319E-001 -.674889818720E-002 0 0 0 0 0 0 0 0 0 0 3.203 2.91221703131 0.845547348796E-001 9.07845671836 
  -.858629001710E-001 0.628708475456E-001 -.302179224987E-001 -.257935715639E-001 -.179867423925E-001 0.475611980383E-001 0 0 0 0 0 0 0 0 0 0 3.225 3.06838306305 0.245288649411E-001 4.85633913038 
  -.858629001710E-001 0.628708475456E-001 -.302179224987E-001 -.257935715639E-001 -.179867423925E-001 0.475611980383E-001 0 0 0 0 0 0 0 0 0 0 3.225 3.06838306305 0.245288649411E-001 4.85633913038 
  -.327720993019E-002 -.489987532222E-001 0.472606644337E-001 -.257935715639E-001 -.179867423925E-001 0.475611980383E-001 0 0 0 0 0 0 0 0 1 0 3.232 3.00190108995 0.529455084066E-001 7.1193969694 
  0.104870717766E-001 -.549258409283E-001 0.368046014653E-001 -.472587698173E-001 0.153762175372E-001 0.269663896226E-001 0 0 0 0 0 0 0 0 0 0 3.232 2.88227946221 0.12230445455 10.8205611939 
  0.655441986038E-001 -.422974895948E-001 -.319360542526E-001 0.242918910276E-001 -.638629890550E-001 0.217169403256E-001 1 0 0 0 0 0 0 0 0 0 3.234 3.29750506697 0.403289353135E-002 1.96366935603 
  0.380156351902E-001 -.558790056931E-001 0.564377472158E-002 0.759673683045E-002 -.535441205871E-001 0.393470449336E-001 0 0 1 0 1 0 0 0 0 0 3.26 2.58281088258 0.458585100757 20.7726723136 
  -.445700550506E-001 -.941546880927E-002 0.450887738020E-001 0.934575298444E-001 -.536326364014E-001 -.899288376409E-001 0 0 0 1 0 0 1 1 0 0 3.274 2.62826791295 0.416969928251 19.7230325917 
  0.104870717766E-001 -.549258409283E-001 0.368046014653E-001 -.353336596765E-001 -.417370178378E-002 0.413040810471E-001 0 0 0 0 0 0 0 0 1 0 3.274 2.95652876045 0.100787987943 9.69673914331 
  0.655441986038E-001 -.422974895948E-001 -.319360542526E-001 0.286644314126 0.427098271755 0.415747176167 0 0 1 0 0 0 0 0 0 1 3.303 3.63422744897 0.109711622953 10.028078988 
  -.445700550506E-001 -.941546880927E-002 0.450887738020E-001 0.266769130558E-001 -.649311364890E-001 0.186560551436E-001 1 0 0 0 1 0 1 1 0 0 3.317 3.03552326583 0.792291518799E-001 8.48588285112 
  -.170414916370E-001 -.394379953003E-001 0.528513073638E-001 0.672222875346E-001 -.675610366582E-001 -.457048231966E-001 0 1 0 1 0 0 0 0 1 0 3.317 3.05857140145 0.667853405510E-001 7.79103402336 
  -.170414916370E-001 -.394379953003E-001 0.528513073638E-001 -.424887257610E-001 0.725176733413E-002 0.336165170755E-001 1 0 1 0 1 0 0 0 0 0 3.317 2.98614625833 0.109464198377 9.97448723754 
  0.106837043724 0.532731117088E-002 -.813208549259E-001 0.481421113093E-001 -.699772262746E-001 -.133093532575E-001 0 0 1 0 0 0 0 0 1 0 3.321 2.59955466327 0.520483373888 21.7237379322 
  -.327720993019E-002 -.489987532222E-001 0.472606644337E-001 -.353336596765E-001 -.417370178378E-002 0.413040810471E-001 0 0 1 0 0 0 0 1 0 0 3.331 2.65655347529 0.454878114695 20.2475690397 
  -.996271818777E-001 0.942336267622E-001 -.766444861619E-001 -.424887257610E-001 0.725176733413E-002 0.336165170755E-001 0 1 0 0 0 0 0 0 0 0 3.374 3.02827861413 0.119523276651 10.2466326578 
  -.996271818777E-001 0.942336267622E-001 -.766444861619E-001 0.123667808868E-001 -.569998395119E-001 0.350537621646E-001 1 0 1 0 0 0 0 0 0 0 3.374 3.14976050548 0.502833509027E-001 6.64610238649 
  -.720986184642E-001 0.351417385449E-001 0.482188216506E-002 0.236558851534 0.238523012923 0.456531437028E-001 0 1 0 0 0 0 0 0 0 0 3.402 3.58032542446 0.317999570096E-001 5.24178202417 
  0.242513534834E-001 -.572192584186E-001 0.225700082857E-001 0.242918910276E-001 -.638629890550E-001 0.217169403256E-001 1 0 0 0 0 0 0 1 0 0 3.416 3.41255475202 0.118697336204E-004 0.100856205405 
  0.120601325431 0.284695851910E-001 -.915722444327E-001 0.998175885862E-002 -.553227271286E-001 0.372813941932E-001 1 0 1 1 0 0 0 0 0 1 3.43 2.96925347063 0.212287364323 13.4328434218 
  -.445700550506E-001 -.941546880927E-002 0.450887738020E-001 -.210235275075E-001 -.242842977476E-001 0.490973140396E-001 0 1 1 0 0 0 0 0 0 0 3.444 2.68970548409 0.568960216736 21.9016990683 
  -.327720993019E-002 -.489987532222E-001 0.472606644337E-001 0.143542992436 0.705998306989E-002 -.143753008211 1 0 0 0 0 0 0 0 0 0 3.459 3.41198734199 0.221019001295E-002 1.35914015634 
  -.170414916370E-001 -.394379953003E-001 0.528513073638E-001 0.282669277412E-002 -.496824250294E-001 0.429659959643E-001 1 0 0 0 0 0 0 1 0 0 3.46 3.47742776795 0.303727095690E-003 0.503692715294 
  0.120601325431 0.284695851910E-001 -.915722444327E-001 0.958425518726E-001 -.517574532469E-001 -.936667774951E-001 1 0 0 0 0 0 0 0 0 0 3.473 3.30448926076 0.283958692375E-001 4.85202243694 
  0.930727620174E-001 -.141812926335E-001 -.672397668423E-001 -.472587698173E-001 0.153762175372E-001 0.269663896226E-001 0 0 0 0 0 0 0 0 0 0 3.544 2.80498084341 0.546149313805 20.8526850053 
  -.445700550506E-001 -.941546880927E-002 0.450887738020E-001 -.671339533854E-002 -.407411040154E-001 0.479696501246E-001 0 0 0 0 0 0 0 0 0 0 3.487 3.05852928053 0.18358715744 12.2876604378 
  -.327720993019E-002 -.489987532222E-001 0.472606644337E-001 -.162534834512E-001 -.301758764697E-001 0.496422192734E-001 0 0 0 0 0 0 0 0 0 0 3.544 2.97765777501 0.32074351581 15.980311089 
  -.858629001710E-001 0.628708475456E-001 -.302179224987E-001 -.234085495357E-001 -.211862671492E-001 0.484564582082E-001 0 0 1 0 0 0 0 0 0 0 3.572 2.72337464085 0.720165000196 23.7577088228 
  -.583343367574E-001 0.110462997599E-001 0.295618176563E-001 -.591838799582E-001 0.374634908137E-001 0.461817812961E-002 0 0 0 0 0 0 0 0 0 0 3.572 2.95007301942 0.386793169179 17.4111696692 
  -.327720993019E-002 -.489987532222E-001 0.472606644337E-001 0.441670745957E-003 -.475993360132E-001 0.445060929616E-001 1 0 0 0 0 0 0 0 0 0 3.586 3.38573075719 0.401077696149E-001 5.58475300636 
  0.175658452258 0.157375383429 -.725430201557E-001 0.107767662013 -.408591251010E-001 -.11108927408 1 0 0 0 0 0 0 0 0 0 3.6 3.50378700372 0.925694065319E-002 2.67258323 
  -.170414916370E-001 -.394379953003E-001 0.528513073638E-001 -.114834393949E-001 -.356614785590E-001 0.492487269112E-001 1 0 0 0 0 0 0 1 0 0 3.614 3.46394961985 0.225151165839E-001 4.15191976072 
  0.104870717766E-001 -.549258409283E-001 0.368046014653E-001 0.759673683045E-002 -.535441205871E-001 0.393470449336E-001 1 0 0 0 0 0 0 0 0 0 3.614 3.36582092121 0.615928551497E-001 6.86715768653 
  -.308057733438E-001 -.262435671627E-001 0.524896404288E-001 0.998175885862E-002 -.553227271286E-001 0.372813941932E-001 0 0 0 0 0 0 0 0 1 0 3.629 3.08974019586 0.290801136362 14.8597355784 
  -.583343367574E-001 0.110462997599E-001 0.295618176563E-001 0.250868983703 0.287834421183 0.12778774845 1 0 1 0 0 1 0 0 0 0 3.629 3.150502741 0.228959626872 13.1853750069 
  0.242513534834E-001 -.572192584186E-001 0.225700082857E-001 -.830341002398E-001 0.892500992334E-001 -.674106282836E-001 1 0 1 0 1 0 1 0 0 0 3.637 2.24371805877 1.94123456775 38.3085493876 
  -.996271818777E-001 0.942336267622E-001 -.766444861619E-001 0.123667808868E-001 -.569998395119E-001 0.350537621646E-001 1 0 1 0 0 0 0 0 0 0 3.643 3.14976050548 0.243285198955 13.5393767368 
  0.793084803106E-001 -.300562262220E-001 -.504158700090E-001 0.123667808868E-001 -.569998395119E-001 0.350537621646E-001 1 0 0 0 0 0 0 1 0 0 3.651 3.35478857573 0.877412078674E-001 8.11315870361 
  0.793084803106E-001 -.300562262220E-001 -.504158700090E-001 0.576821994219E-001 -.695810847322E-001 -.292675013529E-001 1 0 0 0 0 0 0 1 0 0 3.651 3.34964419559 0.908153208504E-001 8.25406202158 
  -.583343367574E-001 0.110462997599E-001 0.295618176563E-001 0.409870452248E-001 -.692086437701E-001 -.190936334649E-002 1 0 1 0 0 0 0 0 0 0 3.651 3.12973473295 0.271717478632 14.2773285962 
  -.583343367574E-001 0.110462997599E-001 0.295618176563E-001 0.409870452248E-001 -.692086437701E-001 -.190936334649E-002 1 0 1 0 0 0 0 0 0 0 3.651 3.12973473295 0.271717478632 14.2773285962 
  0.930727620174E-001 -.141812926335E-001 -.672397668423E-001 0.171368249431E-001 -.600495818038E-001 0.301389608290E-001 1 0 0 0 0 0 0 1 0 0 3.699 3.35743067053 0.116669606837 9.23409920176 
  0.104870717766E-001 -.549258409283E-001 0.368046014653E-001 -.472587698173E-001 0.153762175372E-001 0.269663896226E-001 1 0 0 0 0 0 0 1 0 0 3.728 3.33765548933 0.152368837013 10.4706145567 
  -.583343367574E-001 0.110462997599E-001 0.295618176563E-001 0.129232860267 -.148480024705E-001 -.135047998023 1 0 1 0 0 1 0 0 0 0 3.756 2.53189531246 1.49843228606 32.5906466332 
  0.104870717766E-001 -.549258409283E-001 0.368046014653E-001 -.472587698173E-001 0.153762175372E-001 0.269663896226E-001 0 0 0 1 0 0 0 0 0 0 3.77 2.88227946221 0.788047753208 23.546963867 
  -.327720993019E-002 -.489987532222E-001 0.472606644337E-001 -.472587698173E-001 0.153762175372E-001 0.269663896226E-001 1 0 0 0 0 0 0 1 0 0 3.77 3.36203659579 0.166434139175 10.8213104565 
  -.445700550506E-001 -.941546880927E-002 0.450887738020E-001 -.234085495357E-001 -.211862671492E-001 0.484564582082E-001 0 0 0 0 0 0 0 0 0 0 3.77 3.03500814367 0.540213028869 19.4958052076 
  0.242513534834E-001 -.572192584186E-001 0.225700082857E-001 0.265179115872 0.34079961914 0.22809461329 0 1 0 0 0 1 0 0 0 0 3.79 3.14035227599 0.422042165314 17.1411008974 
  0.930727620174E-001 -.141812926335E-001 -.672397668423E-001 -.424887257610E-001 0.725176733413E-002 0.336165170755E-001 1 0 0 0 0 0 0 1 0 0 3.799 3.2749726228 0.274604692058 13.7938240906 
  -.170414916370E-001 -.394379953003E-001 0.528513073638E-001 0.934575298444E-001 -.536326364014E-001 -.899288376409E-001 1 0 0 0 0 0 0 0 0 0 3.827 3.40162888505 0.180940585431 11.1150016971 
  -.720986184642E-001 0.351417385449E-001 0.482188216506E-002 -.234085495357E-001 -.211862671492E-001 0.484564582082E-001 1 0 1 0 0 0 0 0 1 0 3.856 3.14646299992 0.503442754487 18.4008558113 
  -.996271818777E-001 0.942336267622E-001 -.766444861619E-001 0.958425518726E-001 -.517574532469E-001 -.936667774951E-001 0 1 0 0 0 0 0 0 0 1 3.86 3.09420831312 0.586436907698 19.8391628726 
  0.120601325431 0.284695851910E-001 -.915722444327E-001 0.134002904323 -.795131725659E-002 -.138692489784 1 0 0 0 0 0 0 0 1 0 3.86 3.3657694032 0.244263882813 12.8039014715 
  -.720986184642E-001 0.351417385449E-001 0.482188216506E-002 -.234085495357E-001 -.211862671492E-001 0.484564582082E-001 0 0 0 0 0 0 0 1 0 0 3.884 3.13120553626 0.566699504643 19.3819377895 
  0.793084803106E-001 -.300562262220E-001 -.504158700090E-001 0.441670745957E-003 -.475993360132E-001 0.445060929616E-001 1 0 1 0 0 0 0 0 1 0 3.884 2.97368010711 0.828682307395 23.4376903422 
  0.134365607138 0.552455294269E-001 -.969070455360E-001 -.305636156202E-001 -.112832104046E-001 0.449810580980E-001 1 0 0 0 0 0 1 1 0 0 3.912 2.87109115228 1.08349122926 26.6080993793 
  -.445700550506E-001 -.941546880927E-002 0.450887738020E-001 0.958425518726E-001 -.517574532469E-001 -.936667774951E-001 1 0 1 0 0 0 0 0 0 0 3.94 3.09661650946 0.71129571211 21.4056723487 
  0.655441986038E-001 -.422974895948E-001 -.319360542526E-001 0.998175885862E-002 -.553227271286E-001 0.372813941932E-001 0 0 0 0 0 0 0 1 0 0 3.941 2.96997065568 0.94289798754 24.6391612364 
  -.127155745291 0.167860195843 -.208005449794 0.123667808868E-001 -.569998395119E-001 0.350537621646E-001 1 0 0 0 0 0 0 0 0 0 3.941 3.47361197928 0.218451561913 11.8596300614 
  0.655441986038E-001 -.422974895948E-001 -.319360542526E-001 0.441670745957E-003 -.475993360132E-001 0.445060929616E-001 0 0 0 0 0 0 0 0 0 0 3.969 2.8988760209 1.14516533065 26.9620554069 
  0.242513534834E-001 -.572192584186E-001 0.225700082857E-001 -.234085495357E-001 -.211862671492E-001 0.484564582082E-001 1 0 0 0 0 0 0 0 1 0 3.983 3.34876875082 0.402249277434 15.9234559171 
  -.996271818777E-001 0.942336267622E-001 -.766444861619E-001 -.830341002398E-001 0.892500992334E-001 -.674106282836E-001 0 0 0 0 0 0 0 1 0 0 3.997 2.91687809106 1.16666333818 27.02331521 
  -.445700550506E-001 -.941546880927E-002 0.450887738020E-001 0.672222875346E-001 -.675610366582E-001 -.457048231966E-001 1 0 0 0 0 0 0 1 0 0 3.997 3.51809403913 0.229350919352 11.9816352481 
  0.380156351902E-001 -.558790056931E-001 0.564377472158E-002 0.719923315909E-001 -.659420476719E-001 -.539711413453E-001 0 0 0 0 0 0 0 0 0 0 4.054 2.92395586469 1.27699974776 27.8747936683 
  -.308057733438E-001 -.262435671627E-001 0.524896404288E-001 -.353336596765E-001 -.417370178378E-002 0.413040810471E-001 1 0 0 0 0 0 0 1 0 0 4.054 3.4437888419 0.372357657468 15.0520759275 
  -.170414916370E-001 -.394379953003E-001 0.528513073638E-001 -.194335128221E-002 -.454147528388E-001 0.458578020851E-001 1 0 0 0 0 0 0 0 0 0 4.111 3.40831865352 0.493761074694 17.0927109337 
  0.242513534834E-001 -.572192584186E-001 0.225700082857E-001 0.441670745957E-003 -.475993360132E-001 0.445060929616E-001 1 0 0 0 0 0 0 0 1 0 4.153 3.37866230465 0.599598866434 18.6452611449 
  0.106837043724 0.532731117088E-002 -.813208549259E-001 -.234085495357E-001 -.211862671492E-001 0.484564582082E-001 1 0 0 0 0 0 0 0 1 0 4.167 3.30428413976 0.744278655508 20.7035243638 
  0.161894170551 0.119698428546 -.884793232243E-001 0.958425518726E-001 -.517574532469E-001 -.936667774951E-001 1 0 0 1 0 0 0 1 0 0 4.174 3.49785970976 0.457165692087 16.1988569775 
  -.583343367574E-001 0.110462997599E-001 0.295618176563E-001 -.234085495357E-001 -.211862671492E-001 0.484564582082E-001 1 0 1 0 0 0 0 0 0 0 4.238 3.09305678262 1.31089497103 27.0161212219 
  0.104870717766E-001 -.549258409283E-001 0.368046014653E-001 -.329486376484E-001 -.777920317330E-002 0.432829750346E-001 1 0 0 0 0 0 0 1 0 0 4.593 3.37724150728 1.47806871262 26.4698126 
  0.299536987619 0.659983137088 0.618197133681 -.162534834512E-001 -.301758764697E-001 0.496422192734E-001 1 0 0 0 0 0 0 1 0 0 4.99 5.0313478932 0.170964827191E-002 0.828615094148 
  0.655441986038E-001 -.422974895948E-001 -.319360542526E-001 -.234085495357E-001 -.211862671492E-001 0.484564582082E-001 0 0 1 1 0 0 1 0 0 0 0.709 2.02594446492 1.73434272368 185.746751046 
  0.793084803106E-001 -.300562262220E-001 -.504158700090E-001 0.441670745957E-003 -.475993360132E-001 0.445060929616E-001 1 0 0 0 0 0 1 0 1 0 1.021 2.82960037505 3.27103531662 177.140095499 
  0.148129888845 0.856551438786E-001 -.962383684088E-001 0.136387926351 -.435073341231E-002 -.140246079997 0 1 1 0 0 1 0 0 0 0 1.135 2.06375351411 0.862583089969 81.8285034457 
  0.242513534834E-001 -.572192584186E-001 0.225700082857E-001 -.591838799582E-001 0.374634908137E-001 0.461817812961E-002 0 0 0 1 0 1 0 0 0 0 1.33 2.21809943959 0.788720614592 66.7743939538 
  0.242513534834E-001 -.572192584186E-001 0.225700082857E-001 -.106884320521 0.151186123475 -.181383984635 0 0 0 0 0 0 1 0 0 0 1.474 2.03414919865 0.313767124746 38.0019809123 
  0.517799168970E-001 -.509050827519E-001 -.128872094001E-001 0.481421113093E-001 -.699772262746E-001 -.133093532575E-001 0 0 0 0 0 0 0 0 0 0 1.588 2.91562612897 1.76259113833 83.6036605146 
  -.327720993019E-002 -.489987532222E-001 0.472606644337E-001 -.782640561835E-001 0.780808242837E-001 -.498605556920E-001 0 0 0 0 0 0 1 1 0 0 1.588 2.34386824964 0.571336810818 47.5987562747 
  0.104870717766E-001 -.549258409283E-001 0.368046014653E-001 -.432837331037E-002 -.431286755062E-001 0.470145216883E-001 0 1 0 1 0 0 0 1 0 0 1.701 3.03298378725 1.77418080951 78.3059251766 
  0.104870717766E-001 -.549258409283E-001 0.368046014653E-001 0.521171480229E-002 -.516640198874E-001 0.412441127394E-001 0 0 0 0 0 1 0 0 0 0 1.729 2.37685608951 0.419717512717 37.469987826 
  -.308057733438E-001 -.262435671627E-001 0.524896404288E-001 0.839174417317E-001 -.601184274372E-001 -.743523313151E-001 1 0 1 0 0 1 0 1 0 0 1.79 2.54459786623 0.569417939713 42.1563053758 
  0.120601325431 0.284695851910E-001 -.915722444327E-001 -.591838799582E-001 0.374634908137E-001 0.461817812961E-002 1 0 1 0 0 0 0 0 0 0 1.818 2.83117841089 1.0265304923 55.7303856377 
  -.583343367574E-001 0.110462997599E-001 0.295618176563E-001 -.925741883525E-001 0.112806579032 -.107596932631 1 0 1 0 1 0 1 0 0 0 1.885 2.31668931503 0.186355664712 22.9012899221 
  0.242513534834E-001 -.572192584186E-001 0.225700082857E-001 -.353336596765E-001 -.417370178378E-002 0.413040810471E-001 0 0 0 0 0 0 0 0 0 0 1.893 2.89305353125 1.00010706536 52.8290296485 
  -.996271818777E-001 0.942336267622E-001 -.766444861619E-001 0.441670745957E-003 -.475993360132E-001 0.445060929616E-001 0 0 0 0 0 0 0 1 0 0 1.899 3.16839039323 1.61135197041 66.8452023816 
  0.242513534834E-001 -.572192584186E-001 0.225700082857E-001 -.901891663243E-001 0.106765217845 -.968980825323E-001 1 0 1 0 0 0 0 0 0 0 1.928 2.69216618829 0.583949963332 39.6351757414 
  -.445700550506E-001 -.941546880927E-002 0.450887738020E-001 0.481421113093E-001 -.699772262746E-001 -.133093532575E-001 1 0 1 0 0 0 0 0 1 0 1.928 3.150391293 1.4942404732 63.4020380186 
  -.308057733438E-001 -.262435671627E-001 0.524896404288E-001 0.167393212718 0.516928249617E-001 -.140940309893 0 1 0 0 0 0 1 0 1 0 1.928 2.67318423403 0.555299542654 38.6506345454 
  0.104870717766E-001 -.549258409283E-001 0.368046014653E-001 0.600672214501E-001 -.692283139510E-001 -.333484133910E-001 1 0 1 1 0 0 0 0 0 0 1.936 3.01234356386 1.15851546745 55.5962584636 
  -.308057733438E-001 -.262435671627E-001 0.524896404288E-001 -.639539240145E-001 0.470088592319E-001 -.674889818720E-002 0 0 0 0 0 0 0 0 0 0 1.97 2.89108363831 0.848395068768 46.7555146352 
  -.445700550506E-001 -.941546880927E-002 0.450887738020E-001 -.114834393949E-001 -.356614785590E-001 0.492487269112E-001 0 0 0 0 0 0 1 0 0 0 2.055 2.55955527777 0.254576028325 24.5525682613 
  0.242513534834E-001 -.572192584186E-001 0.225700082857E-001 -.973442324088E-001 0.12519378388 -.130338790729 0 0 0 0 1 0 0 1 0 0 2.055 2.66745222014 0.375097721955 29.8030277441 
  -.583343367574E-001 0.110462997599E-001 0.295618176563E-001 -.663389460427E-001 0.519337846783E-001 -.129790840142E-001 1 0 0 0 0 0 0 0 1 0 2.082 3.34939611544 1.60629291343 60.8739728838 
  -.583343367574E-001 0.110462997599E-001 0.295618176563E-001 -.424887257610E-001 0.725176733413E-002 0.336165170755E-001 1 0 1 0 0 0 1 0 0 0 2.084 2.55479637523 0.221649226927 22.5909968919 
  0.380156351902E-001 -.558790056931E-001 0.564377472158E-002 -.305636156202E-001 -.112832104046E-001 0.449810580980E-001 1 0 1 1 0 0 0 0 0 0 2.084 2.92397735013 0.705561948736 40.3060148816 
  0.104870717766E-001 -.549258409283E-001 0.368046014653E-001 0.195218469713E-001 -.614222117125E-001 0.274649948147E-001 1 0 0 0 0 0 0 0 0 0 2.1 3.36965692721 1.61202871282 60.4598536768 
  -.858629001710E-001 0.628708475456E-001 -.302179224987E-001 0.441670745957E-003 -.475993360132E-001 0.445060929616E-001 0 0 1 1 0 0 1 0 0 0 2.125 2.25970932757 0.181466029354E-001 6.33926247407 
  -.445700550506E-001 -.941546880927E-002 0.450887738020E-001 -.234085495357E-001 -.211862671492E-001 0.484564582082E-001 0 1 1 0 0 0 0 0 0 1 2.126 2.68552900863 0.313072711495 26.318391751 
  -.170414916370E-001 -.394379953003E-001 0.528513073638E-001 0.441670745957E-003 -.475993360132E-001 0.445060929616E-001 1 0 1 1 0 0 1 1 0 0 2.187 2.63269917032 0.198647750428 20.3794773811 
  0.517799168970E-001 -.509050827519E-001 -.128872094001E-001 0.441670745957E-003 -.475993360132E-001 0.445060929616E-001 0 1 0 0 0 0 1 0 0 0 2.187 2.41735181502 0.530619586814E-001 10.5327761782 
  -.445700550506E-001 -.941546880927E-002 0.450887738020E-001 -.118809430662 0.18596016653 -.256162883551 0 0 1 0 0 0 1 0 0 0 2.211 1.69515965055 0.266091266119 23.3306354341 
  -.858629001710E-001 0.628708475456E-001 -.302179224987E-001 -.472587698173E-001 0.153762175372E-001 0.269663896226E-001 1 0 1 0 0 0 0 0 0 0 2.225 3.05391669042 0.687102879654 37.2546827154 
  0.242513534834E-001 -.572192584186E-001 0.225700082857E-001 -.591838799582E-001 0.374634908137E-001 0.461817812961E-002 0 0 0 1 0 0 0 1 0 0 2.24 2.881428596 0.411430643765 28.6352051785 
  -.445700550506E-001 -.941546880927E-002 0.450887738020E-001 -.496437918455E-001 0.195906838760E-001 0.231639955153E-001 0 0 0 0 0 0 0 0 0 0 2.24 2.96782127051 0.529723801806 32.4920210049 
  -.720986184642E-001 0.351417385449E-001 0.482188216506E-002 0.433720672529E-001 -.695663320965E-001 -.564200229439E-002 0 0 0 0 0 0 0 0 0 0 2.282 3.10173622559 0.671967479547 35.921832848 
  -.720986184642E-001 0.351417385449E-001 0.482188216506E-002 -.472587698173E-001 0.153762175372E-001 0.269663896226E-001 0 1 1 1 0 0 0 0 0 0 2.296 2.65689242367 0.130243341463 15.7183111355 
  -.445700550506E-001 -.941546880927E-002 0.450887738020E-001 -.210235275075E-001 -.242842977476E-001 0.490973140396E-001 1 0 1 1 0 0 1 0 0 0 2.296 2.58600595911 0.841034563181E-001 12.6309215639 
  -.308057733438E-001 -.262435671627E-001 0.524896404288E-001 -.711089900990E-001 0.620881180458E-001 -.265657592374E-001 0 0 0 1 0 0 0 0 0 1 2.301 2.857516538 0.309710657064 24.1858556279 
  0.380156351902E-001 -.558790056931E-001 0.564377472158E-002 -.806490782117E-001 0.836147146795E-001 -.584291700613E-001 0 0 0 0 0 0 0 0 0 0 2.325 2.69032882177 0.133465148012 15.7130676028 
  0.106837043724 0.532731117088E-002 -.813208549259E-001 -.663389460427E-001 0.519337846783E-001 -.129790840142E-001 1 0 1 1 0 0 0 1 0 0 2.353 2.84639400436 0.243437643533 20.9687209671 
  -.113391463585 0.129230076194 -.135544698651 -.472587698173E-001 0.153762175372E-001 0.269663896226E-001 1 0 0 0 0 0 0 0 0 0 2.353 3.3954188414 1.0866370409 44.3016932171 
  -.327720993019E-002 -.489987532222E-001 0.472606644337E-001 0.136387926351 -.435073341231E-002 -.140246079997 0 1 1 0 0 0 0 1 0 0 2.367 2.72723763288 0.129771152144 15.2191648873 
  -.445700550506E-001 -.941546880927E-002 0.450887738020E-001 -.186385054794E-001 -.272808341878E-001 0.494903671793E-001 0 1 1 0 0 0 0 0 0 0 2.381 2.69359602205 0.977162730007E-001 13.1287703506 
  0.104870717766E-001 -.549258409283E-001 0.368046014653E-001 -.591838799582E-001 0.374634908137E-001 0.461817812961E-002 0 1 1 0 0 0 0 0 0 0 2.381 2.48951406361 0.117753020005E-001 4.5574995215 
  -.113391463585 0.129230076194 -.135544698651 -.353336596765E-001 -.417370178378E-002 0.413040810471E-001 0 0 0 0 0 0 1 0 0 0 2.381 2.54585598884 0.271774970556E-001 6.92381305492 
  -.327720993019E-002 -.489987532222E-001 0.472606644337E-001 -.234085495357E-001 -.211862671492E-001 0.484564582082E-001 0 0 0 0 0 0 0 0 0 0 2.41 2.96597786123 0.309111382181 23.0696207981 
  0.930727620174E-001 -.141812926335E-001 -.672397668423E-001 0.290619350839E-001 -.658977897647E-001 0.154794001986E-001 1 0 1 1 0 0 0 0 0 0 2.41 2.94329106985 0.284399365182 22.1282601598 
  -.170414916370E-001 -.394379953003E-001 0.528513073638E-001 0.441670745957E-003 -.475993360132E-001 0.445060929616E-001 1 0 1 0 0 0 0 1 0 0 2.41 3.12625803743 0.513025576185 29.7202505158 
  -.858629001710E-001 0.628708475456E-001 -.302179224987E-001 -.234085495357E-001 -.211862671492E-001 0.484564582082E-001 1 0 1 0 0 0 0 0 0 1 2.414 3.11323398298 0.488928162947 28.9657822276 
  -.327720993019E-002 -.489987532222E-001 0.472606644337E-001 -.472587698173E-001 0.153762175372E-001 0.269663896226E-001 1 0 1 1 0 0 0 0 0 0 2.424 2.94704077576 0.273571653107 21.577589759 
  -.858629001710E-001 0.628708475456E-001 -.302179224987E-001 -.234085495357E-001 -.211862671492E-001 0.484564582082E-001 0 1 0 0 0 0 0 0 1 0 2.438 3.11324771746 0.455959479929 27.6967890671 
  0.380156351902E-001 -.558790056931E-001 0.564377472158E-002 0.576821994219E-001 -.695810847322E-001 -.292675013529E-001 0 0 0 1 0 1 0 1 0 0 2.442 2.39688517072 0.203534782131E-002 1.84745410663 
  -.445700550506E-001 -.941546880927E-002 0.450887738020E-001 -.591838799582E-001 0.374634908137E-001 0.461817812961E-002 0 0 0 0 0 0 0 0 0 1 2.45 2.93240458755 0.232714186092 19.6899831654 
  0.380156351902E-001 -.558790056931E-001 0.564377472158E-002 0.143542992436 0.705998306989E-002 -.143753008211 1 0 1 0 0 0 0 0 0 0 2.466 2.99445553902 0.279265256725 21.429665005 
  -.127155745291 0.167860195843 -.208005449794 -.687239680708E-001 0.569602042829E-001 -.195825038154E-001 0 0 1 1 0 0 0 0 0 0 2.466 2.55315334753 0.759570598513E-002 3.53419900758 
  0.655441986038E-001 -.422974895948E-001 -.319360542526E-001 -.830341002398E-001 0.892500992334E-001 -.674106282836E-001 1 0 1 0 0 0 0 0 1 0 2.466 2.72813786738 0.687162615129E-001 10.6300838352 
  -.127155745291 0.167860195843 -.208005449794 -.711089900990E-001 0.620881180458E-001 -.265657592374E-001 0 0 0 0 0 0 0 0 1 0 2.495 2.93138822205 0.190434680344 17.4905099018 
  -.327720993019E-002 -.489987532222E-001 0.472606644337E-001 -.854191222680E-001 0.949869779456E-001 -.768115320052E-001 0 0 1 0 0 0 0 0 0 0 2.495 2.38035586645 0.131432773572E-001 4.59495525246 
  -.858629001710E-001 0.628708475456E-001 -.302179224987E-001 0.290619350839E-001 -.658977897647E-001 0.154794001986E-001 0 1 0 0 0 1 0 0 0 0 2.495 2.51365403127 0.347972882447E-003 0.74765656374 
  -.308057733438E-001 -.262435671627E-001 0.524896404288E-001 0.441670745957E-003 -.475993360132E-001 0.445060929616E-001 1 0 1 0 0 1 0 0 0 1 2.495 2.48633604016 0.750642000942E-004 0.347252899364 
 Maximum absolute errors (%) on observed data points 
  185.746751046 
 
 
 Quality metrics for output Z1
 -----------------------------
 SSE OLR:           68.1
 SSE:               71.0
 RMSE:              0.613
 R2:                0.290
 R2 adjusted:       0.238
 Model size:        13
 BIC:               -117.
 Cp:                -44.8
 AICc:              -157.
 HQC:               -142.
 MSE:               0.405
 SSEp:              71.0
 RIC:               192.
 MADp:              186.

 BETAS and BASES chosen for this output
 -0.293988866587405      age1
   1.49737360750909      age2
   1.09596663859184      age3
   1.74108520887589      lwt1
  0.252342274078671      lwt2
   1.25724528146092      lwt3
  0.389859342126843      white
 -0.349479135044383      smoke
 -0.597812471427690      ht
 -0.493558867106229      ui
  6.551668498543152E-002 ftv1
  4.039394156313533E-002 ftv2
   2.97176854308997      1.00
 
 
 Total execution time 0.20 s
 Times breakdown
     OLR time:        0.24E-02 s in 59 ordinary linear regression problem(s)
     MIP time:        0.0 s in 0 quadratic integer problem(s)
     Simulation time: 0.0 s to simulate 0 point(s)
     All other time:  0.20 s in 1 iteration(s)
 
 Normal termination
 ***************************************************************************
