 ***************************************************************************
 ALAMO version 2018.4.3. Built: LNX-64 Tue Apr 3 21:46:10 EDT 2018 
 
The options and data used in solving this problem are as follows:
 
NINPUTS           =             16
NOUTPUTS          =              1
NTRANS            =              0
NCVF              =              5
NPENL             =            100
NDATA             =            189
NPREDATA          =              0
NSAMPLE           =              0
NVALDATA          =              0
NVALSAMPLE        =              0
NVALSETS          =              0
PRFREQ            =              1
INITIALPOINTS     =            189
SAMPLER           =              1
MODELER           =              2
INITIALIZER       =              1
BUILDER           =              1
ENUM1             =             -1
ENUMALL           =              0
GREEDYBUILDER     =               T
NDGELS            =            120
REGULARIZER       =              0
TOLMAXERROR       = 0.500000007451E-001 
MAXSIM            =             10
MINPOINTS         =             16
MAXPOINTS         =             22
OBJFUN            =              1
SNOBFITP          = 0.5 
SNOBFITRESOLUTION = 0.100000000000E-004 
MAXTIME           = 1000 
DATALIMITTERMS    =               T
NUMLIMITBASIS     =               T
CONVPEN           = 0 
MONO              =              0
MULTI2            =              0
MULTI3            =              0
RATIOS            =              0
EXPFCNS           =               F
LINFCNS           =               T
LOGFCNS           =               F
SINFCNS           =               F
COSFCNS           =               F
CONSTANT          =               T
GRBFCNS           =               F
PRBF              =               F
LK                =               F
NCUSTOMBAS        =              0
OTHERBASIS        =              0
USEGPU            =               F
XSCALING          =               F
SCALEZ            =               F
MAXITER           =              1
TOLESTERROR       = 0.999999977648E-002 
TOLSSE            = 0 
FUNFORM           =              5
RBFPARAM          = 1 
PRESET            = -111111 
LINEARERROR       =               F
SOLVEMIP          =               F
DELTATERM         =               T
SHORTCUT          =               T
DIVE              =               T
FIRSTFEAS         =               F
MIPOPTCA          = 0.500000007451E-001 
MIPOPTCR          = 0.999999974738E-004 
CRTOL             = 0.100000000000E-002 
CRNINITIAL        =              0
CRMAXITER         =             10
CRNVIOL           =              5
CRNTRIALS         =            100
CRNCUSTOM         =              0
NGROUPS           =              0
SIMULATOR         =      mysim
SIMIN             =      input.txt
SIMOUT            =      output.txt
GAMS              =      gams
GAMSSOLVER        =      baron
GAMSNLPSOLVER     =      baron
SNOBFITTEST       =      test.mat
SNOBFITPATH       =      /usr/local/ALAMO/snobfit/
MINQPATH          =      /usr/local/ALAMO/minq5/
SCRATCH           =      almscr
===========================================================================

XLABELS           XMIN                  XMAX 
age1      -.127155745291        0.299536987619     
age2      -.572192584186E-001   0.659983137088     
age3      -.208005449794        0.618197133681     
lwt1      -.118809430662        0.286644314126     
lwt2      -.699772262746E-001   0.427098271755     
lwt3      -.256162883551        0.415747176167     
white      0.00000000000         1.00000000000     
black      0.00000000000         1.00000000000     
smoke      0.00000000000         1.00000000000     
ptl1       0.00000000000         1.00000000000     
ptl2m      0.00000000000         1.00000000000     
ht         0.00000000000         1.00000000000     
ui         0.00000000000         1.00000000000     
ftv1       0.00000000000         1.00000000000     
ftv2       0.00000000000         1.00000000000     
ftv3m      0.00000000000         1.00000000000     
ZLABELS   TOLMEANERROR          TOLRELMETRIC          TOLABSMETRIC            MAXTERMS                 ZISINT
Z1         0.00000000000        0.100000000000E-005   0.100000000000E-005           17    F

XDATA and ZDATA
  -.583343367574E-001 0.110462997599E-001 0.295618176563E-001 0.124462816211 -.213387110515E-001 -.130731102126 0 1 0 0 0 0 1 0 0 0 2.523 
  0.134365607138 0.552455294269E-001 -.969070455360E-001 0.600672214501E-001 -.692283139510E-001 -.333484133910E-001 0 0 0 0 0 0 0 0 0 1 2.551 
  -.445700550506E-001 -.941546880927E-002 0.450887738020E-001 -.591838799582E-001 0.374634908137E-001 0.461817812961E-002 1 0 1 0 0 0 0 1 0 0 2.557 
  -.308057733438E-001 -.262435671627E-001 0.524896404288E-001 -.520288138737E-001 0.239066443731E-001 0.190345789588E-001 1 0 1 0 0 0 1 0 1 0 2.594 
  -.720986184642E-001 0.351417385449E-001 0.482188216506E-002 -.544138359018E-001 0.283240990284E-001 0.145715383066E-001 1 0 1 0 0 0 1 0 0 0 2.6 
  -.308057733438E-001 -.262435671627E-001 0.524896404288E-001 -.138684614230E-001 -.329694245935E-001 0.495594719686E-001 0 0 0 0 0 0 0 0 0 0 2.622 
  -.170414916370E-001 -.394379953003E-001 0.528513073638E-001 -.281785935920E-001 -.146857234777E-001 0.464049318838E-001 1 0 0 0 0 0 0 1 0 0 2.637 
  -.858629001710E-001 0.628708475456E-001 -.302179224987E-001 -.639539240145E-001 0.470088592319E-001 -.674889818720E-002 0 0 0 0 0 0 0 1 0 0 2.637 
  0.793084803106E-001 -.300562262220E-001 -.504158700090E-001 -.162534834512E-001 -.301758764697E-001 0.496422192734E-001 1 0 1 0 0 0 0 1 0 0 2.663 
  0.380156351902E-001 -.558790056931E-001 0.564377472158E-002 -.401037037329E-001 0.334178346994E-002 0.364774537140E-001 1 0 1 0 0 0 0 0 0 0 2.665 
  -.583343367574E-001 0.110462997599E-001 0.295618176563E-001 -.830341002398E-001 0.892500992334E-001 -.674106282836E-001 0 0 0 0 0 0 0 0 0 0 2.722 
  -.583343367574E-001 0.110462997599E-001 0.295618176563E-001 0.481421113093E-001 -.699772262746E-001 -.133093532575E-001 0 0 0 0 0 0 0 1 0 0 2.733 
  -.170414916370E-001 -.394379953003E-001 0.528513073638E-001 -.830341002398E-001 0.892500992334E-001 -.674106282836E-001 0 0 0 0 0 1 0 0 0 0 2.751 
  0.930727620174E-001 -.141812926335E-001 -.672397668423E-001 -.544138359018E-001 0.283240990284E-001 0.145715383066E-001 0 0 0 1 0 0 1 0 1 0 2.75 
  -.720986184642E-001 0.351417385449E-001 0.482188216506E-002 -.711089900990E-001 0.620881180458E-001 -.265657592374E-001 1 0 1 0 0 0 0 0 0 0 2.769 
  -.720986184642E-001 0.351417385449E-001 0.482188216506E-002 -.711089900990E-001 0.620881180458E-001 -.265657592374E-001 1 0 1 0 0 0 0 0 0 0 2.769 
  -.113391463585 0.129230076194 -.135544698651 -.758790341553E-001 0.726484280462E-001 -.416981835292E-001 0 1 0 0 0 0 0 0 0 0 2.778 
  0.242513534834E-001 -.572192584186E-001 0.225700082857E-001 -.281785935920E-001 -.146857234777E-001 0.464049318838E-001 1 0 1 0 0 0 0 0 0 1 2.782 
  -.445700550506E-001 -.941546880927E-002 0.450887738020E-001 -.234085495357E-001 -.211862671492E-001 0.484564582082E-001 0 0 0 0 0 0 1 0 0 0 2.807 
  0.655441986038E-001 -.422974895948E-001 -.319360542526E-001 -.234085495357E-001 -.211862671492E-001 0.484564582082E-001 1 0 1 0 0 0 0 1 0 0 2.821 
  0.120601325431 0.284695851910E-001 -.915722444327E-001 -.210235275075E-001 -.242842977476E-001 0.490973140396E-001 0 0 0 0 0 0 0 0 1 0 2.835 
  0.106837043724 0.532731117088E-002 -.813208549259E-001 -.711089900990E-001 0.620881180458E-001 -.265657592374E-001 1 0 0 0 0 0 1 0 0 1 2.835 
  0.175658452258 0.157375383429 -.725430201557E-001 0.172163256774 0.618373232387E-001 -.13730429439 1 0 0 0 0 0 0 1 0 0 2.836 
  0.655441986038E-001 -.422974895948E-001 -.319360542526E-001 -.234085495357E-001 -.211862671492E-001 0.484564582082E-001 0 0 0 0 0 0 0 0 0 0 2.863 
  0.242513534834E-001 -.572192584186E-001 0.225700082857E-001 -.234085495357E-001 -.211862671492E-001 0.484564582082E-001 0 0 0 0 0 0 1 0 1 0 2.877 
  0.655441986038E-001 -.422974895948E-001 -.319360542526E-001 0.886874857881E-001 -.570785202357E-001 -.822523305670E-001 1 0 0 0 0 0 0 0 0 0 2.877 
  -.858629001710E-001 0.628708475456E-001 -.302179224987E-001 -.186385054794E-001 -.272808341878E-001 0.494903671793E-001 1 0 1 0 0 0 0 0 0 0 2.906 
  0.793084803106E-001 -.300562262220E-001 -.504158700090E-001 0.481421113093E-001 -.699772262746E-001 -.133093532575E-001 1 0 0 0 0 0 0 0 1 0 2.92 
  0.380156351902E-001 -.558790056931E-001 0.564377472158E-002 0.910725078162E-001 -.554063253977E-001 -.861218214494E-001 0 1 1 0 0 0 0 0 0 0 2.92 
  -.858629001710E-001 0.628708475456E-001 -.302179224987E-001 -.401037037329E-001 0.334178346994E-002 0.364774537140E-001 0 1 0 0 0 0 0 1 0 0 2.92 
  -.858629001710E-001 0.628708475456E-001 -.302179224987E-001 -.401037037329E-001 0.334178346994E-002 0.364774537140E-001 0 1 0 0 0 0 0 1 0 0 2.92 
  0.104870717766E-001 -.549258409283E-001 0.368046014653E-001 -.949592103807E-001 0.118949434377 -.118741634814 1 0 1 1 0 0 0 1 0 0 2.948 
  0.161894170551 0.119698428546 -.884793232243E-001 -.210235275075E-001 -.242842977476E-001 0.490973140396E-001 0 1 1 1 0 0 0 1 0 0 2.948 
  0.242513534834E-001 -.572192584186E-001 0.225700082857E-001 0.600672214501E-001 -.692283139510E-001 -.333484133910E-001 1 0 0 0 0 0 0 1 0 0 2.977 
  0.242513534834E-001 -.572192584186E-001 0.225700082857E-001 -.114834393949E-001 -.356614785590E-001 0.492487269112E-001 0 1 0 0 0 0 0 0 0 0 2.977 
  0.793084803106E-001 -.300562262220E-001 -.504158700090E-001 0.242918910276E-001 -.638629890550E-001 0.217169403256E-001 1 0 1 0 0 0 0 0 1 0 2.977 
  -.583343367574E-001 0.110462997599E-001 0.295618176563E-001 0.195218469713E-001 -.614222117125E-001 0.274649948147E-001 1 0 1 0 0 0 0 0 1 0 2.977 
  0.517799168970E-001 -.509050827519E-001 -.128872094001E-001 -.138684614230E-001 -.329694245935E-001 0.495594719686E-001 1 0 1 0 0 0 0 0 0 0 2.922 
  0.106837043724 0.532731117088E-002 -.813208549259E-001 0.20316854314 0.137672242466 -.833343646992E-001 1 0 1 0 0 0 0 0 1 0 3.005 
  0.134365607138 0.552455294269E-001 -.969070455360E-001 -.496437918455E-001 0.195906838760E-001 0.231639955153E-001 1 0 1 0 0 0 0 1 0 0 3.033 
  -.308057733438E-001 -.262435671627E-001 0.524896404288E-001 0.131617882295 -.114504069427E-001 -.136957595243 0 1 1 0 0 0 0 0 1 0 3.042 
  -.583343367574E-001 0.110462997599E-001 0.295618176563E-001 0.141157970408 0.315491675093E-002 -.142782940857 1 0 0 0 0 0 0 0 1 0 3.062 
  -.327720993019E-002 -.489987532222E-001 0.472606644337E-001 0.441670745957E-003 -.475993360132E-001 0.445060929616E-001 0 1 0 0 0 0 0 1 0 0 3.062 
  -.308057733438E-001 -.262435671627E-001 0.524896404288E-001 0.719923315909E-001 -.659420476719E-001 -.539711413453E-001 1 0 0 0 0 0 0 0 0 0 3.062 
  -.720986184642E-001 0.351417385449E-001 0.482188216506E-002 -.949592103807E-001 0.118949434377 -.118741634814 1 0 1 0 0 0 1 0 0 0 3.062 
  -.720986184642E-001 0.351417385449E-001 0.482188216506E-002 -.949592103807E-001 0.118949434377 -.118741634814 1 0 1 0 0 0 1 0 0 0 3.062 
  0.120601325431 0.284695851910E-001 -.915722444327E-001 0.521171480229E-002 -.516640198874E-001 0.412441127394E-001 1 0 0 0 0 0 0 0 0 1 3.08 
  -.583343367574E-001 0.110462997599E-001 0.295618176563E-001 0.521171480229E-002 -.516640198874E-001 0.412441127394E-001 0 0 0 0 0 0 0 0 0 0 3.09 
  0.104870717766E-001 -.549258409283E-001 0.368046014653E-001 -.353336596765E-001 -.417370178378E-002 0.413040810471E-001 1 0 0 0 0 0 0 0 1 0 3.09 
  -.170414916370E-001 -.394379953003E-001 0.528513073638E-001 -.106884320521 0.151186123475 -.181383984635 0 0 1 0 0 0 0 0 0 0 3.09 
  -.170414916370E-001 -.394379953003E-001 0.528513073638E-001 -.234085495357E-001 -.211862671492E-001 0.484564582082E-001 1 0 0 0 0 1 0 1 0 0 3.1 
  -.327720993019E-002 -.489987532222E-001 0.472606644337E-001 -.432837331037E-002 -.431286755062E-001 0.470145216883E-001 0 0 0 0 0 0 0 0 0 0 3.104 
  -.170414916370E-001 -.394379953003E-001 0.528513073638E-001 0.441670745957E-003 -.475993360132E-001 0.445060929616E-001 1 0 1 0 0 0 0 0 0 0 3.132 
  0.930727620174E-001 -.141812926335E-001 -.672397668423E-001 -.830341002398E-001 0.892500992334E-001 -.674106282836E-001 1 0 1 0 0 0 0 0 1 0 3.147 
  -.583343367574E-001 0.110462997599E-001 0.295618176563E-001 -.353336596765E-001 -.417370178378E-002 0.413040810471E-001 0 0 0 0 0 0 0 0 0 0 3.175 
  -.996271818777E-001 0.942336267622E-001 -.766444861619E-001 -.472587698173E-001 0.153762175372E-001 0.269663896226E-001 0 0 0 0 0 0 0 0 0 0 3.175 
  -.308057733438E-001 -.262435671627E-001 0.524896404288E-001 -.472587698173E-001 0.153762175372E-001 0.269663896226E-001 0 0 1 0 0 0 1 0 0 0 3.203 
  0.930727620174E-001 -.141812926335E-001 -.672397668423E-001 0.552971773938E-001 -.698323613551E-001 -.252165376740E-001 0 0 0 0 0 0 0 0 0 0 3.203 
  -.445700550506E-001 -.941546880927E-002 0.450887738020E-001 -.639539240145E-001 0.470088592319E-001 -.674889818720E-002 0 0 0 0 0 0 0 0 0 0 3.203 
  -.858629001710E-001 0.628708475456E-001 -.302179224987E-001 -.257935715639E-001 -.179867423925E-001 0.475611980383E-001 0 0 0 0 0 0 0 0 0 0 3.225 
  -.858629001710E-001 0.628708475456E-001 -.302179224987E-001 -.257935715639E-001 -.179867423925E-001 0.475611980383E-001 0 0 0 0 0 0 0 0 0 0 3.225 
  -.327720993019E-002 -.489987532222E-001 0.472606644337E-001 -.257935715639E-001 -.179867423925E-001 0.475611980383E-001 0 0 0 0 0 0 0 0 1 0 3.232 
  0.104870717766E-001 -.549258409283E-001 0.368046014653E-001 -.472587698173E-001 0.153762175372E-001 0.269663896226E-001 0 0 0 0 0 0 0 0 0 0 3.232 
  0.655441986038E-001 -.422974895948E-001 -.319360542526E-001 0.242918910276E-001 -.638629890550E-001 0.217169403256E-001 1 0 0 0 0 0 0 0 0 0 3.234 
  0.380156351902E-001 -.558790056931E-001 0.564377472158E-002 0.759673683045E-002 -.535441205871E-001 0.393470449336E-001 0 0 1 0 1 0 0 0 0 0 3.26 
  -.445700550506E-001 -.941546880927E-002 0.450887738020E-001 0.934575298444E-001 -.536326364014E-001 -.899288376409E-001 0 0 0 1 0 0 1 1 0 0 3.274 
  0.104870717766E-001 -.549258409283E-001 0.368046014653E-001 -.353336596765E-001 -.417370178378E-002 0.413040810471E-001 0 0 0 0 0 0 0 0 1 0 3.274 
  0.655441986038E-001 -.422974895948E-001 -.319360542526E-001 0.286644314126 0.427098271755 0.415747176167 0 0 1 0 0 0 0 0 0 1 3.303 
  -.445700550506E-001 -.941546880927E-002 0.450887738020E-001 0.266769130558E-001 -.649311364890E-001 0.186560551436E-001 1 0 0 0 1 0 1 1 0 0 3.317 
  -.170414916370E-001 -.394379953003E-001 0.528513073638E-001 0.672222875346E-001 -.675610366582E-001 -.457048231966E-001 0 1 0 1 0 0 0 0 1 0 3.317 
  -.170414916370E-001 -.394379953003E-001 0.528513073638E-001 -.424887257610E-001 0.725176733413E-002 0.336165170755E-001 1 0 1 0 1 0 0 0 0 0 3.317 
  0.106837043724 0.532731117088E-002 -.813208549259E-001 0.481421113093E-001 -.699772262746E-001 -.133093532575E-001 0 0 1 0 0 0 0 0 1 0 3.321 
  -.327720993019E-002 -.489987532222E-001 0.472606644337E-001 -.353336596765E-001 -.417370178378E-002 0.413040810471E-001 0 0 1 0 0 0 0 1 0 0 3.331 
  -.996271818777E-001 0.942336267622E-001 -.766444861619E-001 -.424887257610E-001 0.725176733413E-002 0.336165170755E-001 0 1 0 0 0 0 0 0 0 0 3.374 
  -.996271818777E-001 0.942336267622E-001 -.766444861619E-001 0.123667808868E-001 -.569998395119E-001 0.350537621646E-001 1 0 1 0 0 0 0 0 0 0 3.374 
  -.720986184642E-001 0.351417385449E-001 0.482188216506E-002 0.236558851534 0.238523012923 0.456531437028E-001 0 1 0 0 0 0 0 0 0 0 3.402 
  0.242513534834E-001 -.572192584186E-001 0.225700082857E-001 0.242918910276E-001 -.638629890550E-001 0.217169403256E-001 1 0 0 0 0 0 0 1 0 0 3.416 
  0.120601325431 0.284695851910E-001 -.915722444327E-001 0.998175885862E-002 -.553227271286E-001 0.372813941932E-001 1 0 1 1 0 0 0 0 0 1 3.43 
  -.445700550506E-001 -.941546880927E-002 0.450887738020E-001 -.210235275075E-001 -.242842977476E-001 0.490973140396E-001 0 1 1 0 0 0 0 0 0 0 3.444 
  -.327720993019E-002 -.489987532222E-001 0.472606644337E-001 0.143542992436 0.705998306989E-002 -.143753008211 1 0 0 0 0 0 0 0 0 0 3.459 
  -.170414916370E-001 -.394379953003E-001 0.528513073638E-001 0.282669277412E-002 -.496824250294E-001 0.429659959643E-001 1 0 0 0 0 0 0 1 0 0 3.46 
  0.120601325431 0.284695851910E-001 -.915722444327E-001 0.958425518726E-001 -.517574532469E-001 -.936667774951E-001 1 0 0 0 0 0 0 0 0 0 3.473 
  0.930727620174E-001 -.141812926335E-001 -.672397668423E-001 -.472587698173E-001 0.153762175372E-001 0.269663896226E-001 0 0 0 0 0 0 0 0 0 0 3.544 
  -.445700550506E-001 -.941546880927E-002 0.450887738020E-001 -.671339533854E-002 -.407411040154E-001 0.479696501246E-001 0 0 0 0 0 0 0 0 0 0 3.487 
  -.327720993019E-002 -.489987532222E-001 0.472606644337E-001 -.162534834512E-001 -.301758764697E-001 0.496422192734E-001 0 0 0 0 0 0 0 0 0 0 3.544 
  -.858629001710E-001 0.628708475456E-001 -.302179224987E-001 -.234085495357E-001 -.211862671492E-001 0.484564582082E-001 0 0 1 0 0 0 0 0 0 0 3.572 
  -.583343367574E-001 0.110462997599E-001 0.295618176563E-001 -.591838799582E-001 0.374634908137E-001 0.461817812961E-002 0 0 0 0 0 0 0 0 0 0 3.572 
  -.327720993019E-002 -.489987532222E-001 0.472606644337E-001 0.441670745957E-003 -.475993360132E-001 0.445060929616E-001 1 0 0 0 0 0 0 0 0 0 3.586 
  0.175658452258 0.157375383429 -.725430201557E-001 0.107767662013 -.408591251010E-001 -.11108927408 1 0 0 0 0 0 0 0 0 0 3.6 
  -.170414916370E-001 -.394379953003E-001 0.528513073638E-001 -.114834393949E-001 -.356614785590E-001 0.492487269112E-001 1 0 0 0 0 0 0 1 0 0 3.614 
  0.104870717766E-001 -.549258409283E-001 0.368046014653E-001 0.759673683045E-002 -.535441205871E-001 0.393470449336E-001 1 0 0 0 0 0 0 0 0 0 3.614 
  -.308057733438E-001 -.262435671627E-001 0.524896404288E-001 0.998175885862E-002 -.553227271286E-001 0.372813941932E-001 0 0 0 0 0 0 0 0 1 0 3.629 
  -.583343367574E-001 0.110462997599E-001 0.295618176563E-001 0.250868983703 0.287834421183 0.12778774845 1 0 1 0 0 1 0 0 0 0 3.629 
  0.242513534834E-001 -.572192584186E-001 0.225700082857E-001 -.830341002398E-001 0.892500992334E-001 -.674106282836E-001 1 0 1 0 1 0 1 0 0 0 3.637 
  -.996271818777E-001 0.942336267622E-001 -.766444861619E-001 0.123667808868E-001 -.569998395119E-001 0.350537621646E-001 1 0 1 0 0 0 0 0 0 0 3.643 
  0.793084803106E-001 -.300562262220E-001 -.504158700090E-001 0.123667808868E-001 -.569998395119E-001 0.350537621646E-001 1 0 0 0 0 0 0 1 0 0 3.651 
  0.793084803106E-001 -.300562262220E-001 -.504158700090E-001 0.576821994219E-001 -.695810847322E-001 -.292675013529E-001 1 0 0 0 0 0 0 1 0 0 3.651 
  -.583343367574E-001 0.110462997599E-001 0.295618176563E-001 0.409870452248E-001 -.692086437701E-001 -.190936334649E-002 1 0 1 0 0 0 0 0 0 0 3.651 
  -.583343367574E-001 0.110462997599E-001 0.295618176563E-001 0.409870452248E-001 -.692086437701E-001 -.190936334649E-002 1 0 1 0 0 0 0 0 0 0 3.651 
  0.930727620174E-001 -.141812926335E-001 -.672397668423E-001 0.171368249431E-001 -.600495818038E-001 0.301389608290E-001 1 0 0 0 0 0 0 1 0 0 3.699 
  0.104870717766E-001 -.549258409283E-001 0.368046014653E-001 -.472587698173E-001 0.153762175372E-001 0.269663896226E-001 1 0 0 0 0 0 0 1 0 0 3.728 
  -.583343367574E-001 0.110462997599E-001 0.295618176563E-001 0.129232860267 -.148480024705E-001 -.135047998023 1 0 1 0 0 1 0 0 0 0 3.756 
  0.104870717766E-001 -.549258409283E-001 0.368046014653E-001 -.472587698173E-001 0.153762175372E-001 0.269663896226E-001 0 0 0 1 0 0 0 0 0 0 3.77 
  -.327720993019E-002 -.489987532222E-001 0.472606644337E-001 -.472587698173E-001 0.153762175372E-001 0.269663896226E-001 1 0 0 0 0 0 0 1 0 0 3.77 
  -.445700550506E-001 -.941546880927E-002 0.450887738020E-001 -.234085495357E-001 -.211862671492E-001 0.484564582082E-001 0 0 0 0 0 0 0 0 0 0 3.77 
  0.242513534834E-001 -.572192584186E-001 0.225700082857E-001 0.265179115872 0.34079961914 0.22809461329 0 1 0 0 0 1 0 0 0 0 3.79 
  0.930727620174E-001 -.141812926335E-001 -.672397668423E-001 -.424887257610E-001 0.725176733413E-002 0.336165170755E-001 1 0 0 0 0 0 0 1 0 0 3.799 
  -.170414916370E-001 -.394379953003E-001 0.528513073638E-001 0.934575298444E-001 -.536326364014E-001 -.899288376409E-001 1 0 0 0 0 0 0 0 0 0 3.827 
  -.720986184642E-001 0.351417385449E-001 0.482188216506E-002 -.234085495357E-001 -.211862671492E-001 0.484564582082E-001 1 0 1 0 0 0 0 0 1 0 3.856 
  -.996271818777E-001 0.942336267622E-001 -.766444861619E-001 0.958425518726E-001 -.517574532469E-001 -.936667774951E-001 0 1 0 0 0 0 0 0 0 1 3.86 
  0.120601325431 0.284695851910E-001 -.915722444327E-001 0.134002904323 -.795131725659E-002 -.138692489784 1 0 0 0 0 0 0 0 1 0 3.86 
  -.720986184642E-001 0.351417385449E-001 0.482188216506E-002 -.234085495357E-001 -.211862671492E-001 0.484564582082E-001 0 0 0 0 0 0 0 1 0 0 3.884 
  0.793084803106E-001 -.300562262220E-001 -.504158700090E-001 0.441670745957E-003 -.475993360132E-001 0.445060929616E-001 1 0 1 0 0 0 0 0 1 0 3.884 
  0.134365607138 0.552455294269E-001 -.969070455360E-001 -.305636156202E-001 -.112832104046E-001 0.449810580980E-001 1 0 0 0 0 0 1 1 0 0 3.912 
  -.445700550506E-001 -.941546880927E-002 0.450887738020E-001 0.958425518726E-001 -.517574532469E-001 -.936667774951E-001 1 0 1 0 0 0 0 0 0 0 3.94 
  0.655441986038E-001 -.422974895948E-001 -.319360542526E-001 0.998175885862E-002 -.553227271286E-001 0.372813941932E-001 0 0 0 0 0 0 0 1 0 0 3.941 
  -.127155745291 0.167860195843 -.208005449794 0.123667808868E-001 -.569998395119E-001 0.350537621646E-001 1 0 0 0 0 0 0 0 0 0 3.941 
  0.655441986038E-001 -.422974895948E-001 -.319360542526E-001 0.441670745957E-003 -.475993360132E-001 0.445060929616E-001 0 0 0 0 0 0 0 0 0 0 3.969 
  0.242513534834E-001 -.572192584186E-001 0.225700082857E-001 -.234085495357E-001 -.211862671492E-001 0.484564582082E-001 1 0 0 0 0 0 0 0 1 0 3.983 
  -.996271818777E-001 0.942336267622E-001 -.766444861619E-001 -.830341002398E-001 0.892500992334E-001 -.674106282836E-001 0 0 0 0 0 0 0 1 0 0 3.997 
  -.445700550506E-001 -.941546880927E-002 0.450887738020E-001 0.672222875346E-001 -.675610366582E-001 -.457048231966E-001 1 0 0 0 0 0 0 1 0 0 3.997 
  0.380156351902E-001 -.558790056931E-001 0.564377472158E-002 0.719923315909E-001 -.659420476719E-001 -.539711413453E-001 0 0 0 0 0 0 0 0 0 0 4.054 
  -.308057733438E-001 -.262435671627E-001 0.524896404288E-001 -.353336596765E-001 -.417370178378E-002 0.413040810471E-001 1 0 0 0 0 0 0 1 0 0 4.054 
  -.170414916370E-001 -.394379953003E-001 0.528513073638E-001 -.194335128221E-002 -.454147528388E-001 0.458578020851E-001 1 0 0 0 0 0 0 0 0 0 4.111 
  0.242513534834E-001 -.572192584186E-001 0.225700082857E-001 0.441670745957E-003 -.475993360132E-001 0.445060929616E-001 1 0 0 0 0 0 0 0 1 0 4.153 
  0.106837043724 0.532731117088E-002 -.813208549259E-001 -.234085495357E-001 -.211862671492E-001 0.484564582082E-001 1 0 0 0 0 0 0 0 1 0 4.167 
  0.161894170551 0.119698428546 -.884793232243E-001 0.958425518726E-001 -.517574532469E-001 -.936667774951E-001 1 0 0 1 0 0 0 1 0 0 4.174 
  -.583343367574E-001 0.110462997599E-001 0.295618176563E-001 -.234085495357E-001 -.211862671492E-001 0.484564582082E-001 1 0 1 0 0 0 0 0 0 0 4.238 
  0.104870717766E-001 -.549258409283E-001 0.368046014653E-001 -.329486376484E-001 -.777920317330E-002 0.432829750346E-001 1 0 0 0 0 0 0 1 0 0 4.593 
  0.299536987619 0.659983137088 0.618197133681 -.162534834512E-001 -.301758764697E-001 0.496422192734E-001 1 0 0 0 0 0 0 1 0 0 4.99 
  0.655441986038E-001 -.422974895948E-001 -.319360542526E-001 -.234085495357E-001 -.211862671492E-001 0.484564582082E-001 0 0 1 1 0 0 1 0 0 0 0.709 
  0.793084803106E-001 -.300562262220E-001 -.504158700090E-001 0.441670745957E-003 -.475993360132E-001 0.445060929616E-001 1 0 0 0 0 0 1 0 1 0 1.021 
  0.148129888845 0.856551438786E-001 -.962383684088E-001 0.136387926351 -.435073341231E-002 -.140246079997 0 1 1 0 0 1 0 0 0 0 1.135 
  0.242513534834E-001 -.572192584186E-001 0.225700082857E-001 -.591838799582E-001 0.374634908137E-001 0.461817812961E-002 0 0 0 1 0 1 0 0 0 0 1.33 
  0.242513534834E-001 -.572192584186E-001 0.225700082857E-001 -.106884320521 0.151186123475 -.181383984635 0 0 0 0 0 0 1 0 0 0 1.474 
  0.517799168970E-001 -.509050827519E-001 -.128872094001E-001 0.481421113093E-001 -.699772262746E-001 -.133093532575E-001 0 0 0 0 0 0 0 0 0 0 1.588 
  -.327720993019E-002 -.489987532222E-001 0.472606644337E-001 -.782640561835E-001 0.780808242837E-001 -.498605556920E-001 0 0 0 0 0 0 1 1 0 0 1.588 
  0.104870717766E-001 -.549258409283E-001 0.368046014653E-001 -.432837331037E-002 -.431286755062E-001 0.470145216883E-001 0 1 0 1 0 0 0 1 0 0 1.701 
  0.104870717766E-001 -.549258409283E-001 0.368046014653E-001 0.521171480229E-002 -.516640198874E-001 0.412441127394E-001 0 0 0 0 0 1 0 0 0 0 1.729 
  -.308057733438E-001 -.262435671627E-001 0.524896404288E-001 0.839174417317E-001 -.601184274372E-001 -.743523313151E-001 1 0 1 0 0 1 0 1 0 0 1.79 
  0.120601325431 0.284695851910E-001 -.915722444327E-001 -.591838799582E-001 0.374634908137E-001 0.461817812961E-002 1 0 1 0 0 0 0 0 0 0 1.818 
  -.583343367574E-001 0.110462997599E-001 0.295618176563E-001 -.925741883525E-001 0.112806579032 -.107596932631 1 0 1 0 1 0 1 0 0 0 1.885 
  0.242513534834E-001 -.572192584186E-001 0.225700082857E-001 -.353336596765E-001 -.417370178378E-002 0.413040810471E-001 0 0 0 0 0 0 0 0 0 0 1.893 
  -.996271818777E-001 0.942336267622E-001 -.766444861619E-001 0.441670745957E-003 -.475993360132E-001 0.445060929616E-001 0 0 0 0 0 0 0 1 0 0 1.899 
  0.242513534834E-001 -.572192584186E-001 0.225700082857E-001 -.901891663243E-001 0.106765217845 -.968980825323E-001 1 0 1 0 0 0 0 0 0 0 1.928 
  -.445700550506E-001 -.941546880927E-002 0.450887738020E-001 0.481421113093E-001 -.699772262746E-001 -.133093532575E-001 1 0 1 0 0 0 0 0 1 0 1.928 
  -.308057733438E-001 -.262435671627E-001 0.524896404288E-001 0.167393212718 0.516928249617E-001 -.140940309893 0 1 0 0 0 0 1 0 1 0 1.928 
  0.104870717766E-001 -.549258409283E-001 0.368046014653E-001 0.600672214501E-001 -.692283139510E-001 -.333484133910E-001 1 0 1 1 0 0 0 0 0 0 1.936 
  -.308057733438E-001 -.262435671627E-001 0.524896404288E-001 -.639539240145E-001 0.470088592319E-001 -.674889818720E-002 0 0 0 0 0 0 0 0 0 0 1.97 
  -.445700550506E-001 -.941546880927E-002 0.450887738020E-001 -.114834393949E-001 -.356614785590E-001 0.492487269112E-001 0 0 0 0 0 0 1 0 0 0 2.055 
  0.242513534834E-001 -.572192584186E-001 0.225700082857E-001 -.973442324088E-001 0.12519378388 -.130338790729 0 0 0 0 1 0 0 1 0 0 2.055 
  -.583343367574E-001 0.110462997599E-001 0.295618176563E-001 -.663389460427E-001 0.519337846783E-001 -.129790840142E-001 1 0 0 0 0 0 0 0 1 0 2.082 
  -.583343367574E-001 0.110462997599E-001 0.295618176563E-001 -.424887257610E-001 0.725176733413E-002 0.336165170755E-001 1 0 1 0 0 0 1 0 0 0 2.084 
  0.380156351902E-001 -.558790056931E-001 0.564377472158E-002 -.305636156202E-001 -.112832104046E-001 0.449810580980E-001 1 0 1 1 0 0 0 0 0 0 2.084 
  0.104870717766E-001 -.549258409283E-001 0.368046014653E-001 0.195218469713E-001 -.614222117125E-001 0.274649948147E-001 1 0 0 0 0 0 0 0 0 0 2.1 
  -.858629001710E-001 0.628708475456E-001 -.302179224987E-001 0.441670745957E-003 -.475993360132E-001 0.445060929616E-001 0 0 1 1 0 0 1 0 0 0 2.125 
  -.445700550506E-001 -.941546880927E-002 0.450887738020E-001 -.234085495357E-001 -.211862671492E-001 0.484564582082E-001 0 1 1 0 0 0 0 0 0 1 2.126 
  -.170414916370E-001 -.394379953003E-001 0.528513073638E-001 0.441670745957E-003 -.475993360132E-001 0.445060929616E-001 1 0 1 1 0 0 1 1 0 0 2.187 
  0.517799168970E-001 -.509050827519E-001 -.128872094001E-001 0.441670745957E-003 -.475993360132E-001 0.445060929616E-001 0 1 0 0 0 0 1 0 0 0 2.187 
  -.445700550506E-001 -.941546880927E-002 0.450887738020E-001 -.118809430662 0.18596016653 -.256162883551 0 0 1 0 0 0 1 0 0 0 2.211 
  -.858629001710E-001 0.628708475456E-001 -.302179224987E-001 -.472587698173E-001 0.153762175372E-001 0.269663896226E-001 1 0 1 0 0 0 0 0 0 0 2.225 
  0.242513534834E-001 -.572192584186E-001 0.225700082857E-001 -.591838799582E-001 0.374634908137E-001 0.461817812961E-002 0 0 0 1 0 0 0 1 0 0 2.24 
  -.445700550506E-001 -.941546880927E-002 0.450887738020E-001 -.496437918455E-001 0.195906838760E-001 0.231639955153E-001 0 0 0 0 0 0 0 0 0 0 2.24 
  -.720986184642E-001 0.351417385449E-001 0.482188216506E-002 0.433720672529E-001 -.695663320965E-001 -.564200229439E-002 0 0 0 0 0 0 0 0 0 0 2.282 
  -.720986184642E-001 0.351417385449E-001 0.482188216506E-002 -.472587698173E-001 0.153762175372E-001 0.269663896226E-001 0 1 1 1 0 0 0 0 0 0 2.296 
  -.445700550506E-001 -.941546880927E-002 0.450887738020E-001 -.210235275075E-001 -.242842977476E-001 0.490973140396E-001 1 0 1 1 0 0 1 0 0 0 2.296 
  -.308057733438E-001 -.262435671627E-001 0.524896404288E-001 -.711089900990E-001 0.620881180458E-001 -.265657592374E-001 0 0 0 1 0 0 0 0 0 1 2.301 
  0.380156351902E-001 -.558790056931E-001 0.564377472158E-002 -.806490782117E-001 0.836147146795E-001 -.584291700613E-001 0 0 0 0 0 0 0 0 0 0 2.325 
  0.106837043724 0.532731117088E-002 -.813208549259E-001 -.663389460427E-001 0.519337846783E-001 -.129790840142E-001 1 0 1 1 0 0 0 1 0 0 2.353 
  -.113391463585 0.129230076194 -.135544698651 -.472587698173E-001 0.153762175372E-001 0.269663896226E-001 1 0 0 0 0 0 0 0 0 0 2.353 
  -.327720993019E-002 -.489987532222E-001 0.472606644337E-001 0.136387926351 -.435073341231E-002 -.140246079997 0 1 1 0 0 0 0 1 0 0 2.367 
  -.445700550506E-001 -.941546880927E-002 0.450887738020E-001 -.186385054794E-001 -.272808341878E-001 0.494903671793E-001 0 1 1 0 0 0 0 0 0 0 2.381 
  0.104870717766E-001 -.549258409283E-001 0.368046014653E-001 -.591838799582E-001 0.374634908137E-001 0.461817812961E-002 0 1 1 0 0 0 0 0 0 0 2.381 
  -.113391463585 0.129230076194 -.135544698651 -.353336596765E-001 -.417370178378E-002 0.413040810471E-001 0 0 0 0 0 0 1 0 0 0 2.381 
  -.327720993019E-002 -.489987532222E-001 0.472606644337E-001 -.234085495357E-001 -.211862671492E-001 0.484564582082E-001 0 0 0 0 0 0 0 0 0 0 2.41 
  0.930727620174E-001 -.141812926335E-001 -.672397668423E-001 0.290619350839E-001 -.658977897647E-001 0.154794001986E-001 1 0 1 1 0 0 0 0 0 0 2.41 
  -.170414916370E-001 -.394379953003E-001 0.528513073638E-001 0.441670745957E-003 -.475993360132E-001 0.445060929616E-001 1 0 1 0 0 0 0 1 0 0 2.41 
  -.858629001710E-001 0.628708475456E-001 -.302179224987E-001 -.234085495357E-001 -.211862671492E-001 0.484564582082E-001 1 0 1 0 0 0 0 0 0 1 2.414 
  -.327720993019E-002 -.489987532222E-001 0.472606644337E-001 -.472587698173E-001 0.153762175372E-001 0.269663896226E-001 1 0 1 1 0 0 0 0 0 0 2.424 
  -.858629001710E-001 0.628708475456E-001 -.302179224987E-001 -.234085495357E-001 -.211862671492E-001 0.484564582082E-001 0 1 0 0 0 0 0 0 1 0 2.438 
  0.380156351902E-001 -.558790056931E-001 0.564377472158E-002 0.576821994219E-001 -.695810847322E-001 -.292675013529E-001 0 0 0 1 0 1 0 1 0 0 2.442 
  -.445700550506E-001 -.941546880927E-002 0.450887738020E-001 -.591838799582E-001 0.374634908137E-001 0.461817812961E-002 0 0 0 0 0 0 0 0 0 1 2.45 
  0.380156351902E-001 -.558790056931E-001 0.564377472158E-002 0.143542992436 0.705998306989E-002 -.143753008211 1 0 1 0 0 0 0 0 0 0 2.466 
  -.127155745291 0.167860195843 -.208005449794 -.687239680708E-001 0.569602042829E-001 -.195825038154E-001 0 0 1 1 0 0 0 0 0 0 2.466 
  0.655441986038E-001 -.422974895948E-001 -.319360542526E-001 -.830341002398E-001 0.892500992334E-001 -.674106282836E-001 1 0 1 0 0 0 0 0 1 0 2.466 
  -.127155745291 0.167860195843 -.208005449794 -.711089900990E-001 0.620881180458E-001 -.265657592374E-001 0 0 0 0 0 0 0 0 1 0 2.495 
  -.327720993019E-002 -.489987532222E-001 0.472606644337E-001 -.854191222680E-001 0.949869779456E-001 -.768115320052E-001 0 0 1 0 0 0 0 0 0 0 2.495 
  -.858629001710E-001 0.628708475456E-001 -.302179224987E-001 0.290619350839E-001 -.658977897647E-001 0.154794001986E-001 0 1 0 0 0 1 0 0 0 0 2.495 
  -.308057733438E-001 -.262435671627E-001 0.524896404288E-001 0.441670745957E-003 -.475993360132E-001 0.445060929616E-001 1 0 1 0 0 1 0 0 0 1 2.495 
===========================================================================
Total number of bases considered =        17

BASES considered
 age1
 age2
 age3
 lwt1
 lwt2
 lwt3
 white
 black
 smoke
 ptl1
 ptl2m
 ht
 ui
 ftv1
 ftv2
 ftv3m
 1.00
===========================================================================
 
 Step 0: Initializing data set
 User provided an initial data set of 189 data points
 We will sample no more data points at this stage
 ***************************************************************************
 Iteration 1 (Approx. elapsed time 0.21E-01 s)
 
 Step 1: Model building using Mallow's Cp
 
 Model building for variable Z1
 sigma in almsurr1 =   0.600461832799567
 ----
 Cp = -20.5 with Z1 = 2.9445873015873011979693
 ----
 Cp = -31.9 with Z1 =  - 0.58127329192546517422358 * ui + 3.0307018633540367957835
 ----
 Cp = -37.3 with Z1 = 0.30673091734966306809440 * white - 0.56555571386251579646398 * ui + 2.8725735022358866999070
 ----
 Cp = -45.9 with Z1 = 0.42899912174298121536609 * white - 0.39732916008915097894061 * smoke - 0.52535702667325789860797 * ui + 2.9600816873339801382770
 ----
 Cp = -48.1 with Z1 = 0.41413652669746942036610 * white - 0.38773131059518023411314 * smoke - 0.47357356696159425002435 * ht - 0.56223572010932154618956 * ui + 2.9994047269189740845263
 ----
 Cp = -50.1 with Z1 = 1.6208809523673939345656 * lwt1 + 0.38969492447342546359579 * white - 0.37028936754463581682018 * smoke - 0.58442655024259759777294 * ht - 0.52254001440270536615884 * ui + 3.0061478278044493350762
 ----
 Cp = -51.7 with Z1 = 1.4756882500213732711813 * age2 + 1.6114499049903103777837 * lwt1 + 0.38351191699946834967605 * white - 0.36190087692013728215557 * smoke - 0.55868855946026796388537 * ht - 0.51319418663380012013420 * ui + 3.0029852952349775918606
 ----
 Cp = -52.7 with Z1 = 1.4484858120696937344718 * age2 + 1.5482657230046397156542 * lwt1 + 0.36017661655994770431022 * white - 0.32533904849694372796165 * smoke - 0.30251545239283422761289 * ptl1 - 0.54102942479104509931886 * ht - 0.48733087069719471795537 * ui + 3.0339847763675176217646
 ----
 Cp = -53.5 with Z1 = 1.4847142124197831858368 * age2 + 1.5736228653572188473930 * lwt1 + 1.3168814956467200794066 * lwt3 + 0.36854912150999613595914 * white - 0.31890933474676697034766 * smoke - 0.30770094989389495943044 * ptl1 - 0.54293589528272212518800 * ht - 0.45002165354887779802340 * ui + 3.0224668515688670744623
 
 Calculating quality metrics on observed data set.
 Errors on observed data points 
 (for each data point: x, z, zmodel, square error, absolute error):
  -.583343367574E-001 0.110462997599E-001 0.295618176563E-001 0.124462816211 -.213387110515E-001 -.130731102126 0 1 0 0 0 0 1 0 0 0 2.523 2.61254596045 0.801847903269E-002 3.5491859076 
  0.134365607138 0.552455294269E-001 -.969070455360E-001 0.600672214501E-001 -.692283139510E-001 -.333484133910E-001 0 0 0 0 0 0 0 0 0 1 2.551 3.15509791891 0.364934295632 23.6808278679 
  -.445700550506E-001 -.941546880927E-002 0.450887738020E-001 -.591838799582E-001 0.374634908137E-001 0.461817812961E-002 1 0 1 0 0 0 0 1 0 0 2.557 2.97107584453 0.171458805027 16.1938148038 
  -.308057733438E-001 -.262435671627E-001 0.524896404288E-001 -.520288138737E-001 0.239066443731E-001 0.190345789588E-001 1 0 1 0 0 0 1 0 1 0 2.594 2.52631334127 0.458148376984E-002 2.6093546156 
  -.720986184642E-001 0.351417385449E-001 0.482188216506E-002 -.544138359018E-001 0.283240990284E-001 0.145715383066E-001 1 0 1 0 0 0 1 0 0 0 2.6 2.60782255624 0.611923861607E-004 0.300867547773 
  -.308057733438E-001 -.262435671627E-001 0.524896404288E-001 -.138684614230E-001 -.329694245935E-001 0.495594719686E-001 0 0 0 0 0 0 0 0 0 0 2.622 3.02694287798 0.163978734431 15.4440456897 
  -.170414916370E-001 -.394379953003E-001 0.528513073638E-001 -.281785935920E-001 -.146857234777E-001 0.464049318838E-001 1 0 0 0 0 0 0 1 0 0 2.637 3.34922913786 0.507270344819 27.0090685575 
  -.858629001710E-001 0.628708475456E-001 -.302179224987E-001 -.639539240145E-001 0.470088592319E-001 -.674889818720E-002 0 0 0 0 0 0 0 1 0 0 2.637 3.00628523617 0.136371585653 14.0039907535 
  0.793084803106E-001 -.300562262220E-001 -.504158700090E-001 -.162534834512E-001 -.301758764697E-001 0.496422192734E-001 1 0 1 0 0 0 0 1 0 0 2.663 3.06727779885 0.163440538645 15.1812917331 
  0.380156351902E-001 -.558790056931E-001 0.564377472158E-002 -.401037037329E-001 0.334178346994E-002 0.364774537140E-001 1 0 1 0 0 0 0 0 0 0 2.665 2.97407066303 0.955246747448E-001 11.5973982375 
  -.583343367574E-001 0.110462997599E-001 0.295618176563E-001 -.830341002398E-001 0.892500992334E-001 -.674106282836E-001 0 0 0 0 0 0 0 0 0 0 2.722 2.81943128208 0.949285472751E-002 3.57940051722 
  -.583343367574E-001 0.110462997599E-001 0.295618176563E-001 0.481421113093E-001 -.699772262746E-001 -.133093532575E-001 0 0 0 0 0 0 0 1 0 0 2.733 3.09709813594 0.132567452592 13.3222881791 
  -.170414916370E-001 -.394379953003E-001 0.528513073638E-001 -.830341002398E-001 0.892500992334E-001 -.674106282836E-001 0 0 0 0 0 1 0 0 0 0 2.751 2.20154063642 0.30190559223 19.9730775567 
  0.930727620174E-001 -.141812926335E-001 -.672397668423E-001 -.544138359018E-001 0.283240990284E-001 0.145715383066E-001 0 0 0 1 0 0 1 0 1 0 2.75 2.17725121419 0.328041171641 20.8272285747 
  -.720986184642E-001 0.351417385449E-001 0.482188216506E-002 -.711089900990E-001 0.620881180458E-001 -.265657592374E-001 1 0 1 0 0 0 0 0 0 0 2.769 2.97739938749 0.434303047058E-001 7.52616061716 
  -.720986184642E-001 0.351417385449E-001 0.482188216506E-002 -.711089900990E-001 0.620881180458E-001 -.265657592374E-001 1 0 1 0 0 0 0 0 0 0 2.769 2.97739938749 0.434303047058E-001 7.52616061716 
  -.113391463585 0.129230076194 -.135544698651 -.758790341553E-001 0.726484280462E-001 -.416981835292E-001 0 1 0 0 0 0 0 0 0 0 2.778 3.04002003293 0.686544976551E-001 9.43196662805 
  0.242513534834E-001 -.572192584186E-001 0.225700082857E-001 -.281785935920E-001 -.146857234777E-001 0.464049318838E-001 1 0 1 0 0 0 0 0 0 1 2.782 3.00391970905 0.492483572641E-001 7.97698450929 
  -.445700550506E-001 -.941546880927E-002 0.450887738020E-001 -.234085495357E-001 -.211862671492E-001 0.484564582082E-001 0 0 0 0 0 0 1 0 0 0 2.807 2.58544110203 0.490883452710E-001 7.89308507207 
  0.655441986038E-001 -.422974895948E-001 -.319360542526E-001 -.234085495357E-001 -.211862671492E-001 0.484564582082E-001 1 0 1 0 0 0 0 1 0 0 2.821 3.03628213875 0.463463992629E-001 7.63141222069 
  0.120601325431 0.284695851910E-001 -.915722444327E-001 -.210235275075E-001 -.242842977476E-001 0.490973140396E-001 0 0 0 0 0 0 0 0 1 0 2.835 3.09630829007 0.682820224604E-001 9.2172236357 
  0.106837043724 0.532731117088E-002 -.813208549259E-001 -.711089900990E-001 0.620881180458E-001 -.265657592374E-001 1 0 0 0 0 0 1 0 0 1 2.835 2.80202116463 0.108760358238E-002 1.16327461624 
  0.175658452258 0.157375383429 -.725430201557E-001 0.172163256774 0.618373232387E-001 -.13730429439 1 0 0 0 0 0 0 1 0 0 2.836 3.71477999442 0.772254278593 30.9866006495 
  0.655441986038E-001 -.422974895948E-001 -.319360542526E-001 -.234085495357E-001 -.211862671492E-001 0.484564582082E-001 0 0 0 0 0 0 0 0 0 0 2.863 2.98664235198 0.152874312037E-001 4.31862912967 
  0.242513534834E-001 -.572192584186E-001 0.225700082857E-001 -.234085495357E-001 -.211862671492E-001 0.484564582082E-001 0 0 0 0 0 0 1 0 1 0 2.877 2.51446613619 0.131430802412 12.6011075361 
  0.655441986038E-001 -.422974895948E-001 -.319360542526E-001 0.886874857881E-001 -.570785202357E-001 -.822523305670E-001 1 0 0 0 0 0 0 0 0 0 2.877 3.35946037254 0.232768011069 16.7695645651 
  -.858629001710E-001 0.628708475456E-001 -.302179224987E-001 -.186385054794E-001 -.272808341878E-001 0.494903671793E-001 1 0 1 0 0 0 0 0 0 0 2.906 3.20129484958 0.871990481901E-001 10.1615571088 
  0.793084803106E-001 -.300562262220E-001 -.504158700090E-001 0.481421113093E-001 -.699772262746E-001 -.133093532575E-001 1 0 0 0 0 0 0 0 1 0 2.92 3.40462175295 0.234858243436 16.5966353751 
  0.380156351902E-001 -.558790056931E-001 0.564377472158E-002 0.910725078162E-001 -.554063253977E-001 -.861218214494E-001 0 1 1 0 0 0 0 0 0 0 2.92 2.65049471056 0.726331010358E-001 9.22963319998 
  -.858629001710E-001 0.628708475456E-001 -.302179224987E-001 -.401037037329E-001 0.334178346994E-002 0.364774537140E-001 0 1 0 0 0 0 0 1 0 0 2.92 3.10074047109 0.326671178904E-001 6.18974216067 
  -.858629001710E-001 0.628708475456E-001 -.302179224987E-001 -.401037037329E-001 0.334178346994E-002 0.364774537140E-001 0 1 0 0 0 0 0 1 0 0 2.92 3.10074047109 0.326671178904E-001 6.18974216067 
  0.104870717766E-001 -.549258409283E-001 0.368046014653E-001 -.949592103807E-001 0.118949434377 -.118741634814 1 0 1 1 0 0 0 1 0 0 2.948 2.3770578654 0.32597492106 19.3671009022 
  0.161894170551 0.119698428546 -.884793232243E-001 -.210235275075E-001 -.242842977476E-001 0.490973140396E-001 0 1 1 1 0 0 0 1 0 0 2.948 2.60514676574 0.11754834024 11.6300282991 
  0.242513534834E-001 -.572192584186E-001 0.225700082857E-001 0.600672214501E-001 -.692283139510E-001 -.333484133910E-001 1 0 0 0 0 0 0 1 0 0 2.977 3.35666897151 0.144148527927 12.7534085156 
  0.242513534834E-001 -.572192584186E-001 0.225700082857E-001 -.114834393949E-001 -.356614785590E-001 0.492487269112E-001 0 1 0 0 0 0 0 0 0 0 2.977 2.98429673972 0.532424105349E-004 0.245103786347 
  0.793084803106E-001 -.300562262220E-001 -.504158700090E-001 0.242918910276E-001 -.638629890550E-001 0.217169403256E-001 1 0 1 0 0 0 0 0 1 0 2.977 3.09430664411 0.137608487522E-001 3.94043144471 
  -.583343367574E-001 0.110462997599E-001 0.295618176563E-001 0.195218469713E-001 -.614222117125E-001 0.274649948147E-001 1 0 1 0 0 0 0 0 1 0 2.977 3.1553954048 0.318249204530E-001 5.99245565327 
  0.517799168970E-001 -.509050827519E-001 -.128872094001E-001 -.138684614230E-001 -.329694245935E-001 0.495594719686E-001 1 0 1 0 0 0 0 0 0 0 2.922 3.03996736205 0.139162985097E-001 4.03721293815 
  0.106837043724 0.532731117088E-002 -.813208549259E-001 0.20316854314 0.137672242466 -.833343646992E-001 1 0 1 0 0 0 0 0 1 0 3.005 3.28998535512 0.812166526352E-001 9.48370566136 
  0.134365607138 0.552455294269E-001 -.969070455360E-001 -.496437918455E-001 0.195906838760E-001 0.231639955153E-001 1 0 1 0 0 0 0 1 0 0 3.033 3.10651409213 0.540432174215E-002 2.4238078514 
  -.308057733438E-001 -.262435671627E-001 0.524896404288E-001 0.131617882295 -.114504069427E-001 -.136957595243 0 1 1 0 0 0 0 0 1 0 3.042 2.69135330588 0.1229531041 11.5268472756 
  -.583343367574E-001 0.110462997599E-001 0.295618176563E-001 0.141157970408 0.315491675093E-002 -.142782940857 1 0 0 0 0 0 0 0 1 0 3.062 3.44151776848 0.144033736591 12.3944405121 
  -.327720993019E-002 -.489987532222E-001 0.472606644337E-001 0.441670745957E-003 -.475993360132E-001 0.445060929616E-001 0 1 0 0 0 0 0 1 0 0 3.062 3.00902197972 0.280667063294E-002 1.73017701768 
  -.308057733438E-001 -.262435671627E-001 0.524896404288E-001 0.719923315909E-001 -.659420476719E-001 -.539711413453E-001 1 0 0 0 0 0 0 0 0 0 3.062 3.39426695771 0.110401331188 10.8513049547 
  -.720986184642E-001 0.351417385449E-001 0.482188216506E-002 -.949592103807E-001 0.118949434377 -.118741634814 1 0 1 0 0 0 1 0 0 0 3.062 2.36846177707 0.480995266666 22.6498439886 
  -.720986184642E-001 0.351417385449E-001 0.482188216506E-002 -.949592103807E-001 0.118949434377 -.118741634814 1 0 1 0 0 0 1 0 0 0 3.062 2.36846177707 0.480995266666 22.6498439886 
  0.120601325431 0.284695851910E-001 -.915722444327E-001 0.521171480229E-002 -.516640198874E-001 0.412441127394E-001 1 0 0 0 0 0 0 0 0 1 3.08 3.49580005329 0.172889684312 13.50000173 
  -.583343367574E-001 0.110462997599E-001 0.295618176563E-001 0.521171480229E-002 -.516640198874E-001 0.412441127394E-001 0 0 0 0 0 0 0 0 0 0 3.09 3.10138233227 0.129557487873E-003 0.368360267592 
  0.104870717766E-001 -.549258409283E-001 0.368046014653E-001 -.353336596765E-001 -.417370178378E-002 0.413040810471E-001 1 0 0 0 0 0 0 0 1 0 3.09 3.30825752167 0.476363457635E-001 7.06335021571 
  -.170414916370E-001 -.394379953003E-001 0.528513073638E-001 -.106884320521 0.151186123475 -.181383984635 0 0 1 0 0 0 0 0 0 0 3.09 2.237946541 0.725995096999 27.5745455988 
  -.170414916370E-001 -.394379953003E-001 0.528513073638E-001 -.234085495357E-001 -.211862671492E-001 0.484564582082E-001 1 0 0 0 0 1 0 1 0 0 3.1 2.81650111003 0.803716206147E-001 9.14512548293 
  -.327720993019E-002 -.489987532222E-001 0.472606644337E-001 -.432837331037E-002 -.431286755062E-001 0.470145216883E-001 0 0 0 0 0 0 0 0 0 0 3.104 3.0048190327 0.983686427536E-002 3.19526312191 
  -.170414916370E-001 -.394379953003E-001 0.528513073638E-001 0.441670745957E-003 -.475993360132E-001 0.445060929616E-001 1 0 1 0 0 0 0 0 0 0 3.132 3.07285675965 0.349792287911E-002 1.88835377874 
  0.930727620174E-001 -.141812926335E-001 -.672397668423E-001 -.830341002398E-001 0.892500992334E-001 -.674106282836E-001 1 0 1 0 0 0 0 0 1 0 3.147 2.83161530387 0.994675065528E-001 10.0217571061 
  -.583343367574E-001 0.110462997599E-001 0.295618176563E-001 -.353336596765E-001 -.417370178378E-002 0.413040810471E-001 0 0 0 0 0 0 0 0 0 0 3.175 3.03765817506 0.188627768781E-001 4.3257267698 
  -.996271818777E-001 0.942336267622E-001 -.766444861619E-001 -.472587698173E-001 0.153762175372E-001 0.269663896226E-001 0 0 0 0 0 0 0 0 0 0 3.175 3.12352091524 0.265009616817E-002 1.62138849651 
  -.308057733438E-001 -.262435671627E-001 0.524896404288E-001 -.472587698173E-001 0.153762175372E-001 0.269663896226E-001 0 0 1 0 0 0 1 0 0 0 3.203 2.17571572485 1.05531298198 32.0725655683 
  0.930727620174E-001 -.141812926335E-001 -.672397668423E-001 0.552971773938E-001 -.698323613551E-001 -.252165376740E-001 0 0 0 0 0 0 0 0 0 0 3.203 3.05522139573 0.218385158786E-001 4.61375598705 
  -.445700550506E-001 -.941546880927E-002 0.450887738020E-001 -.639539240145E-001 0.470088592319E-001 -.674889818720E-002 0 0 0 0 0 0 0 0 0 0 3.203 2.89896071491 0.924398868757E-001 9.49232860088 
  -.858629001710E-001 0.628708475456E-001 -.302179224987E-001 -.257935715639E-001 -.179867423925E-001 0.475611980383E-001 0 0 0 0 0 0 0 0 0 0 3.225 3.13785520008 0.759421615273E-002 2.70216433854 
  -.858629001710E-001 0.628708475456E-001 -.302179224987E-001 -.257935715639E-001 -.179867423925E-001 0.475611980383E-001 0 0 0 0 0 0 0 0 0 0 3.225 3.13785520008 0.759421615273E-002 2.70216433854 
  -.327720993019E-002 -.489987532222E-001 0.472606644337E-001 -.257935715639E-001 -.179867423925E-001 0.475611980383E-001 0 0 0 0 0 0 0 0 1 0 3.232 2.97176081388 0.677244339901E-001 8.05195501595 
  0.104870717766E-001 -.549258409283E-001 0.368046014653E-001 -.472587698173E-001 0.153762175372E-001 0.269663896226E-001 0 0 0 0 0 0 0 0 0 0 3.232 2.90206173364 0.108859259609 10.2084859641 
  0.655441986038E-001 -.422974895948E-001 -.319360542526E-001 0.242918910276E-001 -.638629890550E-001 0.217169403256E-001 1 0 0 0 0 0 0 0 0 0 3.234 3.39504120115 0.259342684673E-001 4.97962897799 
  0.380156351902E-001 -.558790056931E-001 0.564377472158E-002 0.759673683045E-002 -.535441205871E-001 0.393470449336E-001 0 0 1 0 1 0 0 0 0 0 3.26 2.68436295705 0.331358005212 17.6575780045 
  -.445700550506E-001 -.941546880927E-002 0.450887738020E-001 0.934575298444E-001 -.536326364014E-001 -.899288376409E-001 0 0 0 1 0 0 1 1 0 0 3.274 2.27940625146 0.989216724641 30.378550658 
  0.104870717766E-001 -.549258409283E-001 0.368046014653E-001 -.353336596765E-001 -.417370178378E-002 0.413040810471E-001 0 0 0 0 0 0 0 0 1 0 3.274 2.93970840016 0.111750873727 10.2104948028 
  0.655441986038E-001 -.422974895948E-001 -.319360542526E-001 0.286644314126 0.427098271755 0.415747176167 0 0 1 0 0 0 0 0 0 1 3.303 3.63931764297 0.11310955697 10.1821871924 
  -.445700550506E-001 -.941546880927E-002 0.450887738020E-001 0.266769130558E-001 -.649311364890E-001 0.186560551436E-001 1 0 0 0 1 0 1 1 0 0 3.317 2.99356225333 0.104611975968 9.75091186812 
  -.170414916370E-001 -.394379953003E-001 0.528513073638E-001 0.672222875346E-001 -.675610366582E-001 -.457048231966E-001 0 1 0 1 0 0 0 0 1 0 3.317 2.70180644234 0.378463113387 18.5466854887 
  -.170414916370E-001 -.394379953003E-001 0.528513073638E-001 -.424887257610E-001 0.725176733413E-002 0.336165170755E-001 1 0 1 0 1 0 0 0 0 0 3.317 2.99096022511 0.106301934812 9.82935709654 
  0.106837043724 0.532731117088E-002 -.813208549259E-001 0.481421113093E-001 -.699772262746E-001 -.133093532575E-001 0 0 1 0 0 0 0 0 1 0 3.321 2.76969773755 0.303934184582 16.6004896853 
  -.327720993019E-002 -.489987532222E-001 0.472606644337E-001 -.353336596765E-001 -.417370178378E-002 0.413040810471E-001 0 0 1 0 0 0 0 1 0 0 3.331 2.62959909676 0.49196322706 21.0567668339 
  -.996271818777E-001 0.942336267622E-001 -.766444861619E-001 -.424887257610E-001 0.725176733413E-002 0.336165170755E-001 0 1 0 0 0 0 0 0 0 0 3.374 3.13978459542 0.548568557435E-001 6.94177251281 
  -.996271818777E-001 0.942336267622E-001 -.766444861619E-001 0.123667808868E-001 -.569998395119E-001 0.350537621646E-001 1 0 1 0 0 0 0 0 0 0 3.374 3.2776389432 0.928545326849E-002 2.8559886427 
  -.720986184642E-001 0.351417385449E-001 0.482188216506E-002 0.236558851534 0.238523012923 0.456531437028E-001 0 1 0 0 0 0 0 0 0 0 3.402 3.50701648817 0.110284627882E-001 3.08690441425 
  0.242513534834E-001 -.572192584186E-001 0.225700082857E-001 0.242918910276E-001 -.638629890550E-001 0.217169403256E-001 1 0 0 0 0 0 0 1 0 0 3.416 3.3728866389 0.185876190523E-002 1.26210073474 
  0.120601325431 0.284695851910E-001 -.915722444327E-001 0.998175885862E-002 -.553227271286E-001 0.372813941932E-001 1 0 1 1 0 0 0 0 0 1 3.43 2.87147758831 0.311947284355 16.2834522357 
  -.445700550506E-001 -.941546880927E-002 0.450887738020E-001 -.210235275075E-001 -.242842977476E-001 0.490973140396E-001 0 1 1 0 0 0 0 0 0 0 3.444 2.72115047721 0.522511432594 20.9886621018 
  -.327720993019E-002 -.489987532222E-001 0.472606644337E-001 0.143542992436 0.705998306989E-002 -.143753008211 1 0 0 0 0 0 0 0 0 0 3.459 3.35484368638 0.108485376667E-001 3.01116836135 
  -.170414916370E-001 -.394379953003E-001 0.528513073638E-001 0.282669277412E-002 -.496824250294E-001 0.429659959643E-001 1 0 0 0 0 0 0 1 0 0 3.46 3.39349109436 0.442343452980E-002 1.92222270644 
  0.120601325431 0.284695851910E-001 -.915722444327E-001 0.958425518726E-001 -.517574532469E-001 -.936667774951E-001 1 0 0 0 0 0 0 0 0 0 3.473 3.46075715589 0.149887231795E-003 0.352514946895 
  0.930727620174E-001 -.141812926335E-001 -.672397668423E-001 -.472587698173E-001 0.153762175372E-001 0.269663896226E-001 0 0 0 0 0 0 0 0 0 0 3.544 2.96255574357 0.338077423335 16.4064406442 
  -.445700550506E-001 -.941546880927E-002 0.450887738020E-001 -.671339533854E-002 -.407411040154E-001 0.479696501246E-001 0 0 0 0 0 0 0 0 0 0 3.487 3.0610935634 0.181396292734 12.2141220704 
  -.327720993019E-002 -.489987532222E-001 0.472606644337E-001 -.162534834512E-001 -.301758764697E-001 0.496422192734E-001 0 0 0 0 0 0 0 0 0 0 3.544 2.98951377303 0.307454975897 15.6457738986 
  -.858629001710E-001 0.628708475456E-001 -.302179224987E-001 -.234085495357E-001 -.211862671492E-001 0.484564582082E-001 0 0 1 0 0 0 0 0 0 0 3.572 2.82387794208 0.559686613539 20.944066571 
  -.583343367574E-001 0.110462997599E-001 0.295618176563E-001 -.591838799582E-001 0.374634908137E-001 0.461817812961E-002 0 0 0 0 0 0 0 0 0 0 3.572 2.95181593638 0.384628272772 17.3623758013 
  -.327720993019E-002 -.489987532222E-001 0.472606644337E-001 0.441670745957E-003 -.475993360132E-001 0.445060929616E-001 1 0 0 0 0 0 0 0 0 0 3.586 3.37757110123 0.434426058431E-001 5.81229500199 
  0.175658452258 0.157375383429 -.725430201557E-001 0.107767662013 -.408591251010E-001 -.11108927408 1 0 0 0 0 0 0 0 0 0 3.6 3.64796768923 0.230089921015E-002 1.33243581197 
  -.170414916370E-001 -.394379953003E-001 0.528513073638E-001 -.114834393949E-001 -.356614785590E-001 0.492487269112E-001 1 0 0 0 0 0 0 1 0 0 3.614 3.3792459553 0.551094615049E-001 6.4956846902 
  0.104870717766E-001 -.549258409283E-001 0.368046014653E-001 0.759673683045E-002 -.535441205871E-001 0.393470449336E-001 1 0 0 0 0 0 0 0 0 0 3.614 3.37323659058 0.579670193139E-001 6.66196484274 
  -.308057733438E-001 -.262435671627E-001 0.524896404288E-001 0.998175885862E-002 -.553227271286E-001 0.372813941932E-001 0 0 0 0 0 0 0 0 1 0 3.629 3.04830535654 0.337206268944 16.0015057443 
  -.583343367574E-001 0.110462997599E-001 0.295618176563E-001 0.250868983703 0.287834421183 0.12778774845 1 0 1 0 0 1 0 0 0 0 3.629 3.10862583157 0.270789275173 14.3393267686 
  0.242513534834E-001 -.572192584186E-001 0.225700082857E-001 -.830341002398E-001 0.892500992334E-001 -.674106282836E-001 1 0 1 0 1 0 1 0 0 0 3.637 2.31769457085 1.74056681539 36.2745512552 
  -.996271818777E-001 0.942336267622E-001 -.766444861619E-001 0.123667808868E-001 -.569998395119E-001 0.350537621646E-001 1 0 1 0 0 0 0 0 0 0 3.643 3.2776389432 0.133488701829 10.0291259073 
  0.793084803106E-001 -.300562262220E-001 -.504158700090E-001 0.123667808868E-001 -.569998395119E-001 0.350537621646E-001 1 0 0 0 0 0 0 1 0 0 3.651 3.41201336676 0.571146108688E-001 6.54578562703 
  0.793084803106E-001 -.300562262220E-001 -.504158700090E-001 0.576821994219E-001 -.695810847322E-001 -.292675013529E-001 1 0 0 0 0 0 0 1 0 0 3.651 3.39861926381 0.636960359976E-001 6.91264684157 
  -.583343367574E-001 0.110462997599E-001 0.295618176563E-001 0.409870452248E-001 -.692086437701E-001 -.190936334649E-002 1 0 1 0 0 0 0 0 0 0 3.651 3.15049098287 0.250509276228 13.7088199707 
  -.583343367574E-001 0.110462997599E-001 0.295618176563E-001 0.409870452248E-001 -.692086437701E-001 -.190936334649E-002 1 0 1 0 0 0 0 0 0 0 3.651 3.15049098287 0.250509276228 13.7088199707 
  0.930727620174E-001 -.141812926335E-001 -.672397668423E-001 0.171368249431E-001 -.600495818038E-001 0.301389608290E-001 1 0 0 0 0 0 0 1 0 0 3.699 3.43661714574 0.688447622100E-001 7.09334561397 
  0.104870717766E-001 -.549258409283E-001 0.368046014653E-001 -.472587698173E-001 0.153762175372E-001 0.269663896226E-001 1 0 0 0 0 0 0 1 0 0 3.728 3.27061085515 0.209204829828 12.2690221258 
  -.583343367574E-001 0.110462997599E-001 0.295618176563E-001 0.129232860267 -.148480024705E-001 -.135047998023 1 0 1 0 0 1 0 0 0 0 3.756 2.57109291555 1.40400479878 31.5470469769 
  0.104870717766E-001 -.549258409283E-001 0.368046014653E-001 -.472587698173E-001 0.153762175372E-001 0.269663896226E-001 0 0 0 1 0 0 0 0 0 0 3.77 2.59436078374 1.3821275668 31.1840640916 
  -.327720993019E-002 -.489987532222E-001 0.472606644337E-001 -.472587698173E-001 0.153762175372E-001 0.269663896226E-001 1 0 0 0 0 0 0 1 0 0 3.77 3.2794108865 0.240677678281 13.0129738328 
  -.445700550506E-001 -.941546880927E-002 0.450887738020E-001 -.234085495357E-001 -.211862671492E-001 0.484564582082E-001 0 0 0 0 0 0 0 0 0 0 3.77 3.03546275558 0.539544963446 19.4837465365 
  0.242513534834E-001 -.572192584186E-001 0.225700082857E-001 0.265179115872 0.34079961914 0.22809461329 0 1 0 0 0 1 0 0 0 0 3.79 3.11224220574 0.459355627683 17.8827914053 
  0.930727620174E-001 -.141812926335E-001 -.672397668423E-001 -.424887257610E-001 0.725176733413E-002 0.336165170755E-001 1 0 0 0 0 0 0 1 0 0 3.799 3.34736854526 0.203970970908 11.8881667475 
  -.170414916370E-001 -.394379953003E-001 0.528513073638E-001 0.934575298444E-001 -.536326364014E-001 -.899288376409E-001 1 0 0 0 0 0 0 0 0 0 3.827 3.36110310464 0.21705991711 12.1739455282 
  -.720986184642E-001 0.351417385449E-001 0.482188216506E-002 -.234085495357E-001 -.211862671492E-001 0.484564582082E-001 1 0 1 0 0 0 0 0 1 0 3.856 3.15125726136 0.496662327661 18.2765233049 
  -.996271818777E-001 0.942336267622E-001 -.766444861619E-001 0.958425518726E-001 -.517574532469E-001 -.936667774951E-001 0 1 0 0 0 0 0 0 0 1 3.86 3.18984884157 0.449102575143 17.3614289748 
  0.120601325431 0.284695851910E-001 -.915722444327E-001 0.134002904323 -.795131725659E-002 -.138692489784 1 0 0 0 0 0 0 0 1 0 3.86 3.46151363172 0.158791385705 10.3234810435 
  -.720986184642E-001 0.351417385449E-001 0.482188216506E-002 -.234085495357E-001 -.211862671492E-001 0.484564582082E-001 0 0 0 0 0 0 0 1 0 0 3.884 3.1016174746 0.612122416051 20.143731344 
  0.793084803106E-001 -.300562262220E-001 -.504158700090E-001 0.441670745957E-003 -.475993360132E-001 0.445060929616E-001 1 0 1 0 0 0 0 0 1 0 3.884 3.08678600554 0.635550152966 20.5255920304 
  0.134365607138 0.552455294269E-001 -.969070455360E-001 -.305636156202E-001 -.112832104046E-001 0.449810580980E-001 1 0 0 0 0 0 1 1 0 0 3.912 3.03415726092 0.770607874558 22.4397428191 
  -.445700550506E-001 -.941546880927E-002 0.450887738020E-001 0.958425518726E-001 -.517574532469E-001 -.936667774951E-001 1 0 1 0 0 0 0 0 0 0 3.94 3.08559934304 0.730000482622 21.6852958621 
  0.655441986038E-001 -.422974895948E-001 -.319360542526E-001 0.998175885862E-002 -.553227271286E-001 0.372813941932E-001 0 0 0 0 0 0 0 1 0 0 3.941 3.02446986974 0.840027479676 23.2562834372 
  -.127155745291 0.167860195843 -.208005449794 0.123667808868E-001 -.569998395119E-001 0.350537621646E-001 1 0 0 0 0 0 0 0 0 0 3.941 3.70586269147 0.552895538639E-001 5.96643766893 
  0.655441986038E-001 -.422974895948E-001 -.319360542526E-001 0.441670745957E-003 -.475993360132E-001 0.445060929616E-001 0 0 0 0 0 0 0 0 0 0 3.969 3.01897144107 0.902554262788 23.9362196758 
  0.242513534834E-001 -.572192584186E-001 0.225700082857E-001 -.234085495357E-001 -.211862671492E-001 0.484564582082E-001 1 0 0 0 0 0 0 0 1 0 3.983 3.33303691125 0.422452016743 16.3184305487 
  -.996271818777E-001 0.942336267622E-001 -.766444861619E-001 -.830341002398E-001 0.892500992334E-001 -.674106282836E-001 0 0 0 0 0 0 0 1 0 0 3.997 2.94294068877 1.11104103159 26.3712612266 
  -.445700550506E-001 -.941546880927E-002 0.450887738020E-001 0.672222875346E-001 -.675610366582E-001 -.457048231966E-001 1 0 0 0 0 0 0 1 0 0 3.997 3.42263138552 0.329899305302 14.3699928567 
  0.380156351902E-001 -.558790056931E-001 0.564377472158E-002 0.719923315909E-001 -.659420476719E-001 -.539711413453E-001 0 0 0 0 0 0 0 0 0 0 4.054 2.98171767943 1.14978937502 26.4499832406 
  -.308057733438E-001 -.262435671627E-001 0.524896404288E-001 -.353336596765E-001 -.417370178378E-002 0.413040810471E-001 1 0 0 0 0 0 0 1 0 0 4.054 3.35084250117 0.494430468161 17.3447829016 
  -.170414916370E-001 -.394379953003E-001 0.528513073638E-001 -.194335128221E-002 -.454147528388E-001 0.458578020851E-001 1 0 0 0 0 0 0 0 0 0 4.111 3.38979300993 0.520139522524 17.5433468759 
  0.242513534834E-001 -.572192584186E-001 0.225700082857E-001 0.441670745957E-003 -.475993360132E-001 0.445060929616E-001 1 0 0 0 0 0 0 0 1 0 4.153 3.36536600033 0.620367317436 18.9654225781 
  0.106837043724 0.532731117088E-002 -.813208549259E-001 -.234085495357E-001 -.211862671492E-001 0.484564582082E-001 1 0 0 0 0 0 0 0 1 0 4.167 3.42590069205 0.54922818424 17.7849605939 
  0.161894170551 0.119698428546 -.884793232243E-001 0.958425518726E-001 -.517574532469E-001 -.936667774951E-001 1 0 0 1 0 0 0 1 0 0 4.174 3.28850496631 0.784101454686 21.2145432125 
  -.583343367574E-001 0.110462997599E-001 0.295618176563E-001 -.234085495357E-001 -.211862671492E-001 0.484564582082E-001 1 0 1 0 0 0 0 0 0 0 4.238 3.11548242094 1.26004571529 26.4869650556 
  0.104870717766E-001 -.549258409283E-001 0.368046014653E-001 -.329486376484E-001 -.777920317330E-002 0.432829750346E-001 1 0 0 0 0 0 0 1 0 0 4.593 3.31461661574 1.63426407716 27.8332981551 
  0.299536987619 0.659983137088 0.618197133681 -.162534834512E-001 -.301758764697E-001 0.496422192734E-001 1 0 0 0 0 0 0 1 0 0 4.99 4.41069838343 0.335590362955 11.609250833 
  0.655441986038E-001 -.422974895948E-001 -.319360542526E-001 -.234085495357E-001 -.211862671492E-001 0.484564582082E-001 0 0 1 1 0 0 1 0 0 0 0.709 1.91001041379 1.44242601404 169.394980789 
  0.793084803106E-001 -.300562262220E-001 -.504158700090E-001 0.441670745957E-003 -.475993360132E-001 0.445060929616E-001 1 0 0 0 0 0 1 0 1 0 1.021 2.95567368674 3.74296227415 189.488118192 
  0.148129888845 0.856551438786E-001 -.962383684088E-001 0.136387926351 -.435073341231E-002 -.140246079997 0 1 1 0 0 1 0 0 0 0 1.135 2.3177307229 1.3988519629 104.205350036 
  0.242513534834E-001 -.572192584186E-001 0.225700082857E-001 -.591838799582E-001 0.374634908137E-001 0.461817812961E-002 0 0 0 1 0 1 0 0 0 0 1.33 1.99982424675 0.448664521539 50.3627253198 
  0.242513534834E-001 -.572192584186E-001 0.225700082857E-001 -.106884320521 0.151186123475 -.181383984635 0 0 0 0 0 0 1 0 0 0 1.474 2.08043412813 0.367762351759 41.1420711078 
  0.517799168970E-001 -.509050827519E-001 -.128872094001E-001 0.481421113093E-001 -.699772262746E-001 -.133093532575E-001 0 0 0 0 0 0 0 0 0 0 1.588 3.00511803784 2.00822353318 89.2391711487 
  -.327720993019E-002 -.489987532222E-001 0.472606644337E-001 -.782640561835E-001 0.780808242837E-001 -.498605556920E-001 0 0 0 0 0 0 1 1 0 0 1.588 2.31087750122 0.522551881771 45.5212532255 
  0.104870717766E-001 -.549258409283E-001 0.368046014653E-001 -.432837331037E-002 -.431286755062E-001 0.470145216883E-001 0 1 0 1 0 0 0 1 0 0 1.701 2.68831805145 0.974796934712 58.0433892679 
  0.104870717766E-001 -.549258409283E-001 0.368046014653E-001 0.521171480229E-002 -.516640198874E-001 0.412441127394E-001 0 0 0 0 0 1 0 0 0 0 1.729 2.46049666208 0.535087366638 42.3074992529 
  -.308057733438E-001 -.262435671627E-001 0.524896404288E-001 0.839174417317E-001 -.601184274372E-001 -.743523313151E-001 1 0 1 0 0 1 0 1 0 0 1.79 2.52434774174 0.539266605803 41.0250135052 
  0.120601325431 0.284695851910E-001 -.915722444327E-001 -.591838799582E-001 0.374634908137E-001 0.461817812961E-002 1 0 1 0 0 0 0 0 0 0 1.818 3.02732432265 1.46246531734 66.5194896945 
  -.583343367574E-001 0.110462997599E-001 0.295618176563E-001 -.925741883525E-001 0.112806579032 -.107596932631 1 0 1 0 1 0 1 0 0 0 1.885 2.35111631393 0.21726441811 24.7276559113 
  0.242513534834E-001 -.572192584186E-001 0.225700082857E-001 -.353336596765E-001 -.417370178378E-002 0.413040810471E-001 0 0 0 0 0 0 0 0 0 0 1.893 2.93630333061 1.08848183967 55.1137522775 
  -.996271818777E-001 0.942336267622E-001 -.766444861619E-001 0.441670745957E-003 -.475993360132E-001 0.445060929616E-001 0 0 0 0 0 0 0 1 0 0 1.899 3.22168112996 1.74948537155 69.6514549742 
  0.242513534834E-001 -.572192584186E-001 0.225700082857E-001 -.901891663243E-001 0.106765217845 -.968980825323E-001 1 0 1 0 0 0 0 0 0 0 1.928 2.71762536595 0.623508218548 40.9556725077 
  -.445700550506E-001 -.941546880927E-002 0.450887738020E-001 0.481421113093E-001 -.699772262746E-001 -.133093532575E-001 1 0 1 0 0 0 0 0 1 0 1.928 3.11635804409 1.41219484096 61.6368280131 
  -.308057733438E-001 -.262435671627E-001 0.524896404288E-001 0.167393212718 0.516928249617E-001 -.140940309893 0 1 0 0 0 0 1 0 1 0 1.928 2.61129310182 0.466889462993 35.4405135798 
  0.104870717766E-001 -.549258409283E-001 0.368046014653E-001 0.600672214501E-001 -.692283139510E-001 -.333484133910E-001 1 0 1 1 0 0 0 0 0 0 1.936 2.73346375641 0.63594844279 41.191309732 
  -.308057733438E-001 -.262435671627E-001 0.524896404288E-001 -.639539240145E-001 0.470088592319E-001 -.674889818720E-002 0 0 0 0 0 0 0 0 0 0 1.97 2.87397579812 0.817172243588 45.8870963513 
  -.445700550506E-001 -.941546880927E-002 0.450887738020E-001 -.114834393949E-001 -.356614785590E-001 0.492487269112E-001 0 0 0 0 0 0 1 0 0 0 2.055 2.60525005201 0.302775119738 26.7761582487 
  0.242513534834E-001 -.572192584186E-001 0.225700082857E-001 -.973442324088E-001 0.12519378388 -.130338790729 0 0 0 0 1 0 0 1 0 0 2.055 2.61268875376 0.311016746076 27.1381388693 
  -.583343367574E-001 0.110462997599E-001 0.295618176563E-001 -.663389460427E-001 0.519337846783E-001 -.129790840142E-001 1 0 0 0 0 0 0 0 1 0 2.082 3.2859321734 1.44945267815 57.8257528051 
  -.583343367574E-001 0.110462997599E-001 0.295618176563E-001 -.424887257610E-001 0.725176733413E-002 0.336165170755E-001 1 0 1 0 0 0 1 0 0 0 2.084 2.61589332194 0.282910505923 25.5227121852 
  0.380156351902E-001 -.558790056931E-001 0.564377472158E-002 -.305636156202E-001 -.112832104046E-001 0.449810580980E-001 1 0 1 1 0 0 0 0 0 0 2.084 2.69258045319 0.370370168 29.2025169475 
  0.104870717766E-001 -.549258409283E-001 0.368046014653E-001 0.195218469713E-001 -.614222117125E-001 0.274649948147E-001 1 0 0 0 0 0 0 0 0 0 2.1 3.37635496464 1.62908199576 60.7788078401 
  -.858629001710E-001 0.628708475456E-001 -.302179224987E-001 0.441670745957E-003 -.475993360132E-001 0.445060929616E-001 0 0 1 1 0 0 1 0 0 0 2.125 2.09848442773 0.703075572979E-003 1.24779163639 
  -.445700550506E-001 -.941546880927E-002 0.450887738020E-001 -.234085495357E-001 -.211862671492E-001 0.484564582082E-001 0 1 1 0 0 0 0 0 0 1 2.126 2.71655342083 0.348753342853 27.7776773673 
  -.170414916370E-001 -.394379953003E-001 0.528513073638E-001 0.441670745957E-003 -.475993360132E-001 0.445060929616E-001 1 0 1 1 0 0 1 1 0 0 2.187 2.31513415621 0.164183619869E-001 5.85890060389 
  0.517799168970E-001 -.509050827519E-001 -.128872094001E-001 0.441670745957E-003 -.475993360132E-001 0.445060929616E-001 0 1 0 0 0 0 1 0 0 0 2.187 2.55616997162 0.136286467948 16.8801998913 
  -.445700550506E-001 -.941546880927E-002 0.450887738020E-001 -.118809430662 0.18596016653 -.256162883551 0 0 1 0 0 0 1 0 0 0 2.211 1.71525918499 0.245758955671 22.4215655818 
  -.858629001710E-001 0.628708475456E-001 -.302179224987E-001 -.472587698173E-001 0.153762175372E-001 0.269663896226E-001 1 0 1 0 0 0 0 0 0 0 2.225 3.12659593796 0.812875235337 40.5211657508 
  0.242513534834E-001 -.572192584186E-001 0.225700082857E-001 -.591838799582E-001 0.374634908137E-001 0.461817812961E-002 0 0 0 1 0 0 0 1 0 0 2.24 2.54276014204 0.916637036060E-001 13.5160777695 
  -.445700550506E-001 -.941546880927E-002 0.450887738020E-001 -.496437918455E-001 0.195906838760E-001 0.231639955153E-001 0 0 0 0 0 0 0 0 0 0 2.24 2.9608712023 0.519655290305 32.1817501027 
  -.720986184642E-001 0.351417385449E-001 0.482188216506E-002 0.433720672529E-001 -.695663320965E-001 -.564200229439E-002 0 0 0 0 0 0 0 0 0 0 2.282 3.13546371856 0.728400318903 37.3998123822 
  -.720986184642E-001 0.351417385449E-001 0.482188216506E-002 -.472587698173E-001 0.153762175372E-001 0.269663896226E-001 0 1 1 1 0 0 0 0 0 0 2.296 2.40917606432 0.128088215350E-001 4.92927109408 
  -.445700550506E-001 -.941546880927E-002 0.450887738020E-001 -.210235275075E-001 -.242842977476E-001 0.490973140396E-001 1 0 1 1 0 0 1 0 0 0 2.296 2.33197699528 0.129434418938E-002 1.56694230314 
  -.308057733438E-001 -.262435671627E-001 0.524896404288E-001 -.711089900990E-001 0.620881180458E-001 -.265657592374E-001 0 0 0 1 0 0 0 0 0 1 2.301 2.52891901501 0.519470774051E-001 9.90521577637 
  0.380156351902E-001 -.558790056931E-001 0.564377472158E-002 -.806490782117E-001 0.836147146795E-001 -.584291700613E-001 0 0 0 0 0 0 0 0 0 0 2.325 2.73564697124 0.168630934986 17.662235322 
  0.106837043724 0.532731117088E-002 -.813208549259E-001 -.663389460427E-001 0.519337846783E-001 -.129790840142E-001 1 0 1 1 0 0 0 1 0 0 2.353 2.65083082512 0.887032003931E-001 12.6574936304 
  -.113391463585 0.129230076194 -.135544698651 -.472587698173E-001 0.153762175372E-001 0.269663896226E-001 1 0 0 0 0 0 0 0 0 0 2.353 3.5440297626 1.4185518954 50.6174994731 
  -.327720993019E-002 -.489987532222E-001 0.472606644337E-001 0.136387926351 -.435073341231E-002 -.140246079997 0 1 1 0 0 0 0 1 0 0 2.367 2.6607440634 0.862855747842E-001 12.4099731053 
  -.445700550506E-001 -.941546880927E-002 0.450887738020E-001 -.186385054794E-001 -.272808341878E-001 0.494903671793E-001 0 1 1 0 0 0 0 0 0 0 2.381 2.72542120682 0.118625967705 14.4654013783 
  0.104870717766E-001 -.549258409283E-001 0.368046014653E-001 -.591838799582E-001 0.374634908137E-001 0.461817812961E-002 0 1 1 0 0 0 0 0 0 0 2.381 2.53495682673 0.237027044957E-001 6.46605740137 
  -.113391463585 0.129230076194 -.135544698651 -.353336596765E-001 -.417370178378E-002 0.413040810471E-001 0 0 0 0 0 0 1 0 0 0 2.381 2.76310565406 0.146004730864 16.0481165082 
  -.327720993019E-002 -.489987532222E-001 0.472606644337E-001 -.234085495357E-001 -.211862671492E-001 0.484564582082E-001 0 0 0 0 0 0 0 0 0 0 2.41 2.97669289063 0.321140832295 23.5142278271 
  0.930727620174E-001 -.141812926335E-001 -.672397668423E-001 0.290619350839E-001 -.658977897647E-001 0.154794001986E-001 1 0 1 1 0 0 0 0 0 0 2.41 2.80946758296 0.159574349836 16.5754183801 
  -.170414916370E-001 -.394379953003E-001 0.528513073638E-001 0.441670745957E-003 -.475993360132E-001 0.445060929616E-001 1 0 1 0 0 0 0 1 0 0 2.41 3.07285675965 0.439379083814 27.504429861 
  -.858629001710E-001 0.628708475456E-001 -.302179224987E-001 -.234085495357E-001 -.211862671492E-001 0.484564582082E-001 1 0 1 0 0 0 0 0 0 1 2.414 3.19242706359 0.605948693337 32.2463572326 
  -.327720993019E-002 -.489987532222E-001 0.472606644337E-001 -.472587698173E-001 0.153762175372E-001 0.269663896226E-001 1 0 1 1 0 0 0 0 0 0 2.424 2.65280060186 0.523497154132E-001 9.43896872375 
  -.858629001710E-001 0.628708475456E-001 -.302179224987E-001 -.234085495357E-001 -.211862671492E-001 0.484564582082E-001 0 1 0 0 0 0 0 0 1 0 2.438 3.14278727683 0.496725105583 28.9084198864 
  0.380156351902E-001 -.558790056931E-001 0.564377472158E-002 0.576821994219E-001 -.695810847322E-001 -.292675013529E-001 0 0 0 1 0 1 0 1 0 0 2.442 2.14109384944 0.905445114431E-001 12.3221191874 
  -.445700550506E-001 -.941546880927E-002 0.450887738020E-001 -.591838799582E-001 0.374634908137E-001 0.461817812961E-002 0 0 0 0 0 0 0 0 0 1 2.45 2.92143605777 0.222251956567 19.2422880723 
  0.380156351902E-001 -.558790056931E-001 0.564377472158E-002 0.143542992436 0.705998306989E-002 -.143753008211 1 0 1 0 0 0 0 0 0 0 2.466 3.02571914301 0.313285519047 22.6974510546 
  -.127155745291 0.167860195843 -.208005449794 -.687239680708E-001 0.569602042829E-001 -.195825038154E-001 0 0 1 1 0 0 0 0 0 0 2.466 2.51114754093 0.203830045184E-002 1.83080052425 
  0.655441986038E-001 -.422974895948E-001 -.319360542526E-001 -.830341002398E-001 0.892500992334E-001 -.674106282836E-001 1 0 1 0 0 0 0 0 1 0 2.466 2.78987078664 0.104892286441 13.1334463359 
  -.127155745291 0.167860195843 -.208005449794 -.711089900990E-001 0.620881180458E-001 -.265657592374E-001 0 0 0 0 0 0 0 0 1 0 2.495 3.12480858053 0.396658848104 25.2428288788 
  -.327720993019E-002 -.489987532222E-001 0.472606644337E-001 -.854191222680E-001 0.949869779456E-001 -.768115320052E-001 0 0 1 0 0 0 0 0 0 0 2.495 2.39523920243 0.995221673126E-002 3.99842876021 
  -.858629001710E-001 0.628708475456E-001 -.302179224987E-001 0.290619350839E-001 -.658977897647E-001 0.154794001986E-001 0 1 0 0 0 1 0 0 0 0 2.495 2.63899325843 0.207340584730E-001 5.77127288292 
  -.308057733438E-001 -.262435671627E-001 0.524896404288E-001 0.441670745957E-003 -.475993360132E-001 0.445060929616E-001 1 0 1 0 0 1 0 0 0 1 2.495 2.54951081935 0.297142942597E-002 2.18480237867 
 Maximum absolute errors (%) on observed data points 
  189.488118192 
 
 
 Quality metrics for output Z1
 -----------------------------
 SSE OLR:           68.1
 SSE:               70.5
 RMSE:              0.611
 R2:                0.295
 R2 adjusted:       0.259
 Model size:        9
 BIC:               -139.
 Cp:                -53.5
 AICc:              -167.
 HQC:               -156.
 MSE:               0.394
 SSEp:              70.5
 RIC:               168.
 MADp:              189.

 BETAS and BASES chosen for this output
   1.48471421241978      age2
   1.57362286535722      lwt1
   1.31688149564672      lwt3
  0.368549121509996      white
 -0.318909334746767      smoke
 -0.307700949893895      ptl1
 -0.542935895282722      ht
 -0.450021653548878      ui
   3.02246685156887      1.00
 
 
 Total execution time 2.5 s
 Times breakdown
     OLR time:        1.8 s in 109294 ordinary linear regression problem(s)
     MIP time:        0.0 s in 0 quadratic integer problem(s)
     Simulation time: 0.0 s to simulate 0 point(s)
     All other time:  0.75 s in 1 iteration(s)
 
 Normal termination
 ***************************************************************************
